C51 COMPILER V9.50.0.0   LCD                                                               04/20/2016 10:09:19 PAGE 1   


C51 COMPILER V9.50.0.0, COMPILATION OF MODULE LCD
OBJECT MODULE PLACED IN LCD.OBJ
COMPILER INVOKED BY: C:\Keil\C51\BIN\C51.EXE LCD.c BROWSE DEBUG OBJECTEXTEND TABS(2)

line level    source

   1          #include <regx52.h>
   2          #include <lcd.h>
   3          code char text1[]={0x04,0x04,0x04,0x1f,0x04,0x04,0x04,0x00,
   4                             0x04,0x0a,0x11,0x11,0x11,0x0a,0x04,0x00,
   5                             0x00,0x02,0x09,0x15,0x15,0x09,0x06,0x00,
   6                             0x00,0x0f,0x05,0x05,0x09,0x09,0x09,0x00
   7          };
   8          //0x04,0x0a,0x15,0x15,0x15,0x0a,0x04,0x08,
   9          code char str2[]={"TOON WORK-SHOOP"};
  10          void main()
  11          {
  12   1        char i;
  13   1        init();
  14   1        wc(0x40);
  15   1        for(i=0;i<32;i++)
  16   1        { wd(text1[i]); }
  17   1        dp(2,6);
  18   1        for (i=0;i<4;i++)
  19   1        { wd(i); }
  20   1      
  21   1        dp(1,1);
  22   1        ds(str2);
  23   1        while(1);
  24   1      }


MODULE INFORMATION:   STATIC OVERLAYABLE
   CODE SIZE        =    207    ----
   CONSTANT SIZE    =     48    ----
   XDATA SIZE       =   ----    ----
   PDATA SIZE       =   ----    ----
   DATA SIZE        =   ----    ----
   IDATA SIZE       =   ----    ----
   BIT SIZE         =   ----    ----
END OF MODULE INFORMATION.


C51 COMPILATION COMPLETE.  0 WARNING(S),  0 ERROR(S)
