C51 COMPILER V9.50.0.0   WDT                                                               06/22/2016 09:25:53 PAGE 1   


C51 COMPILER V9.50.0.0, COMPILATION OF MODULE WDT
OBJECT MODULE PLACED IN WDT.OBJ
COMPILER INVOKED BY: C:\Keil\C51\BIN\C51.EXE WDT.c BROWSE DEBUG OBJECTEXTEND TABS(2)

line level    source

   1          #include<regx52.h>
   2          sfr WDTRST=0xA6;
   3          code char tab[]={0xc0,0xf9,0xa4,0xb0,0x99,0x92,0x82,0xf8,0x80,0x90};
   4          code char send[]={0,1,2,3,4,5,6,7,8,9};
   5          signed i;
   6          
   7          void delay(unsigned int time)
   8          {
   9   1        unsigned int cnt;
  10   1        while(time>0)
  11   1        {
  12   2          cnt=1000;
  13   2          while(cnt>0) cnt--;
  14   2          time--;
  15   2          WDTRST=0x1E;
  16   2          WDTRST=0xE1;
  17   2        }
  18   1      }
  19          void main(void)
  20          {
  21   1        TMOD=0x20;
  22   1        TH1=243;
  23   1        TR1=1;
  24   1        SCON=0x50;
  25   1        WDTRST=0x1E;
  26   1        WDTRST=0xE1;
  27   1        while(1)
  28   1        {
  29   2          for(i=0;i<10;i++)
  30   2          {
  31   3            SBUF=send[i];
  32   3            while(TI==0);
  33   3            TI=0;
  34   3            while(RI==0);
  35   3            RI=0;
  36   3            P2=tab[SBUF];
  37   3            delay(100);
  38   3          }
  39   2        }
  40   1      }


MODULE INFORMATION:   STATIC OVERLAYABLE
   CODE SIZE        =    121    ----
   CONSTANT SIZE    =     20    ----
   XDATA SIZE       =   ----    ----
   PDATA SIZE       =   ----    ----
   DATA SIZE        =      2    ----
   IDATA SIZE       =   ----    ----
   BIT SIZE         =   ----    ----
END OF MODULE INFORMATION.


C51 COMPILATION COMPLETE.  0 WARNING(S),  0 ERROR(S)
