C51 COMPILER V9.50.0.0   KEYPAD                                                            03/02/2016 10:20:44 PAGE 1   


C51 COMPILER V9.50.0.0, COMPILATION OF MODULE KEYPAD
OBJECT MODULE PLACED IN keypad.OBJ
COMPILER INVOKED BY: C:\Keil\C51\BIN\C51.EXE keypad.c BROWSE DEBUG OBJECTEXTEND TABS(2)

line level    source

   1          #include <regx52.h>
   2          code wtf[]={0x3f,0x06,0x5b,0x4f,0x66,0x6d,0x7d,0x27,0x7f,0x6f,0x5f,0x7c,0x58,0x5e,0x79,0x71,0x7f};
   3          code fxxk[]={0x7f,0xbf,0xdf,0xef};
   4          char key=16;
   5          char disp[4],i;
   6          void deplay(int t)
   7          {while(t>0) t--; }
   8          
   9          void display()
  10          {
  11   1          P0=0XFF;
  12   1          P1=disp[i];
  13   1          P0=fxxk[i];
  14   1          i++;
  15   1          if(i>=4) i=0;
  16   1        deplay(100);
  17   1      }
  18          
  19          int main()
  20          {
  21   1          P3=0xfe;
  22   1            if(P3_4==0) {key=7; disp[3]=disp[2];disp[2]=disp[1];disp[1]=disp[0];disp[0]=wtf[key];while(P3_4==0) dis
             -play();}
  23   1            if(P3_5==0) {key=8; disp[3]=disp[2];disp[2]=disp[1];disp[1]=disp[0];disp[0]=wtf[key];while(P3_5==0) dis
             -play();}
  24   1            if(P3_6==0) {key=9; disp[3]=disp[2];disp[2]=disp[1];disp[1]=disp[0];disp[0]=wtf[key];while(P3_6==0) dis
             -play();}
  25   1            if(P3_7==0) {key=16; disp[3]=disp[2];disp[2]=disp[1];disp[1]=disp[0];disp[0]=wtf[key];while(P3_7==0) di
             -splay();}
  26   1          P3=0XFD;
  27   1            if(P3_4==0) {key=4; disp[3]=disp[2];disp[2]=disp[1];disp[1]=disp[0];disp[0]=wtf[key];while(P3_4==0) dis
             -play();}
  28   1            if(P3_5==0) {key=5; disp[3]=disp[2];disp[2]=disp[1];disp[1]=disp[0];disp[0]=wtf[key];while(P3_5==0) dis
             -play();}
  29   1            if(P3_6==0) {key=6; disp[3]=disp[2];disp[2]=disp[1];disp[1]=disp[0];disp[0]=wtf[key];while(P3_6==0) dis
             -play();}
  30   1            if(P3_7==0) {key=16; disp[3]=disp[2];disp[2]=disp[1];disp[1]=disp[0];disp[0]=wtf[key];while(P3_7==0) di
             -splay();}
  31   1          P3=0xfB;
  32   1            if(P3_4==0) {key=1; disp[3]=disp[2];disp[2]=disp[1];disp[1]=disp[0];disp[0]=wtf[key];while(P3_4==0) dis
             -play();}
  33   1            if(P3_5==0) {key=2; disp[3]=disp[2];disp[2]=disp[1];disp[1]=disp[0];disp[0]=wtf[key];while(P3_5==0) dis
             -play();}
  34   1            if(P3_6==0) {key=3; disp[3]=disp[2];disp[2]=disp[1];disp[1]=disp[0];disp[0]=wtf[key];while(P3_6==0) dis
             -play();}
  35   1            if(P3_7==0) {key=16; disp[3]=disp[2];disp[2]=disp[1];disp[1]=disp[0];disp[0]=wtf[key];while(P3_7==0) di
             -splay();}
  36   1          P3=0xf7;
  37   1            if(P3_4==0) {key=16; disp[3]=disp[2];disp[2]=disp[1];disp[1]=disp[0];disp[0]=wtf[key];while(P3_4==0) di
             -splay();}
  38   1            if(P3_5==0) {key=0; disp[3]=disp[2];disp[2]=disp[1];disp[1]=disp[0];disp[0]=wtf[key];while(P3_5==0) dis
             -play();}
  39   1            if(P3_6==0) {key=16; disp[3]=disp[2];disp[2]=disp[1];disp[1]=disp[0];disp[0]=wtf[key];while(P3_6==0) di
             -splay();}
  40   1            if(P3_7==0) {key=16; disp[3]=disp[2];disp[2]=disp[1];disp[1]=disp[0];disp[0]=wtf[key];while(P3_7==0) di
C51 COMPILER V9.50.0.0   KEYPAD                                                            03/02/2016 10:20:44 PAGE 2   

             -splay();}
  41   1        display();
  42   1      }
*** WARNING C290 IN LINE 42 OF keypad.c: missing return value


MODULE INFORMATION:   STATIC OVERLAYABLE
   CODE SIZE        =    927    ----
   CONSTANT SIZE    =     42    ----
   XDATA SIZE       =   ----    ----
   PDATA SIZE       =   ----    ----
   DATA SIZE        =      6    ----
   IDATA SIZE       =   ----    ----
   BIT SIZE         =   ----    ----
END OF MODULE INFORMATION.


C51 COMPILATION COMPLETE.  1 WARNING(S),  0 ERROR(S)
