C51 COMPILER V9.51   LED_DOT                                                               03/15/2016 23:52:19 PAGE 1   


C51 COMPILER V9.51, COMPILATION OF MODULE LED_DOT
OBJECT MODULE PLACED IN LED_dot.OBJ
COMPILER INVOKED BY: C:\Keil\C51\BIN\C51.EXE LED_dot.c BROWSE DEBUG OBJECTEXTEND TABS(2)

line level    source

   1          #include<reg51.h>
   2          code char font[]={0,0x3c,0x24,0xff,0xff,0x24,0x3c,0};
   3          void deplay(unsigned t)
   4          { while(t>0)  t--;}
   5          void main()
   6          {
   7   1        unsigned char i,j;
   8   1        while(1)
   9   1        {
  10   2          for(i=0,j=0x80;i<8;i++,j=j>>1)
  11   2          {
  12   3            P1=0xff;
  13   3            P0=j;
  14   3            P1=~font[i];
  15   3            deplay(100);
  16   3          }
  17   2        }
  18   1      }


MODULE INFORMATION:   STATIC OVERLAYABLE
   CODE SIZE        =     54    ----
   CONSTANT SIZE    =      8    ----
   XDATA SIZE       =   ----    ----
   PDATA SIZE       =   ----    ----
   DATA SIZE        =   ----    ----
   IDATA SIZE       =   ----    ----
   BIT SIZE         =   ----    ----
END OF MODULE INFORMATION.


C51 COMPILATION COMPLETE.  0 WARNING(S),  0 ERROR(S)
