C51 COMPILER V9.50.0.0   LED_7_Q                                                           10/28/2015 10:11:31 PAGE 1   


C51 COMPILER V9.50.0.0, COMPILATION OF MODULE LED_7_Q
OBJECT MODULE PLACED IN LED_7¬q.OBJ
COMPILER INVOKED BY: C:\Keil\C51\BIN\C51.EXE LED_7¬q.c BROWSE DEBUG OBJECTEXTEND TABS(2)

line level    source

   1          #include <regx52.h>
   2          #define LED P3
   3          #define LED2 P2
   4          code wtf[]={0xc0,0xf9,0xa4,0xb0,0x99,0x92,0x82,0xf8,0x80,0x90};
   5          void deplay(int t)
   6          {while(t>0) t--; }
   7          int main()
   8          {
   9   1        int i;
  10   1        while(1)
  11   1        {
  12   2          for(i=0;i<=99;i++)
  13   2          {
  14   3            if (i<10)
  15   3            {
  16   4              LED=wtf[i%10];
  17   4              LED2=0xff;
  18   4              deplay(1000000);
  19   4            }else
  20   3            {
  21   4              LED=wtf[i%10];
  22   4              LED2=wtf[i/10];
  23   4              deplay(1000000);
  24   4            }
  25   3          }
  26   2        }
  27   1      }


MODULE INFORMATION:   STATIC OVERLAYABLE
   CODE SIZE        =    150    ----
   CONSTANT SIZE    =     20    ----
   XDATA SIZE       =   ----    ----
   PDATA SIZE       =   ----    ----
   DATA SIZE        =   ----    ----
   IDATA SIZE       =   ----    ----
   BIT SIZE         =   ----    ----
END OF MODULE INFORMATION.


C51 COMPILATION COMPLETE.  0 WARNING(S),  0 ERROR(S)
