Flow report for decoder
Thu Dec 17 12:03:01 2015
Quartus II 64-Bit Version 13.0.1 Build 232 06/12/2013 Service Pack 1 SJ Full Version


---------------------
; Table of Contents ;
---------------------
  1. Legal Notice
  2. Flow Summary
  3. Flow Settings
  4. Flow Non-Default Global Settings
  5. Flow Elapsed Time
  6. Flow OS Summary
  7. Flow Log
  8. Flow Messages
  9. Flow Suppressed Messages



----------------
; Legal Notice ;
----------------
Copyright (C) 1991-2013 Altera Corporation
Your use of Altera Corporation's design tools, logic functions 
and other software and tools, and its AMPP partner logic 
functions, and any output files from any of the foregoing 
(including device programming or simulation files), and any 
associated documentation or information are expressly subject 
to the terms and conditions of the Altera Program License 
Subscription Agreement, Altera MegaCore Function License 
Agreement, or other applicable license agreement, including, 
without limitation, that your use is for the sole purpose of 
programming logic devices manufactured by Altera and sold by 
Altera or its authorized distributors.  Please refer to the 
applicable agreement for further details.



+------------------------------------------------------------------------------+
; Flow Summary                                                                 ;
+---------------------------+--------------------------------------------------+
; Flow Status               ; Successful - Thu Dec 17 12:03:01 2015            ;
; Quartus II 64-Bit Version ; 13.0.1 Build 232 06/12/2013 SP 1 SJ Full Version ;
; Revision Name             ; decoder                                          ;
; Top-level Entity Name     ; decoder                                          ;
; Family                    ; MAX II                                           ;
; Device                    ; EPM570T144C5                                     ;
; Timing Models             ; Final                                            ;
; Total logic elements      ; 48 / 570 ( 8 % )                                 ;
; Total pins                ; 11 / 116 ( 9 % )                                 ;
; Total virtual pins        ; 0                                                ;
; UFM blocks                ; 0 / 1 ( 0 % )                                    ;
+---------------------------+--------------------------------------------------+


+-----------------------------------------+
; Flow Settings                           ;
+-------------------+---------------------+
; Option            ; Setting             ;
+-------------------+---------------------+
; Start date & time ; 12/17/2015 11:54:48 ;
; Main task         ; Compilation         ;
; Revision Name     ; decoder             ;
+-------------------+---------------------+


+-------------------------------------------------------------------------------------------------------+
; Flow Non-Default Global Settings                                                                      ;
+--------------------------+---------------------------------+---------------+-------------+------------+
; Assignment Name          ; Value                           ; Default Value ; Entity Name ; Section Id ;
+--------------------------+---------------------------------+---------------+-------------+------------+
; COMPILER_SIGNATURE_ID    ; 128437433388229.145032448804296 ; --            ; --          ; --         ;
; MAX_CORE_JUNCTION_TEMP   ; 85                              ; --            ; --          ; --         ;
; MIN_CORE_JUNCTION_TEMP   ; 0                               ; --            ; --          ; --         ;
; PROJECT_OUTPUT_DIRECTORY ; output_files                    ; --            ; --          ; --         ;
+--------------------------+---------------------------------+---------------+-------------+------------+


+-------------------------------------------------------------------------------------------------------------------------------+
; Flow Elapsed Time                                                                                                             ;
+---------------------------+--------------+-------------------------+---------------------+------------------------------------+
; Module Name               ; Elapsed Time ; Average Processors Used ; Peak Virtual Memory ; Total CPU Time (on all processors) ;
+---------------------------+--------------+-------------------------+---------------------+------------------------------------+
; Analysis & Synthesis      ; 00:00:01     ; 1.0                     ; 430 MB              ; 00:00:01                           ;
; Fitter                    ; 00:00:01     ; 1.0                     ; 968 MB              ; 00:00:02                           ;
; Assembler                 ; 00:00:01     ; 1.0                     ; 383 MB              ; 00:00:00                           ;
; TimeQuest Timing Analyzer ; 00:00:01     ; 1.0                     ; 415 MB              ; 00:00:01                           ;
; EDA Netlist Writer        ; 00:00:01     ; 1.0                     ; 368 MB              ; 00:00:00                           ;
; EDA Netlist Writer        ; 00:00:00     ; 1.0                     ; 368 MB              ; 00:00:01                           ;
; EDA Netlist Writer        ; 00:00:01     ; 1.0                     ; 368 MB              ; 00:00:01                           ;
; EDA Netlist Writer        ; 00:00:00     ; 1.0                     ; 368 MB              ; 00:00:01                           ;
; EDA Netlist Writer        ; 00:00:01     ; 1.0                     ; 368 MB              ; 00:00:00                           ;
; EDA Netlist Writer        ; 00:00:01     ; 1.0                     ; 368 MB              ; 00:00:01                           ;
; Total                     ; 00:00:08     ; --                      ; --                  ; 00:00:08                           ;
+---------------------------+--------------+-------------------------+---------------------+------------------------------------+


+----------------------------------------------------------------------------------------+
; Flow OS Summary                                                                        ;
+---------------------------+------------------+-----------+------------+----------------+
; Module Name               ; Machine Hostname ; OS Name   ; OS Version ; Processor type ;
+---------------------------+------------------+-----------+------------+----------------+
; Analysis & Synthesis      ; Asus7-13         ; Windows 7 ; 6.1        ; x86_64         ;
; Fitter                    ; Asus7-13         ; Windows 7 ; 6.1        ; x86_64         ;
; Assembler                 ; Asus7-13         ; Windows 7 ; 6.1        ; x86_64         ;
; TimeQuest Timing Analyzer ; Asus7-13         ; Windows 7 ; 6.1        ; x86_64         ;
; EDA Netlist Writer        ; Asus7-13         ; Windows 7 ; 6.1        ; x86_64         ;
; EDA Netlist Writer        ; Asus7-13         ; Windows 7 ; 6.1        ; x86_64         ;
; EDA Netlist Writer        ; Asus7-13         ; Windows 7 ; 6.1        ; x86_64         ;
; EDA Netlist Writer        ; Asus7-13         ; Windows 7 ; 6.1        ; x86_64         ;
; EDA Netlist Writer        ; Asus7-13         ; Windows 7 ; 6.1        ; x86_64         ;
; EDA Netlist Writer        ; Asus7-13         ; Windows 7 ; 6.1        ; x86_64         ;
+---------------------------+------------------+-----------+------------+----------------+


------------
; Flow Log ;
------------
quartus_map --read_settings_files=on --write_settings_files=off decoder -c decoder
quartus_fit --read_settings_files=off --write_settings_files=off decoder -c decoder
quartus_asm --read_settings_files=off --write_settings_files=off decoder -c decoder
quartus_sta decoder -c decoder
quartus_eda --gen_testbench --check_outputs=on --tool=modelsim_oem --format=verilog decoder -c decoder --vector_source=C:/Users/User/Desktop/1041217/output_files/Waveform.vwf --testbench_file=./simulation/qsim/decoder.vt
quartus_eda --functional=on --simulation=on --tool=modelsim_oem --format=verilog decoder -c decoder
quartus_eda --gen_testbench --check_outputs=on --tool=modelsim_oem --format=verilog decoder -c decoder --vector_source=C:/Users/User/Desktop/1041217/output_files/Waveform1.vwf --testbench_file=./simulation/qsim/decoder.vt
quartus_eda --functional=on --simulation=on --tool=modelsim_oem --format=verilog decoder -c decoder
quartus_eda --gen_testbench --check_outputs=on --tool=modelsim_oem --format=verilog decoder -c decoder --vector_source=C:/Users/User/Desktop/1041217/output_files/Waveform1.vwf --testbench_file=./simulation/qsim/decoder.vt
quartus_eda --functional=on --simulation=on --tool=modelsim_oem --format=verilog decoder -c decoder



