Flow report for encoder
Thu Dec 17 11:18:20 2015
Quartus II 64-Bit Version 13.0.1 Build 232 06/12/2013 Service Pack 1 SJ Full Version


---------------------
; Table of Contents ;
---------------------
  1. Legal Notice
  2. Flow Summary
  3. Flow Settings
  4. Flow Non-Default Global Settings
  5. Flow Elapsed Time
  6. Flow OS Summary
  7. Flow Log
  8. Flow Messages
  9. Flow Suppressed Messages



----------------
; Legal Notice ;
----------------
Copyright (C) 1991-2013 Altera Corporation
Your use of Altera Corporation's design tools, logic functions 
and other software and tools, and its AMPP partner logic 
functions, and any output files from any of the foregoing 
(including device programming or simulation files), and any 
associated documentation or information are expressly subject 
to the terms and conditions of the Altera Program License 
Subscription Agreement, Altera MegaCore Function License 
Agreement, or other applicable license agreement, including, 
without limitation, that your use is for the sole purpose of 
programming logic devices manufactured by Altera and sold by 
Altera or its authorized distributors.  Please refer to the 
applicable agreement for further details.



+------------------------------------------------------------------------------+
; Flow Summary                                                                 ;
+---------------------------+--------------------------------------------------+
; Flow Status               ; Successful - Thu Dec 17 11:18:20 2015            ;
; Quartus II 64-Bit Version ; 13.0.1 Build 232 06/12/2013 SP 1 SJ Full Version ;
; Revision Name             ; encoder                                          ;
; Top-level Entity Name     ; encoder                                          ;
; Family                    ; MAX II                                           ;
; Device                    ; EPM570T144C5                                     ;
; Timing Models             ; Final                                            ;
; Total logic elements      ; 10 / 570 ( 2 % )                                 ;
; Total pins                ; 14 / 116 ( 12 % )                                ;
; Total virtual pins        ; 0                                                ;
; UFM blocks                ; 0 / 1 ( 0 % )                                    ;
+---------------------------+--------------------------------------------------+


+-----------------------------------------+
; Flow Settings                           ;
+-------------------+---------------------+
; Option            ; Setting             ;
+-------------------+---------------------+
; Start date & time ; 12/17/2015 11:11:10 ;
; Main task         ; Compilation         ;
; Revision Name     ; encoder             ;
+-------------------+---------------------+


+------------------------------------------------------------------------------------------------------------------+
; Flow Non-Default Global Settings                                                                                 ;
+-------------------------------------+---------------------------------+---------------+-------------+------------+
; Assignment Name                     ; Value                           ; Default Value ; Entity Name ; Section Id ;
+-------------------------------------+---------------------------------+---------------+-------------+------------+
; COMPILER_SIGNATURE_ID               ; 128437433388229.145032187002528 ; --            ; --          ; --         ;
; MAX_CORE_JUNCTION_TEMP              ; 85                              ; --            ; --          ; --         ;
; MIN_CORE_JUNCTION_TEMP              ; 0                               ; --            ; --          ; --         ;
; PARTITION_COLOR                     ; 16764057                        ; --            ; --          ; Top        ;
; PARTITION_FITTER_PRESERVATION_LEVEL ; PLACEMENT_AND_ROUTING           ; --            ; --          ; Top        ;
; PARTITION_NETLIST_TYPE              ; SOURCE                          ; --            ; --          ; Top        ;
; PROJECT_OUTPUT_DIRECTORY            ; output_files                    ; --            ; --          ; --         ;
+-------------------------------------+---------------------------------+---------------+-------------+------------+


+-------------------------------------------------------------------------------------------------------------------------------+
; Flow Elapsed Time                                                                                                             ;
+---------------------------+--------------+-------------------------+---------------------+------------------------------------+
; Module Name               ; Elapsed Time ; Average Processors Used ; Peak Virtual Memory ; Total CPU Time (on all processors) ;
+---------------------------+--------------+-------------------------+---------------------+------------------------------------+
; Analysis & Synthesis      ; 00:00:01     ; 1.0                     ; 430 MB              ; 00:00:01                           ;
; Fitter                    ; 00:00:03     ; 2.5                     ; 964 MB              ; 00:00:01                           ;
; Assembler                 ; 00:00:01     ; 1.0                     ; 383 MB              ; 00:00:00                           ;
; TimeQuest Timing Analyzer ; 00:00:02     ; 1.0                     ; 409 MB              ; 00:00:01                           ;
; EDA Netlist Writer        ; 00:00:01     ; 1.0                     ; 379 MB              ; 00:00:00                           ;
; EDA Netlist Writer        ; 00:00:01     ; 1.0                     ; 379 MB              ; 00:00:01                           ;
; EDA Netlist Writer        ; 00:00:01     ; 1.0                     ; 379 MB              ; 00:00:00                           ;
; EDA Netlist Writer        ; 00:00:01     ; 1.0                     ; 379 MB              ; 00:00:01                           ;
; Total                     ; 00:00:11     ; --                      ; --                  ; 00:00:05                           ;
+---------------------------+--------------+-------------------------+---------------------+------------------------------------+


+----------------------------------------------------------------------------------------+
; Flow OS Summary                                                                        ;
+---------------------------+------------------+-----------+------------+----------------+
; Module Name               ; Machine Hostname ; OS Name   ; OS Version ; Processor type ;
+---------------------------+------------------+-----------+------------+----------------+
; Analysis & Synthesis      ; Asus7-13         ; Windows 7 ; 6.1        ; x86_64         ;
; Fitter                    ; Asus7-13         ; Windows 7 ; 6.1        ; x86_64         ;
; Assembler                 ; Asus7-13         ; Windows 7 ; 6.1        ; x86_64         ;
; TimeQuest Timing Analyzer ; Asus7-13         ; Windows 7 ; 6.1        ; x86_64         ;
; EDA Netlist Writer        ; Asus7-13         ; Windows 7 ; 6.1        ; x86_64         ;
; EDA Netlist Writer        ; Asus7-13         ; Windows 7 ; 6.1        ; x86_64         ;
; EDA Netlist Writer        ; Asus7-13         ; Windows 7 ; 6.1        ; x86_64         ;
; EDA Netlist Writer        ; Asus7-13         ; Windows 7 ; 6.1        ; x86_64         ;
+---------------------------+------------------+-----------+------------+----------------+


------------
; Flow Log ;
------------
quartus_map --read_settings_files=on --write_settings_files=off encoder -c encoder
quartus_fit --read_settings_files=off --write_settings_files=off encoder -c encoder
quartus_asm --read_settings_files=off --write_settings_files=off encoder -c encoder
quartus_sta encoder -c encoder
quartus_eda --gen_testbench --check_outputs=on --tool=modelsim_oem --format=verilog encoder -c encoder --vector_source=C:/Users/User/Desktop/1041217/Waveform.vwf --testbench_file=./simulation/qsim/encoder.vt
quartus_eda --functional=on --simulation=on --tool=modelsim_oem --format=verilog encoder -c encoder
quartus_eda --gen_testbench --check_outputs=on --tool=modelsim_oem --format=verilog encoder -c encoder --vector_source=C:/Users/User/Desktop/1041217/Waveform.vwf --testbench_file=./simulation/qsim/encoder.vt
quartus_eda --functional=on --simulation=on --tool=modelsim_oem --format=verilog encoder -c encoder



