C51 COMPILER V9.50.0.0   1041118                                                           02/24/2016 10:06:02 PAGE 1   


C51 COMPILER V9.50.0.0, COMPILATION OF MODULE 1041118
OBJECT MODULE PLACED IN 1041118.OBJ
COMPILER INVOKED BY: C:\Keil\C51\BIN\C51.EXE 1041118.c BROWSE DEBUG OBJECTEXTEND TABS(2)

line level    source

   1          #include <regx52.h>
   2          code wtf[]={0xc0,0xf9,0xa4,0xb0,0x99,0x92,0x82,0xf8,0x80,0x90};
   3          code fxxk[]={0x7f,0xbf,0xdf,0xef};
   4          void deplay(int t)
   5          {while(t>0) t--; }
   6          
   7          int main()
   8          {
   9   1        unsigned int time,count=0,i;
  10   1        char disp[4];
  11   1        while(1)
  12   1        {
  13   2          P0=0XFF;
  14   2          P1=disp[i];
  15   2          P0=fxxk[i];
  16   2          i++;
  17   2          if(i>=4) i=0;
  18   2          deplay(200);
  19   2          time++;
  20   2          if(time>=100)
  21   2          {
  22   3            time=0;
  23   3            if(count>=10) count=0;
  24   3            disp[0]=disp[1];
  25   3            disp[1]=disp[2];
  26   3            disp[2]=disp[3];
  27   3            disp[3]=~wtf[count];
  28   3            count++;
  29   3          }
  30   2        }
  31   1      }


MODULE INFORMATION:   STATIC OVERLAYABLE
   CODE SIZE        =    159    ----
   CONSTANT SIZE    =     28    ----
   XDATA SIZE       =   ----    ----
   PDATA SIZE       =   ----    ----
   DATA SIZE        =   ----       8
   IDATA SIZE       =   ----    ----
   BIT SIZE         =   ----    ----
END OF MODULE INFORMATION.


C51 COMPILATION COMPLETE.  0 WARNING(S),  0 ERROR(S)
