C51 COMPILER V9.50.0.0   SEND_DATA                                                         06/08/2016 10:10:30 PAGE 1   


C51 COMPILER V9.50.0.0, COMPILATION OF MODULE SEND_DATA
OBJECT MODULE PLACED IN send_data.OBJ
COMPILER INVOKED BY: C:\Keil\C51\BIN\C51.EXE send_data.c BROWSE DEBUG OBJECTEXTEND TABS(2)

line level    source

   1          #include<regx51.h>
   2          #define send P2
   3          void main()
   4          {
   5   1        send=0xff;
   6   1        TMOD=0X20;
   7   1        TH1=244;
   8   1        PCON=0X80;
   9   1        TR1=1;
  10   1        SM1=1;
  11   1        while(1)
  12   1        {
  13   2          TI=0;
  14   2          SBUF=send;
  15   2          while(TI==0);
  16   2        }
  17   1      }


MODULE INFORMATION:   STATIC OVERLAYABLE
   CODE SIZE        =     26    ----
   CONSTANT SIZE    =   ----    ----
   XDATA SIZE       =   ----    ----
   PDATA SIZE       =   ----    ----
   DATA SIZE        =   ----    ----
   IDATA SIZE       =   ----    ----
   BIT SIZE         =   ----    ----
END OF MODULE INFORMATION.


C51 COMPILATION COMPLETE.  0 WARNING(S),  0 ERROR(S)
