C51 COMPILER V9.51   1__LED_G_T                                                            09/05/2015 05:16:30 PAGE 1   


C51 COMPILER V9.51, COMPILATION OF MODULE 1__LED_G_T
OBJECT MODULE PLACED IN 1ÁûLED«G·t.OBJ
COMPILER INVOKED BY: C:\Keil\C51\BIN\C51.EXE 1ÁûLED«G·t.c BROWSE DEBUG OBJECTEXTEND TABS(2)

line level    source

   1          #include<regx52.h>
   2          #include<delay.h>
   3          void main(void)
   4          { while(1)
   5   1        { P0_7=0;
   6   2          delay_10us(50000);
   7   2          P0_7=1;
   8   2          delay_10us(50000);
   9   2        } 
  10   1      } 


MODULE INFORMATION:   STATIC OVERLAYABLE
   CODE SIZE        =     20    ----
   CONSTANT SIZE    =   ----    ----
   XDATA SIZE       =   ----    ----
   PDATA SIZE       =   ----    ----
   DATA SIZE        =   ----    ----
   IDATA SIZE       =   ----    ----
   BIT SIZE         =   ----    ----
END OF MODULE INFORMATION.


C51 COMPILATION COMPLETE.  0 WARNING(S),  0 ERROR(S)
