C51 COMPILER V9.50.0.0   4XLED_7_Q                                                         11/18/2015 09:11:45 PAGE 1   


C51 COMPILER V9.50.0.0, COMPILATION OF MODULE 4XLED_7_Q
OBJECT MODULE PLACED IN 4xLED_7¬q.OBJ
COMPILER INVOKED BY: C:\Keil\C51\BIN\C51.EXE 4xLED_7¬q.c BROWSE DEBUG OBJECTEXTEND TABS(2)

line level    source

   1          #include <regx52.h>
   2          code wtf[]={0xc0,0xf9,0xa4,0xb0,0x99,0x92,0x82,0xf8,0x80,0x90};
   3          code fxxk[]={0x7f,0xbf,0xdf,0xef};
   4          void deplay(int t)
   5          {while(t>0) t--; }
   6          
   7          int main()
   8          {
   9   1        int time,count=0,i,t1,t2,hour=11,min=58;
  10   1        char disp[4];
  11   1        count=hour*60+min;
  12   1        while(1)
  13   1        {
  14   2          P0=0XFF;
  15   2          P1=disp[i];
  16   2          P0=fxxk[i];
  17   2          i++;
  18   2          if(i>=4) i=0;
  19   2          deplay(100);
  20   2          time++;
  21   2          if(time>=500)
  22   2          {
  23   3            time=0;
  24   3            count++;
  25   3            if(count>=720) count=0;
  26   3            disp[0]=~wtf[count/600];t1=count%600;
  27   3            disp[1]=~wtf[t1/60];t2=count%60;
  28   3            disp[2]=~wtf[t2/10];
  29   3            disp[3]=~wtf[count%10];
  30   3          }
  31   2        }
  32   1      }


MODULE INFORMATION:   STATIC OVERLAYABLE
   CODE SIZE        =    315    ----
   CONSTANT SIZE    =     28    ----
   XDATA SIZE       =   ----    ----
   PDATA SIZE       =   ----    ----
   DATA SIZE        =   ----      12
   IDATA SIZE       =   ----    ----
   BIT SIZE         =   ----    ----
END OF MODULE INFORMATION.


C51 COMPILATION COMPLETE.  0 WARNING(S),  0 ERROR(S)
