Analysis & Synthesis report for 4xLED
Thu Dec 03 11:35:05 2015
Quartus II 64-Bit Version 13.0.1 Build 232 06/12/2013 Service Pack 1 SJ Full Version


---------------------
; Table of Contents ;
---------------------
  1. Legal Notice
  2. Analysis & Synthesis Summary
  3. Analysis & Synthesis Settings
  4. Parallel Compilation
  5. Analysis & Synthesis Source Files Read
  6. Analysis & Synthesis Resource Usage Summary
  7. Analysis & Synthesis Resource Utilization by Entity
  8. General Register Statistics
  9. Parameter Settings for User Entity Instance: 74163:inst8
 10. Parameter Settings for User Entity Instance: 74163:inst9
 11. Analysis & Synthesis Messages



----------------
; Legal Notice ;
----------------
Copyright (C) 1991-2013 Altera Corporation
Your use of Altera Corporation's design tools, logic functions 
and other software and tools, and its AMPP partner logic 
functions, and any output files from any of the foregoing 
(including device programming or simulation files), and any 
associated documentation or information are expressly subject 
to the terms and conditions of the Altera Program License 
Subscription Agreement, Altera MegaCore Function License 
Agreement, or other applicable license agreement, including, 
without limitation, that your use is for the sole purpose of 
programming logic devices manufactured by Altera and sold by 
Altera or its authorized distributors.  Please refer to the 
applicable agreement for further details.



+--------------------------------------------------------------------------------+
; Analysis & Synthesis Summary                                                   ;
+-----------------------------+--------------------------------------------------+
; Analysis & Synthesis Status ; Successful - Thu Dec 03 11:35:05 2015            ;
; Quartus II 64-Bit Version   ; 13.0.1 Build 232 06/12/2013 SP 1 SJ Full Version ;
; Revision Name               ; 4xLED                                            ;
; Top-level Entity Name       ; 4xLED                                            ;
; Family                      ; MAX II                                           ;
; Total logic elements        ; 104                                              ;
; Total pins                  ; 16                                               ;
; Total virtual pins          ; 0                                                ;
; UFM blocks                  ; 0 / 1 ( 0 % )                                    ;
+-----------------------------+--------------------------------------------------+


+----------------------------------------------------------------------------------------------------------------------+
; Analysis & Synthesis Settings                                                                                        ;
+----------------------------------------------------------------------------+--------------------+--------------------+
; Option                                                                     ; Setting            ; Default Value      ;
+----------------------------------------------------------------------------+--------------------+--------------------+
; Device                                                                     ; EPM570T144C5       ;                    ;
; Top-level entity name                                                      ; 4xLED              ; 4xLED              ;
; Family name                                                                ; MAX II             ; Cyclone IV GX      ;
; Use smart compilation                                                      ; Off                ; Off                ;
; Enable parallel Assembler and TimeQuest Timing Analyzer during compilation ; On                 ; On                 ;
; Enable compact report table                                                ; Off                ; Off                ;
; Restructure Multiplexers                                                   ; Auto               ; Auto               ;
; Create Debugging Nodes for IP Cores                                        ; Off                ; Off                ;
; Preserve fewer node names                                                  ; On                 ; On                 ;
; Disable OpenCore Plus hardware evaluation                                  ; Off                ; Off                ;
; Verilog Version                                                            ; Verilog_2001       ; Verilog_2001       ;
; VHDL Version                                                               ; VHDL_1993          ; VHDL_1993          ;
; State Machine Processing                                                   ; Auto               ; Auto               ;
; Safe State Machine                                                         ; Off                ; Off                ;
; Extract Verilog State Machines                                             ; On                 ; On                 ;
; Extract VHDL State Machines                                                ; On                 ; On                 ;
; Ignore Verilog initial constructs                                          ; Off                ; Off                ;
; Iteration limit for constant Verilog loops                                 ; 5000               ; 5000               ;
; Iteration limit for non-constant Verilog loops                             ; 250                ; 250                ;
; Add Pass-Through Logic to Inferred RAMs                                    ; On                 ; On                 ;
; Infer RAMs from Raw Logic                                                  ; On                 ; On                 ;
; Parallel Synthesis                                                         ; On                 ; On                 ;
; NOT Gate Push-Back                                                         ; On                 ; On                 ;
; Power-Up Don't Care                                                        ; On                 ; On                 ;
; Remove Redundant Logic Cells                                               ; Off                ; Off                ;
; Remove Duplicate Registers                                                 ; On                 ; On                 ;
; Ignore CARRY Buffers                                                       ; Off                ; Off                ;
; Ignore CASCADE Buffers                                                     ; Off                ; Off                ;
; Ignore GLOBAL Buffers                                                      ; Off                ; Off                ;
; Ignore ROW GLOBAL Buffers                                                  ; Off                ; Off                ;
; Ignore LCELL Buffers                                                       ; Off                ; Off                ;
; Ignore SOFT Buffers                                                        ; On                 ; On                 ;
; Limit AHDL Integers to 32 Bits                                             ; Off                ; Off                ;
; Optimization Technique                                                     ; Balanced           ; Balanced           ;
; Carry Chain Length                                                         ; 70                 ; 70                 ;
; Auto Carry Chains                                                          ; On                 ; On                 ;
; Auto Open-Drain Pins                                                       ; On                 ; On                 ;
; Perform WYSIWYG Primitive Resynthesis                                      ; Off                ; Off                ;
; Auto Shift Register Replacement                                            ; Auto               ; Auto               ;
; Allow Shift Register Merging across Hierarchies                            ; Auto               ; Auto               ;
; Auto Clock Enable Replacement                                              ; On                 ; On                 ;
; Allow Synchronous Control Signals                                          ; On                 ; On                 ;
; Force Use of Synchronous Clear Signals                                     ; Off                ; Off                ;
; Auto Resource Sharing                                                      ; Off                ; Off                ;
; Use LogicLock Constraints during Resource Balancing                        ; On                 ; On                 ;
; Ignore translate_off and synthesis_off directives                          ; Off                ; Off                ;
; Report Parameter Settings                                                  ; On                 ; On                 ;
; Report Source Assignments                                                  ; On                 ; On                 ;
; Report Connectivity Checks                                                 ; On                 ; On                 ;
; Ignore Maximum Fan-Out Assignments                                         ; Off                ; Off                ;
; Synchronization Register Chain Length                                      ; 2                  ; 2                  ;
; PowerPlay Power Optimization                                               ; Normal compilation ; Normal compilation ;
; HDL message level                                                          ; Level2             ; Level2             ;
; Suppress Register Optimization Related Messages                            ; Off                ; Off                ;
; Number of Removed Registers Reported in Synthesis Report                   ; 5000               ; 5000               ;
; Number of Swept Nodes Reported in Synthesis Report                         ; 5000               ; 5000               ;
; Number of Inverted Registers Reported in Synthesis Report                  ; 100                ; 100                ;
; Clock MUX Protection                                                       ; On                 ; On                 ;
; Block Design Naming                                                        ; Auto               ; Auto               ;
; Synthesis Effort                                                           ; Auto               ; Auto               ;
; Shift Register Replacement - Allow Asynchronous Clear Signal               ; On                 ; On                 ;
; Pre-Mapping Resynthesis Optimization                                       ; Off                ; Off                ;
; Analysis & Synthesis Message Level                                         ; Medium             ; Medium             ;
; Disable Register Merging Across Hierarchies                                ; Auto               ; Auto               ;
; Synthesis Seed                                                             ; 1                  ; 1                  ;
+----------------------------------------------------------------------------+--------------------+--------------------+


+------------------------------------------+
; Parallel Compilation                     ;
+----------------------------+-------------+
; Processors                 ; Number      ;
+----------------------------+-------------+
; Number detected on machine ; 8           ;
; Maximum allowed            ; 4           ;
;                            ;             ;
; Average used               ; 1.00        ;
; Maximum used               ; 1           ;
;                            ;             ;
; Usage by Processor         ; % Time Used ;
;     Processor 1            ; 100.0%      ;
;     Processors 2-8         ;   0.0%      ;
+----------------------------+-------------+


+--------------------------------------------------------------------------------------------------------------------------------------------------------------------------+
; Analysis & Synthesis Source Files Read                                                                                                                                   ;
+----------------------------------+-----------------+------------------------------------------+----------------------------------------------------------------+---------+
; File Name with User-Entered Path ; Used in Netlist ; File Type                                ; File Name with Absolute Path                                   ; Library ;
+----------------------------------+-----------------+------------------------------------------+----------------------------------------------------------------+---------+
; 4xLED.bdf                        ; yes             ; User Block Diagram/Schematic File        ; C:/Users/User/Desktop/1041119/4xLED.bdf                        ;         ;
; 4x4_Multiplication.bdf           ; yes             ; User Block Diagram/Schematic File        ; C:/Users/User/Desktop/1041119/4x4_Multiplication.bdf           ;         ;
; 4xled_mod.bdf                    ; yes             ; Auto-Found Block Diagram/Schematic File  ; C:/Users/User/Desktop/1041119/4xled_mod.bdf                    ;         ;
; seg7.v                           ; yes             ; Auto-Found Verilog HDL File              ; C:/Users/User/Desktop/1041119/seg7.v                           ;         ;
; 74153.bdf                        ; yes             ; Megafunction                             ; c:/altera/13.0sp1/quartus/libraries/others/maxplus2/74153.bdf  ;         ;
; 74393m.bdf                       ; yes             ; Megafunction                             ; c:/altera/13.0sp1/quartus/libraries/others/maxplus2/74393m.bdf ;         ;
; 74139m.bdf                       ; yes             ; Megafunction                             ; c:/altera/13.0sp1/quartus/libraries/others/maxplus2/74139m.bdf ;         ;
; 74163.tdf                        ; yes             ; Megafunction                             ; c:/altera/13.0sp1/quartus/libraries/others/maxplus2/74163.tdf  ;         ;
; aglobal.inc                      ; yes             ; Megafunction                             ; c:/altera/13.0sp1/quartus/libraries/megafunctions/aglobal.inc  ;         ;
; f74163.bdf                       ; yes             ; Megafunction                             ; c:/altera/13.0sp1/quartus/libraries/others/maxplus2/f74163.bdf ;         ;
; div20m.bdf                       ; yes             ; Auto-Found Block Diagram/Schematic File  ; C:/Users/User/Desktop/1041119/div20m.bdf                       ;         ;
; 74390.bdf                        ; yes             ; Megafunction                             ; c:/altera/13.0sp1/quartus/libraries/others/maxplus2/74390.bdf  ;         ;
; 7483.bdf                         ; yes             ; Megafunction                             ; c:/altera/13.0sp1/quartus/libraries/others/maxplus2/7483.bdf   ;         ;
+----------------------------------+-----------------+------------------------------------------+----------------------------------------------------------------+---------+


+------------------------------------------------------------------------------+
; Analysis & Synthesis Resource Usage Summary                                  ;
+---------------------------------------------+--------------------------------+
; Resource                                    ; Usage                          ;
+---------------------------------------------+--------------------------------+
; Total logic elements                        ; 104                            ;
;     -- Combinational with no register       ; 65                             ;
;     -- Register only                        ; 0                              ;
;     -- Combinational with a register        ; 39                             ;
;                                             ;                                ;
; Logic element usage by number of LUT inputs ;                                ;
;     -- 4 input functions                    ; 38                             ;
;     -- 3 input functions                    ; 13                             ;
;     -- 2 input functions                    ; 30                             ;
;     -- 1 input functions                    ; 23                             ;
;     -- 0 input functions                    ; 0                              ;
;                                             ;                                ;
; Logic elements by mode                      ;                                ;
;     -- normal mode                          ; 104                            ;
;     -- arithmetic mode                      ; 0                              ;
;     -- qfbk mode                            ; 0                              ;
;     -- register cascade mode                ; 0                              ;
;     -- synchronous clear/load mode          ; 0                              ;
;     -- asynchronous clear/load mode         ; 0                              ;
;                                             ;                                ;
; Total registers                             ; 39                             ;
; I/O pins                                    ; 16                             ;
; Maximum fan-out node                        ; 4xLED_mod:inst3|74393m:inst8|1 ;
; Maximum fan-out                             ; 12                             ;
; Total fan-out                               ; 324                            ;
; Average fan-out                             ; 2.70                           ;
+---------------------------------------------+--------------------------------+


+-------------------------------------------------------------------------------------------------------------------------------------------------------------------------------------------------------------------------------------------------+
; Analysis & Synthesis Resource Utilization by Entity                                                                                                                                                                                             ;
+-------------------------------+-------------+--------------+------------+------+--------------+--------------+-------------------+------------------+-----------------+------------+---------------------------------------------+--------------+
; Compilation Hierarchy Node    ; Logic Cells ; LC Registers ; UFM Blocks ; Pins ; Virtual Pins ; LUT-Only LCs ; Register-Only LCs ; LUT/Register LCs ; Carry Chain LCs ; Packed LCs ; Full Hierarchy Name                         ; Library Name ;
+-------------------------------+-------------+--------------+------------+------+--------------+--------------+-------------------+------------------+-----------------+------------+---------------------------------------------+--------------+
; |4xLED                        ; 104 (0)     ; 39           ; 0          ; 16   ; 0            ; 65 (0)       ; 0 (0)             ; 39 (0)           ; 0 (0)           ; 0 (0)      ; |4xLED                                      ; work         ;
;    |4x4_Multiplication:inst7| ; 24 (1)      ; 0            ; 0          ; 0    ; 0            ; 24 (1)       ; 0 (0)             ; 0 (0)            ; 0 (0)           ; 0 (0)      ; |4xLED|4x4_Multiplication:inst7             ; work         ;
;       |7483:inst24|           ; 5 (5)       ; 0            ; 0          ; 0    ; 0            ; 5 (5)        ; 0 (0)             ; 0 (0)            ; 0 (0)           ; 0 (0)      ; |4xLED|4x4_Multiplication:inst7|7483:inst24 ; work         ;
;       |7483:inst6|            ; 8 (8)       ; 0            ; 0          ; 0    ; 0            ; 8 (8)        ; 0 (0)             ; 0 (0)            ; 0 (0)           ; 0 (0)      ; |4xLED|4x4_Multiplication:inst7|7483:inst6  ; work         ;
;       |7483:inst|             ; 10 (10)     ; 0            ; 0          ; 0    ; 0            ; 10 (10)      ; 0 (0)             ; 0 (0)            ; 0 (0)           ; 0 (0)      ; |4xLED|4x4_Multiplication:inst7|7483:inst   ; work         ;
;    |4xLED_mod:inst3|          ; 24 (0)      ; 2            ; 0          ; 0    ; 0            ; 22 (0)       ; 0 (0)             ; 2 (0)            ; 0 (0)           ; 0 (0)      ; |4xLED|4xLED_mod:inst3                      ; work         ;
;       |74139m:inst5|          ; 4 (4)       ; 0            ; 0          ; 0    ; 0            ; 4 (4)        ; 0 (0)             ; 0 (0)            ; 0 (0)           ; 0 (0)      ; |4xLED|4xLED_mod:inst3|74139m:inst5         ; work         ;
;       |74153:inst2|           ; 5 (5)       ; 0            ; 0          ; 0    ; 0            ; 5 (5)        ; 0 (0)             ; 0 (0)            ; 0 (0)           ; 0 (0)      ; |4xLED|4xLED_mod:inst3|74153:inst2          ; work         ;
;       |74153:inst3|           ; 6 (6)       ; 0            ; 0          ; 0    ; 0            ; 6 (6)        ; 0 (0)             ; 0 (0)            ; 0 (0)           ; 0 (0)      ; |4xLED|4xLED_mod:inst3|74153:inst3          ; work         ;
;       |74393m:inst8|          ; 2 (2)       ; 2            ; 0          ; 0    ; 0            ; 0 (0)        ; 0 (0)             ; 2 (2)            ; 0 (0)           ; 0 (0)      ; |4xLED|4xLED_mod:inst3|74393m:inst8         ; work         ;
;       |seg7:inst1|            ; 7 (7)       ; 0            ; 0          ; 0    ; 0            ; 7 (7)        ; 0 (0)             ; 0 (0)            ; 0 (0)           ; 0 (0)      ; |4xLED|4xLED_mod:inst3|seg7:inst1           ; work         ;
;    |74163:inst8|              ; 10 (0)      ; 4            ; 0          ; 0    ; 0            ; 6 (0)        ; 0 (0)             ; 4 (0)            ; 0 (0)           ; 0 (0)      ; |4xLED|74163:inst8                          ; work         ;
;       |f74163:sub|            ; 10 (10)     ; 4            ; 0          ; 0    ; 0            ; 6 (6)        ; 0 (0)             ; 4 (4)            ; 0 (0)           ; 0 (0)      ; |4xLED|74163:inst8|f74163:sub               ; work         ;
;    |74163:inst9|              ; 10 (0)      ; 4            ; 0          ; 0    ; 0            ; 6 (0)        ; 0 (0)             ; 4 (0)            ; 0 (0)           ; 0 (0)      ; |4xLED|74163:inst9                          ; work         ;
;       |f74163:sub|            ; 10 (10)     ; 4            ; 0          ; 0    ; 0            ; 6 (6)        ; 0 (0)             ; 4 (4)            ; 0 (0)           ; 0 (0)      ; |4xLED|74163:inst9|f74163:sub               ; work         ;
;    |DIV20M:inst13|            ; 36 (0)      ; 29           ; 0          ; 0    ; 0            ; 7 (0)        ; 0 (0)             ; 29 (0)           ; 0 (0)           ; 0 (0)      ; |4xLED|DIV20M:inst13                        ; work         ;
;       |74390:inst11|          ; 10 (10)     ; 8            ; 0          ; 0    ; 0            ; 2 (2)        ; 0 (0)             ; 8 (8)            ; 0 (0)           ; 0 (0)      ; |4xLED|DIV20M:inst13|74390:inst11           ; work         ;
;       |74390:inst13|          ; 5 (5)       ; 4            ; 0          ; 0    ; 0            ; 1 (1)        ; 0 (0)             ; 4 (4)            ; 0 (0)           ; 0 (0)      ; |4xLED|DIV20M:inst13|74390:inst13           ; work         ;
;       |74390:inst15|          ; 1 (1)       ; 1            ; 0          ; 0    ; 0            ; 0 (0)        ; 0 (0)             ; 1 (1)            ; 0 (0)           ; 0 (0)      ; |4xLED|DIV20M:inst13|74390:inst15           ; work         ;
;       |74390:inst9|           ; 10 (10)     ; 8            ; 0          ; 0    ; 0            ; 2 (2)        ; 0 (0)             ; 8 (8)            ; 0 (0)           ; 0 (0)      ; |4xLED|DIV20M:inst13|74390:inst9            ; work         ;
;       |74390:inst|            ; 10 (10)     ; 8            ; 0          ; 0    ; 0            ; 2 (2)        ; 0 (0)             ; 8 (8)            ; 0 (0)           ; 0 (0)      ; |4xLED|DIV20M:inst13|74390:inst             ; work         ;
+-------------------------------+-------------+--------------+------------+------+--------------+--------------+-------------------+------------------+-----------------+------------+---------------------------------------------+--------------+
Note: For table entries with two numbers listed, the numbers in parentheses indicate the number of resources of the given type used by the specific entity alone. The numbers listed outside of parentheses indicate the total resources of the given type used by the specific entity and all of its sub-entities in the hierarchy.


+------------------------------------------------------+
; General Register Statistics                          ;
+----------------------------------------------+-------+
; Statistic                                    ; Value ;
+----------------------------------------------+-------+
; Total registers                              ; 39    ;
; Number of registers using Synchronous Clear  ; 0     ;
; Number of registers using Synchronous Load   ; 0     ;
; Number of registers using Asynchronous Clear ; 0     ;
; Number of registers using Asynchronous Load  ; 0     ;
; Number of registers using Clock Enable       ; 0     ;
; Number of registers using Preset             ; 0     ;
+----------------------------------------------+-------+


+----------------------------------------------------------+
; Parameter Settings for User Entity Instance: 74163:inst8 ;
+------------------------+--------+------------------------+
; Parameter Name         ; Value  ; Type                   ;
+------------------------+--------+------------------------+
; DEVICE_FAMILY          ; MAX II ; Untyped                ;
; AUTO_CARRY_CHAINS      ; ON     ; AUTO_CARRY             ;
; IGNORE_CARRY_BUFFERS   ; OFF    ; IGNORE_CARRY           ;
; AUTO_CASCADE_CHAINS    ; ON     ; AUTO_CASCADE           ;
; IGNORE_CASCADE_BUFFERS ; OFF    ; IGNORE_CASCADE         ;
+------------------------+--------+------------------------+
Note: In order to hide this table in the UI and the text report file, please set the "Show Parameter Settings in Synthesis Report" option in "Analysis and Synthesis Settings -> More Settings" to "Off".


+----------------------------------------------------------+
; Parameter Settings for User Entity Instance: 74163:inst9 ;
+------------------------+--------+------------------------+
; Parameter Name         ; Value  ; Type                   ;
+------------------------+--------+------------------------+
; DEVICE_FAMILY          ; MAX II ; Untyped                ;
; AUTO_CARRY_CHAINS      ; ON     ; AUTO_CARRY             ;
; IGNORE_CARRY_BUFFERS   ; OFF    ; IGNORE_CARRY           ;
; AUTO_CASCADE_CHAINS    ; ON     ; AUTO_CASCADE           ;
; IGNORE_CASCADE_BUFFERS ; OFF    ; IGNORE_CASCADE         ;
+------------------------+--------+------------------------+
Note: In order to hide this table in the UI and the text report file, please set the "Show Parameter Settings in Synthesis Report" option in "Analysis and Synthesis Settings -> More Settings" to "Off".


+-------------------------------+
; Analysis & Synthesis Messages ;
+-------------------------------+
Info: *******************************************************************
Info: Running Quartus II 64-Bit Analysis & Synthesis
    Info: Version 13.0.1 Build 232 06/12/2013 Service Pack 1 SJ Full Version
    Info: Processing started: Thu Dec 03 11:35:03 2015
Info: Command: quartus_map --read_settings_files=on --write_settings_files=off 4xLED -c 4xLED
Info (11104): Parallel Compilation has detected 8 hyper-threaded processors. However, the extra hyper-threaded processors will not be used by default. Parallel Compilation will use 4 of the 4 physical processors detected instead.
Info (12021): Found 1 design units, including 1 entities, in source file 4xled.bdf
    Info (12023): Found entity 1: 4xLED
Info (12021): Found 1 design units, including 1 entities, in source file full_adder.bdf
    Info (12023): Found entity 1: Full_Adder
Info (12021): Found 1 design units, including 1 entities, in source file 4bit_full_adder.bdf
    Info (12023): Found entity 1: 4bit_Full_Adder
Info (12021): Found 1 design units, including 1 entities, in source file full_subtractor.bdf
    Info (12023): Found entity 1: Full_Subtractor
Info (12021): Found 1 design units, including 1 entities, in source file 4bit_full_subtractor.bdf
    Info (12023): Found entity 1: 4bit_Full_Subtractor
Info (12021): Found 1 design units, including 1 entities, in source file 4x4_multiplication.bdf
    Info (12023): Found entity 1: 4x4_Multiplication
Info (12021): Found 1 design units, including 1 entities, in source file 4xledm.bdf
    Info (12023): Found entity 1: 4xLEDm
Info (12127): Elaborating entity "4xLED" for the top level hierarchy
Warning (12125): Using design file 4xled_mod.bdf, which is not specified as a design file for the current project, but contains definitions for 1 design units and 1 entities in project
    Info (12023): Found entity 1: 4xLED_mod
Info (12128): Elaborating entity "4xLED_mod" for hierarchy "4xLED_mod:inst3"
Warning (12125): Using design file seg7.v, which is not specified as a design file for the current project, but contains definitions for 1 design units and 1 entities in project
    Info (12023): Found entity 1: seg7
Info (12128): Elaborating entity "seg7" for hierarchy "4xLED_mod:inst3|seg7:inst1"
Info (12128): Elaborating entity "74153" for hierarchy "4xLED_mod:inst3|74153:inst2"
Info (12130): Elaborated megafunction instantiation "4xLED_mod:inst3|74153:inst2"
Info (12128): Elaborating entity "74393M" for hierarchy "4xLED_mod:inst3|74393M:inst8"
Info (12130): Elaborated megafunction instantiation "4xLED_mod:inst3|74393M:inst8"
Info (12128): Elaborating entity "74139M" for hierarchy "4xLED_mod:inst3|74139M:inst5"
Info (12130): Elaborated megafunction instantiation "4xLED_mod:inst3|74139M:inst5"
Info (12128): Elaborating entity "74163" for hierarchy "74163:inst8"
Info (12130): Elaborated megafunction instantiation "74163:inst8"
Info (12128): Elaborating entity "f74163" for hierarchy "74163:inst8|f74163:sub"
Info (12131): Elaborated megafunction instantiation "74163:inst8|f74163:sub", which is child of megafunction instantiation "74163:inst8"
Warning (12125): Using design file div20m.bdf, which is not specified as a design file for the current project, but contains definitions for 1 design units and 1 entities in project
    Info (12023): Found entity 1: DIV20M
Info (12128): Elaborating entity "div20m" for hierarchy "div20m:inst13"
Info (12128): Elaborating entity "74390" for hierarchy "div20m:inst13|74390:inst11"
Info (12130): Elaborated megafunction instantiation "div20m:inst13|74390:inst11"
Info (12128): Elaborating entity "4x4_Multiplication" for hierarchy "4x4_Multiplication:inst7"
Info (12128): Elaborating entity "7483" for hierarchy "4x4_Multiplication:inst7|7483:inst"
Info (12130): Elaborated megafunction instantiation "4x4_Multiplication:inst7|7483:inst"
Info (13014): Ignored 3 buffer(s)
    Info (13019): Ignored 3 SOFT buffer(s)
Info (18008): Converted 2 single input CARRY primitives to CARRY_SUM primitives
Warning (18009): Ignored 6 CARRY_SUM primitives
    Warning (18011): Ignored 6 CARRY_SUM primitive(s) -- cannot place fan-out logic in single logic cell
        Warning (18012): Can't place logic fed by CARRY_SUM primitive "74163:inst8|f74163:sub|107~0" into a single logic cell
            Warning (18042): Node "74163:inst8|f74163:sub|117" of type LUT
            Warning (18042): Node "74163:inst8|f74163:sub|120~0" of type LUT
        Warning (18012): Can't place logic fed by CARRY_SUM primitive "74163:inst8|f74163:sub|74~0" into a single logic cell
            Warning (18042): Node "74163:inst8|f74163:sub|106" of type LUT
            Warning (18042): Node "74163:inst8|f74163:sub|109~0" of type LUT
        Warning (18012): Can't place logic fed by CARRY_SUM primitive "74163:inst8|f74163:sub|140~0" into a single logic cell
            Warning (18042): Node "74163:inst8|f74163:sub|73" of type LUT
            Warning (18042): Node "74163:inst8|f74163:sub|72~0" of type LUT
        Warning (18012): Can't place logic fed by CARRY_SUM primitive "74163:inst9|f74163:sub|107~0" into a single logic cell
            Warning (18042): Node "74163:inst9|f74163:sub|117" of type LUT
            Warning (18042): Node "74163:inst9|f74163:sub|120~0" of type LUT
        Warning (18012): Can't place logic fed by CARRY_SUM primitive "74163:inst9|f74163:sub|74~0" into a single logic cell
            Warning (18042): Node "74163:inst9|f74163:sub|106" of type LUT
            Warning (18042): Node "74163:inst9|f74163:sub|109~0" of type LUT
        Warning (18012): Can't place logic fed by CARRY_SUM primitive "74163:inst9|f74163:sub|140~0" into a single logic cell
            Warning (18042): Node "74163:inst9|f74163:sub|73" of type LUT
            Warning (18042): Node "74163:inst9|f74163:sub|72~0" of type LUT
Info (21057): Implemented 120 device resources after synthesis - the final resource count might be different
    Info (21058): Implemented 5 input pins
    Info (21059): Implemented 11 output pins
    Info (21061): Implemented 104 logic cells
Info: Quartus II 64-Bit Analysis & Synthesis was successful. 0 errors, 23 warnings
    Info: Peak virtual memory: 430 megabytes
    Info: Processing ended: Thu Dec 03 11:35:05 2015
    Info: Elapsed time: 00:00:02
    Info: Total CPU time (on all processors): 00:00:01


