C51 COMPILER V9.50.0.0   TIMER_1_MODE0                                                     05/18/2016 10:08:39 PAGE 1   


C51 COMPILER V9.50.0.0, COMPILATION OF MODULE TIMER_1_MODE0
OBJECT MODULE PLACED IN Timer_1_Mode0.OBJ
COMPILER INVOKED BY: C:\Keil\C51\BIN\C51.EXE Timer_1_Mode0.c BROWSE DEBUG OBJECTEXTEND TABS(2)

line level    source

   1          #include<reg52.h>
   2          #define seg7 P2
   3          #define cnt 5000
   4          code char tab[]={0xc0,0xf9,0xa4,0xb0,0x99,0x92,0x83,0xf8,0x80,0x98};
   5          int num,sec;
   6          
   7          void main()
   8          {
   9   1        seg7=tab[sec];
  10   1        EA=1;
  11   1        ET0=1;
  12   1        TMOD=0x01;
  13   1        TR0=1;
  14   1        while(1);
  15   1      }
  16          
  17          void timer1() interrupt 1
  18          {
  19   1        TH1=(65536-cnt)/256;
  20   1        TL1=(65536-cnt)%256;
  21   1        num++;
  22   1        if(num>=20)
  23   1        {
  24   2          num=0;
  25   2          sec++;
  26   2          if(sec>=10) sec=0;
  27   2          seg7=tab[sec];
  28   2        }
  29   1      }


MODULE INFORMATION:   STATIC OVERLAYABLE
   CODE SIZE        =    115    ----
   CONSTANT SIZE    =     10    ----
   XDATA SIZE       =   ----    ----
   PDATA SIZE       =   ----    ----
   DATA SIZE        =      4    ----
   IDATA SIZE       =   ----    ----
   BIT SIZE         =   ----    ----
END OF MODULE INFORMATION.


C51 COMPILATION COMPLETE.  0 WARNING(S),  0 ERROR(S)
