C51 COMPILER V9.50.0.0   LED                                                               09/16/2015 10:07:22 PAGE 1   


C51 COMPILER V9.50.0.0, COMPILATION OF MODULE LED
OBJECT MODULE PLACED IN LED.OBJ
COMPILER INVOKED BY: C:\Keil\C51\BIN\C51.EXE LED.c BROWSE DEBUG OBJECTEXTEND TABS(2)

line level    source

   1          #include <reg52.h>
   2          void deplay_10us(unsigned int time)
   3          {
   4   1        while(time>0) time--;
   5   1      }
   6          void main(void)
   7          {
   8   1        while(1)
   9   1        {
  10   2          P0=0x01;
  11   2          deplay_10us(10000);
  12   2          P0=0x02;
  13   2          deplay_10us(10000);
  14   2          P0=0x07;
  15   2          deplay_10us(10000);
  16   2          P0=0x08;
  17   2          deplay_10us(10000);
  18   2          P0=0x10;
  19   2          deplay_10us(10000);
  20   2          P0=0x20;
  21   2          deplay_10us(10000);
  22   2          P0=0x70;
  23   2          deplay_10us(10000);
  24   2          P0=0x80;
  25   2          deplay_10us(10000);
  26   2          
  27   2          P0=0x80;
  28   2          deplay_10us(10000);
  29   2          P0=0x70;
  30   2          deplay_10us(10000);
  31   2          P0=0x20;
  32   2          deplay_10us(10000);
  33   2          P0=0x10;
  34   2          deplay_10us(10000);
  35   2          P0=0x08;
  36   2          deplay_10us(10000);
  37   2          P0=0x07;
  38   2          deplay_10us(10000);
  39   2          P0=0x02;
  40   2          deplay_10us(10000);
  41   2          P0=0x01;
  42   2          deplay_10us(10000);
  43   2        }
  44   1      }


MODULE INFORMATION:   STATIC OVERLAYABLE
   CODE SIZE        =    118    ----
   CONSTANT SIZE    =   ----    ----
   XDATA SIZE       =   ----    ----
   PDATA SIZE       =   ----    ----
   DATA SIZE        =   ----    ----
   IDATA SIZE       =   ----    ----
   BIT SIZE         =   ----    ----
END OF MODULE INFORMATION.

C51 COMPILER V9.50.0.0   LED                                                               09/16/2015 10:07:22 PAGE 2   


C51 COMPILATION COMPLETE.  0 WARNING(S),  0 ERROR(S)
