Flow report for P1041217
Thu Dec 24 12:00:23 2015
Quartus II 64-Bit Version 13.0.1 Build 232 06/12/2013 Service Pack 1 SJ Full Version


---------------------
; Table of Contents ;
---------------------
  1. Legal Notice
  2. Flow Summary
  3. Flow Settings
  4. Flow Non-Default Global Settings
  5. Flow Elapsed Time
  6. Flow OS Summary
  7. Flow Log
  8. Flow Messages
  9. Flow Suppressed Messages



----------------
; Legal Notice ;
----------------
Copyright (C) 1991-2013 Altera Corporation
Your use of Altera Corporation's design tools, logic functions 
and other software and tools, and its AMPP partner logic 
functions, and any output files from any of the foregoing 
(including device programming or simulation files), and any 
associated documentation or information are expressly subject 
to the terms and conditions of the Altera Program License 
Subscription Agreement, Altera MegaCore Function License 
Agreement, or other applicable license agreement, including, 
without limitation, that your use is for the sole purpose of 
programming logic devices manufactured by Altera and sold by 
Altera or its authorized distributors.  Please refer to the 
applicable agreement for further details.



+------------------------------------------------------------------------------+
; Flow Summary                                                                 ;
+---------------------------+--------------------------------------------------+
; Flow Status               ; Successful - Thu Dec 24 12:00:23 2015            ;
; Quartus II 64-Bit Version ; 13.0.1 Build 232 06/12/2013 SP 1 SJ Full Version ;
; Revision Name             ; P1041217                                         ;
; Top-level Entity Name     ; P1041217                                         ;
; Family                    ; MAX II                                           ;
; Device                    ; EPM570T144C5                                     ;
; Timing Models             ; Final                                            ;
; Total logic elements      ; 16 / 570 ( 3 % )                                 ;
; Total pins                ; 12 / 116 ( 10 % )                                ;
; Total virtual pins        ; 0                                                ;
; UFM blocks                ; 0 / 1 ( 0 % )                                    ;
+---------------------------+--------------------------------------------------+


+-----------------------------------------+
; Flow Settings                           ;
+-------------------+---------------------+
; Option            ; Setting             ;
+-------------------+---------------------+
; Start date & time ; 12/24/2015 12:00:16 ;
; Main task         ; Compilation         ;
; Revision Name     ; P1041217            ;
+-------------------+---------------------+


+------------------------------------------------------------------------------------------------------------------+
; Flow Non-Default Global Settings                                                                                 ;
+---------------------------------+---------------------------------+---------------+-------------+----------------+
; Assignment Name                 ; Value                           ; Default Value ; Entity Name ; Section Id     ;
+---------------------------------+---------------------------------+---------------+-------------+----------------+
; COMPILER_SIGNATURE_ID           ; 128437433388229.145092961604024 ; --            ; --          ; --             ;
; EDA_GENERATE_FUNCTIONAL_NETLIST ; On                              ; --            ; --          ; eda_simulation ;
; EDA_OUTPUT_DATA_FORMAT          ; Verilog Hdl                     ; --            ; --          ; eda_simulation ;
; EDA_SIMULATION_TOOL             ; ModelSim-Altera (Verilog)       ; <None>        ; --          ; --             ;
; MAX_CORE_JUNCTION_TEMP          ; 85                              ; --            ; --          ; --             ;
; MIN_CORE_JUNCTION_TEMP          ; 0                               ; --            ; --          ; --             ;
; PROJECT_OUTPUT_DIRECTORY        ; output_files                    ; --            ; --          ; --             ;
+---------------------------------+---------------------------------+---------------+-------------+----------------+


+-------------------------------------------------------------------------------------------------------------------------------+
; Flow Elapsed Time                                                                                                             ;
+---------------------------+--------------+-------------------------+---------------------+------------------------------------+
; Module Name               ; Elapsed Time ; Average Processors Used ; Peak Virtual Memory ; Total CPU Time (on all processors) ;
+---------------------------+--------------+-------------------------+---------------------+------------------------------------+
; Analysis & Synthesis      ; 00:00:01     ; 1.0                     ; 430 MB              ; 00:00:01                           ;
; Fitter                    ; 00:00:02     ; 1.0                     ; 964 MB              ; 00:00:01                           ;
; Assembler                 ; 00:00:01     ; 1.0                     ; 383 MB              ; 00:00:00                           ;
; TimeQuest Timing Analyzer ; 00:00:01     ; 1.0                     ; 409 MB              ; 00:00:01                           ;
; EDA Netlist Writer        ; 00:00:01     ; 1.0                     ; 372 MB              ; 00:00:00                           ;
; Total                     ; 00:00:06     ; --                      ; --                  ; 00:00:03                           ;
+---------------------------+--------------+-------------------------+---------------------+------------------------------------+


+----------------------------------------------------------------------------------------+
; Flow OS Summary                                                                        ;
+---------------------------+------------------+-----------+------------+----------------+
; Module Name               ; Machine Hostname ; OS Name   ; OS Version ; Processor type ;
+---------------------------+------------------+-----------+------------+----------------+
; Analysis & Synthesis      ; Asus7-13         ; Windows 7 ; 6.1        ; x86_64         ;
; Fitter                    ; Asus7-13         ; Windows 7 ; 6.1        ; x86_64         ;
; Assembler                 ; Asus7-13         ; Windows 7 ; 6.1        ; x86_64         ;
; TimeQuest Timing Analyzer ; Asus7-13         ; Windows 7 ; 6.1        ; x86_64         ;
; EDA Netlist Writer        ; Asus7-13         ; Windows 7 ; 6.1        ; x86_64         ;
+---------------------------+------------------+-----------+------------+----------------+


------------
; Flow Log ;
------------
quartus_map --read_settings_files=on --write_settings_files=off P1041217 -c P1041217
quartus_fit --read_settings_files=off --write_settings_files=off P1041217 -c P1041217
quartus_asm --read_settings_files=off --write_settings_files=off P1041217 -c P1041217
quartus_sta P1041217 -c P1041217
quartus_eda --read_settings_files=off --write_settings_files=off P1041217 -c P1041217



