C51 COMPILER V9.50.0.0   1041118                                                           12/23/2015 09:59:03 PAGE 1   


C51 COMPILER V9.50.0.0, COMPILATION OF MODULE 1041118
OBJECT MODULE PLACED IN 1041118.OBJ
COMPILER INVOKED BY: C:\Keil\C51\BIN\C51.EXE 1041118.c BROWSE DEBUG OBJECTEXTEND TABS(2)

line level    source

   1          #include <regx52.h>
   2          #define LED P0
   3          void deplay(int t)
   4          {while(t>0) t--; }
   5          
   6          int main()
   7          {
   8   1        int a,b,c;
   9   1        for(a=0;a<=200;a++)
  10   1        {
  11   2          for(b=0;b<=a;b++) 
  12   2          LED=0xff;
  13   2          for(c=0;c<=(200-a);c++) 
  14   2          LED=0x00;
  15   2        }
  16   1          LED=0xff;
  17   1          deplay(10000);
  18   1      }
  19          
*** WARNING C290 IN LINE 18 OF 1041118.c: missing return value


MODULE INFORMATION:   STATIC OVERLAYABLE
   CODE SIZE        =    103    ----
   CONSTANT SIZE    =   ----    ----
   XDATA SIZE       =   ----    ----
   PDATA SIZE       =   ----    ----
   DATA SIZE        =   ----    ----
   IDATA SIZE       =   ----    ----
   BIT SIZE         =   ----    ----
END OF MODULE INFORMATION.


C51 COMPILATION COMPLETE.  1 WARNING(S),  0 ERROR(S)
