TimeQuest Timing Analyzer report for a1050310
Thu Mar 31 12:14:22 2016
Quartus II 64-Bit Version 13.0.1 Build 232 06/12/2013 Service Pack 1 SJ Full Version


---------------------
; Table of Contents ;
---------------------
  1. Legal Notice
  2. TimeQuest Timing Analyzer Summary
  3. Parallel Compilation
  4. Clocks
  5. Fmax Summary
  6. Setup Summary
  7. Hold Summary
  8. Recovery Summary
  9. Removal Summary
 10. Minimum Pulse Width Summary
 11. Setup: 'dly[15]'
 12. Setup: 'clk'
 13. Setup: 'dly[14]'
 14. Setup: 'dekey:u1|state[0]'
 15. Setup: 'dly[17]'
 16. Hold: 'clk'
 17. Hold: 'dly[17]'
 18. Hold: 'dly[14]'
 19. Hold: 'dekey:u1|state[0]'
 20. Hold: 'dly[15]'
 21. Minimum Pulse Width: 'clk'
 22. Minimum Pulse Width: 'dekey:u1|state[0]'
 23. Minimum Pulse Width: 'dly[14]'
 24. Minimum Pulse Width: 'dly[15]'
 25. Minimum Pulse Width: 'dly[17]'
 26. Clock to Output Times
 27. Minimum Clock to Output Times
 28. Setup Transfers
 29. Hold Transfers
 30. Report TCCS
 31. Report RSKM
 32. Unconstrained Paths
 33. TimeQuest Timing Analyzer Messages



----------------
; Legal Notice ;
----------------
Copyright (C) 1991-2013 Altera Corporation
Your use of Altera Corporation's design tools, logic functions 
and other software and tools, and its AMPP partner logic 
functions, and any output files from any of the foregoing 
(including device programming or simulation files), and any 
associated documentation or information are expressly subject 
to the terms and conditions of the Altera Program License 
Subscription Agreement, Altera MegaCore Function License 
Agreement, or other applicable license agreement, including, 
without limitation, that your use is for the sole purpose of 
programming logic devices manufactured by Altera and sold by 
Altera or its authorized distributors.  Please refer to the 
applicable agreement for further details.



+-----------------------------------------------------------------------------------------+
; TimeQuest Timing Analyzer Summary                                                       ;
+--------------------+--------------------------------------------------------------------+
; Quartus II Version ; Version 13.0.1 Build 232 06/12/2013 Service Pack 1 SJ Full Version ;
; Revision Name      ; a1050310                                                           ;
; Device Family      ; MAX II                                                             ;
; Device Name        ; EPM570T144C5                                                       ;
; Timing Models      ; Final                                                              ;
; Delay Model        ; Slow Model                                                         ;
; Rise/Fall Delays   ; Unavailable                                                        ;
+--------------------+--------------------------------------------------------------------+


+------------------------------------------+
; Parallel Compilation                     ;
+----------------------------+-------------+
; Processors                 ; Number      ;
+----------------------------+-------------+
; Number detected on machine ; 8           ;
; Maximum allowed            ; 4           ;
;                            ;             ;
; Average used               ; 1.00        ;
; Maximum used               ; 2           ;
;                            ;             ;
; Usage by Processor         ; % Time Used ;
;     Processor 1            ; 100.0%      ;
;     Processor 2            ; < 0.1%      ;
;     Processors 3-8         ;   0.0%      ;
+----------------------------+-------------+


+------------------------------------------------------------------------------------------------------------------------------------------------------------------------------------------------------+
; Clocks                                                                                                                                                                                               ;
+-------------------+------+--------+------------+-------+-------+------------+-----------+-------------+-------+--------+-----------+------------+----------+--------+--------+-----------------------+
; Clock Name        ; Type ; Period ; Frequency  ; Rise  ; Fall  ; Duty Cycle ; Divide by ; Multiply by ; Phase ; Offset ; Edge List ; Edge Shift ; Inverted ; Master ; Source ; Targets               ;
+-------------------+------+--------+------------+-------+-------+------------+-----------+-------------+-------+--------+-----------+------------+----------+--------+--------+-----------------------+
; clk               ; Base ; 1.000  ; 1000.0 MHz ; 0.000 ; 0.500 ;            ;           ;             ;       ;        ;           ;            ;          ;        ;        ; { clk }               ;
; dekey:u1|state[0] ; Base ; 1.000  ; 1000.0 MHz ; 0.000 ; 0.500 ;            ;           ;             ;       ;        ;           ;            ;          ;        ;        ; { dekey:u1|state[0] } ;
; dly[14]           ; Base ; 1.000  ; 1000.0 MHz ; 0.000 ; 0.500 ;            ;           ;             ;       ;        ;           ;            ;          ;        ;        ; { dly[14] }           ;
; dly[15]           ; Base ; 1.000  ; 1000.0 MHz ; 0.000 ; 0.500 ;            ;           ;             ;       ;        ;           ;            ;          ;        ;        ; { dly[15] }           ;
; dly[17]           ; Base ; 1.000  ; 1000.0 MHz ; 0.000 ; 0.500 ;            ;           ;             ;       ;        ;           ;            ;          ;        ;        ; { dly[17] }           ;
+-------------------+------+--------+------------+-------+-------+------------+-----------+-------------+-------+--------+-----------+------------+----------+--------+--------+-----------------------+


+---------------------------------------------------------+
; Fmax Summary                                            ;
+------------+-----------------+-------------------+------+
; Fmax       ; Restricted Fmax ; Clock Name        ; Note ;
+------------+-----------------+-------------------+------+
; 80.06 MHz  ; 80.06 MHz       ; dly[15]           ;      ;
; 179.6 MHz  ; 179.6 MHz       ; clk               ;      ;
; 395.57 MHz ; 395.57 MHz      ; dly[14]           ;      ;
; 407.83 MHz ; 407.83 MHz      ; dekey:u1|state[0] ;      ;
; 446.03 MHz ; 446.03 MHz      ; dly[17]           ;      ;
+------------+-----------------+-------------------+------+
This panel reports FMAX for every clock in the design, regardless of the user-specified clock periods.  FMAX is only computed for paths where the source and destination registers or ports are driven by the same clock.  Paths of different clocks, including generated clocks, are ignored.  For paths between a clock and its inversion, FMAX is computed as if the rising and falling edges are scaled along with FMAX, such that the duty cycle (in terms of a percentage) is maintained. Altera recommends that you always use clock constraints and other slack reports for sign-off analysis.


+---------------------------------------------+
; Setup Summary                               ;
+-------------------+---------+---------------+
; Clock             ; Slack   ; End Point TNS ;
+-------------------+---------+---------------+
; dly[15]           ; -11.491 ; -170.706      ;
; clk               ; -4.568  ; -93.349       ;
; dly[14]           ; -1.528  ; -2.741        ;
; dekey:u1|state[0] ; -1.452  ; -2.667        ;
; dly[17]           ; -1.242  ; -2.482        ;
+-------------------+---------+---------------+


+--------------------------------------------+
; Hold Summary                               ;
+-------------------+--------+---------------+
; Clock             ; Slack  ; End Point TNS ;
+-------------------+--------+---------------+
; clk               ; -1.940 ; -8.700        ;
; dly[17]           ; -0.630 ; -1.256        ;
; dly[14]           ; 1.659  ; 0.000         ;
; dekey:u1|state[0] ; 1.661  ; 0.000         ;
; dly[15]           ; 2.253  ; 0.000         ;
+-------------------+--------+---------------+


--------------------
; Recovery Summary ;
--------------------
No paths to report.


-------------------
; Removal Summary ;
-------------------
No paths to report.


+--------------------------------------------+
; Minimum Pulse Width Summary                ;
+-------------------+--------+---------------+
; Clock             ; Slack  ; End Point TNS ;
+-------------------+--------+---------------+
; clk               ; -2.289 ; -2.289        ;
; dekey:u1|state[0] ; 0.234  ; 0.000         ;
; dly[14]           ; 0.234  ; 0.000         ;
; dly[15]           ; 0.234  ; 0.000         ;
; dly[17]           ; 0.234  ; 0.000         ;
+-------------------+--------+---------------+


+-----------------------------------------------------------------------------------------------------+
; Setup: 'dly[15]'                                                                                    ;
+---------+-----------+---------+--------------+-------------+--------------+------------+------------+
; Slack   ; From Node ; To Node ; Launch Clock ; Latch Clock ; Relationship ; Clock Skew ; Data Delay ;
+---------+-----------+---------+--------------+-------------+--------------+------------+------------+
; -11.491 ; cnt[1]    ; cnt[9]  ; dly[15]      ; dly[15]     ; 1.000        ; 0.000      ; 12.158     ;
; -11.355 ; cnt[1]    ; cnt[7]  ; dly[15]      ; dly[15]     ; 1.000        ; 0.000      ; 12.022     ;
; -11.348 ; cnt[0]    ; cnt[9]  ; dly[15]      ; dly[15]     ; 1.000        ; 0.000      ; 12.015     ;
; -11.212 ; cnt[0]    ; cnt[7]  ; dly[15]      ; dly[15]     ; 1.000        ; 0.000      ; 11.879     ;
; -11.161 ; cnt[3]    ; cnt[9]  ; dly[15]      ; dly[15]     ; 1.000        ; 0.000      ; 11.828     ;
; -11.120 ; cnt[1]    ; cnt[0]  ; dly[15]      ; dly[15]     ; 1.000        ; 0.000      ; 11.787     ;
; -11.049 ; cnt[1]    ; cnt[11] ; dly[15]      ; dly[15]     ; 1.000        ; 0.000      ; 11.716     ;
; -11.038 ; cnt[1]    ; cnt[4]  ; dly[15]      ; dly[15]     ; 1.000        ; 0.000      ; 11.705     ;
; -11.038 ; cnt[1]    ; cnt[8]  ; dly[15]      ; dly[15]     ; 1.000        ; 0.000      ; 11.705     ;
; -11.025 ; cnt[3]    ; cnt[7]  ; dly[15]      ; dly[15]     ; 1.000        ; 0.000      ; 11.692     ;
; -10.977 ; cnt[0]    ; cnt[0]  ; dly[15]      ; dly[15]     ; 1.000        ; 0.000      ; 11.644     ;
; -10.906 ; cnt[0]    ; cnt[11] ; dly[15]      ; dly[15]     ; 1.000        ; 0.000      ; 11.573     ;
; -10.895 ; cnt[0]    ; cnt[4]  ; dly[15]      ; dly[15]     ; 1.000        ; 0.000      ; 11.562     ;
; -10.895 ; cnt[0]    ; cnt[8]  ; dly[15]      ; dly[15]     ; 1.000        ; 0.000      ; 11.562     ;
; -10.862 ; cnt[1]    ; cnt[6]  ; dly[15]      ; dly[15]     ; 1.000        ; 0.000      ; 11.529     ;
; -10.798 ; cnt[2]    ; cnt[9]  ; dly[15]      ; dly[15]     ; 1.000        ; 0.000      ; 11.465     ;
; -10.790 ; cnt[3]    ; cnt[0]  ; dly[15]      ; dly[15]     ; 1.000        ; 0.000      ; 11.457     ;
; -10.719 ; cnt[3]    ; cnt[11] ; dly[15]      ; dly[15]     ; 1.000        ; 0.000      ; 11.386     ;
; -10.719 ; cnt[0]    ; cnt[6]  ; dly[15]      ; dly[15]     ; 1.000        ; 0.000      ; 11.386     ;
; -10.708 ; cnt[3]    ; cnt[4]  ; dly[15]      ; dly[15]     ; 1.000        ; 0.000      ; 11.375     ;
; -10.708 ; cnt[3]    ; cnt[8]  ; dly[15]      ; dly[15]     ; 1.000        ; 0.000      ; 11.375     ;
; -10.662 ; cnt[2]    ; cnt[7]  ; dly[15]      ; dly[15]     ; 1.000        ; 0.000      ; 11.329     ;
; -10.571 ; cnt[1]    ; cnt[10] ; dly[15]      ; dly[15]     ; 1.000        ; 0.000      ; 11.238     ;
; -10.568 ; cnt[1]    ; cnt[12] ; dly[15]      ; dly[15]     ; 1.000        ; 0.000      ; 11.235     ;
; -10.544 ; cnt[0]    ; cnt[5]  ; dly[15]      ; dly[15]     ; 1.000        ; 0.000      ; 11.211     ;
; -10.532 ; cnt[3]    ; cnt[6]  ; dly[15]      ; dly[15]     ; 1.000        ; 0.000      ; 11.199     ;
; -10.504 ; cnt[8]    ; cnt[9]  ; dly[15]      ; dly[15]     ; 1.000        ; 0.000      ; 11.171     ;
; -10.495 ; cnt[1]    ; cnt[5]  ; dly[15]      ; dly[15]     ; 1.000        ; 0.000      ; 11.162     ;
; -10.448 ; cnt[1]    ; cnt[2]  ; dly[15]      ; dly[15]     ; 1.000        ; 0.000      ; 11.115     ;
; -10.443 ; cnt[1]    ; cnt[3]  ; dly[15]      ; dly[15]     ; 1.000        ; 0.000      ; 11.110     ;
; -10.428 ; cnt[0]    ; cnt[10] ; dly[15]      ; dly[15]     ; 1.000        ; 0.000      ; 11.095     ;
; -10.427 ; cnt[5]    ; cnt[9]  ; dly[15]      ; dly[15]     ; 1.000        ; 0.000      ; 11.094     ;
; -10.427 ; cnt[2]    ; cnt[0]  ; dly[15]      ; dly[15]     ; 1.000        ; 0.000      ; 11.094     ;
; -10.425 ; cnt[0]    ; cnt[12] ; dly[15]      ; dly[15]     ; 1.000        ; 0.000      ; 11.092     ;
; -10.403 ; cnt[2]    ; cnt[6]  ; dly[15]      ; dly[15]     ; 1.000        ; 0.000      ; 11.070     ;
; -10.382 ; cnt[5]    ; cnt[12] ; dly[15]      ; dly[15]     ; 1.000        ; 0.000      ; 11.049     ;
; -10.368 ; cnt[8]    ; cnt[7]  ; dly[15]      ; dly[15]     ; 1.000        ; 0.000      ; 11.035     ;
; -10.356 ; cnt[2]    ; cnt[11] ; dly[15]      ; dly[15]     ; 1.000        ; 0.000      ; 11.023     ;
; -10.345 ; cnt[2]    ; cnt[4]  ; dly[15]      ; dly[15]     ; 1.000        ; 0.000      ; 11.012     ;
; -10.345 ; cnt[2]    ; cnt[8]  ; dly[15]      ; dly[15]     ; 1.000        ; 0.000      ; 11.012     ;
; -10.334 ; cnt[4]    ; cnt[9]  ; dly[15]      ; dly[15]     ; 1.000        ; 0.000      ; 11.001     ;
; -10.318 ; cnt[1]    ; cnt[1]  ; dly[15]      ; dly[15]     ; 1.000        ; 0.000      ; 10.985     ;
; -10.305 ; cnt[0]    ; cnt[2]  ; dly[15]      ; dly[15]     ; 1.000        ; 0.000      ; 10.972     ;
; -10.305 ; cnt[2]    ; cnt[12] ; dly[15]      ; dly[15]     ; 1.000        ; 0.000      ; 10.972     ;
; -10.300 ; cnt[0]    ; cnt[3]  ; dly[15]      ; dly[15]     ; 1.000        ; 0.000      ; 10.967     ;
; -10.291 ; cnt[5]    ; cnt[7]  ; dly[15]      ; dly[15]     ; 1.000        ; 0.000      ; 10.958     ;
; -10.267 ; cnt[2]    ; cnt[5]  ; dly[15]      ; dly[15]     ; 1.000        ; 0.000      ; 10.934     ;
; -10.241 ; cnt[3]    ; cnt[10] ; dly[15]      ; dly[15]     ; 1.000        ; 0.000      ; 10.908     ;
; -10.238 ; cnt[3]    ; cnt[12] ; dly[15]      ; dly[15]     ; 1.000        ; 0.000      ; 10.905     ;
; -10.198 ; cnt[4]    ; cnt[7]  ; dly[15]      ; dly[15]     ; 1.000        ; 0.000      ; 10.865     ;
; -10.175 ; cnt[0]    ; cnt[1]  ; dly[15]      ; dly[15]     ; 1.000        ; 0.000      ; 10.842     ;
; -10.157 ; cnt[3]    ; cnt[5]  ; dly[15]      ; dly[15]     ; 1.000        ; 0.000      ; 10.824     ;
; -10.147 ; cnt[5]    ; cnt[6]  ; dly[15]      ; dly[15]     ; 1.000        ; 0.000      ; 10.814     ;
; -10.146 ; cnt[4]    ; cnt[5]  ; dly[15]      ; dly[15]     ; 1.000        ; 0.000      ; 10.813     ;
; -10.140 ; cnt[1]    ; cnt[14] ; dly[15]      ; dly[15]     ; 1.000        ; 0.000      ; 10.807     ;
; -10.133 ; cnt[8]    ; cnt[0]  ; dly[15]      ; dly[15]     ; 1.000        ; 0.000      ; 10.800     ;
; -10.118 ; cnt[3]    ; cnt[2]  ; dly[15]      ; dly[15]     ; 1.000        ; 0.000      ; 10.785     ;
; -10.113 ; cnt[3]    ; cnt[3]  ; dly[15]      ; dly[15]     ; 1.000        ; 0.000      ; 10.780     ;
; -10.080 ; cnt[6]    ; cnt[9]  ; dly[15]      ; dly[15]     ; 1.000        ; 0.000      ; 10.747     ;
; -10.062 ; cnt[8]    ; cnt[11] ; dly[15]      ; dly[15]     ; 1.000        ; 0.000      ; 10.729     ;
; -10.056 ; cnt[5]    ; cnt[0]  ; dly[15]      ; dly[15]     ; 1.000        ; 0.000      ; 10.723     ;
; -10.051 ; cnt[8]    ; cnt[4]  ; dly[15]      ; dly[15]     ; 1.000        ; 0.000      ; 10.718     ;
; -10.051 ; cnt[8]    ; cnt[8]  ; dly[15]      ; dly[15]     ; 1.000        ; 0.000      ; 10.718     ;
; -9.997  ; cnt[0]    ; cnt[14] ; dly[15]      ; dly[15]     ; 1.000        ; 0.000      ; 10.664     ;
; -9.988  ; cnt[3]    ; cnt[1]  ; dly[15]      ; dly[15]     ; 1.000        ; 0.000      ; 10.655     ;
; -9.985  ; cnt[5]    ; cnt[11] ; dly[15]      ; dly[15]     ; 1.000        ; 0.000      ; 10.652     ;
; -9.974  ; cnt[5]    ; cnt[4]  ; dly[15]      ; dly[15]     ; 1.000        ; 0.000      ; 10.641     ;
; -9.974  ; cnt[5]    ; cnt[8]  ; dly[15]      ; dly[15]     ; 1.000        ; 0.000      ; 10.641     ;
; -9.963  ; cnt[4]    ; cnt[0]  ; dly[15]      ; dly[15]     ; 1.000        ; 0.000      ; 10.630     ;
; -9.956  ; cnt[1]    ; cnt[13] ; dly[15]      ; dly[15]     ; 1.000        ; 0.000      ; 10.623     ;
; -9.955  ; cnt[7]    ; cnt[9]  ; dly[15]      ; dly[15]     ; 1.000        ; 0.000      ; 10.622     ;
; -9.934  ; cnt[6]    ; cnt[7]  ; dly[15]      ; dly[15]     ; 1.000        ; 0.000      ; 10.601     ;
; -9.892  ; cnt[4]    ; cnt[11] ; dly[15]      ; dly[15]     ; 1.000        ; 0.000      ; 10.559     ;
; -9.881  ; cnt[4]    ; cnt[4]  ; dly[15]      ; dly[15]     ; 1.000        ; 0.000      ; 10.548     ;
; -9.881  ; cnt[4]    ; cnt[8]  ; dly[15]      ; dly[15]     ; 1.000        ; 0.000      ; 10.548     ;
; -9.878  ; cnt[2]    ; cnt[10] ; dly[15]      ; dly[15]     ; 1.000        ; 0.000      ; 10.545     ;
; -9.875  ; cnt[8]    ; cnt[6]  ; dly[15]      ; dly[15]     ; 1.000        ; 0.000      ; 10.542     ;
; -9.861  ; cnt[5]    ; cnt[13] ; dly[15]      ; dly[15]     ; 1.000        ; 0.000      ; 10.528     ;
; -9.825  ; cnt[6]    ; cnt[12] ; dly[15]      ; dly[15]     ; 1.000        ; 0.000      ; 10.492     ;
; -9.813  ; cnt[0]    ; cnt[13] ; dly[15]      ; dly[15]     ; 1.000        ; 0.000      ; 10.480     ;
; -9.810  ; cnt[3]    ; cnt[14] ; dly[15]      ; dly[15]     ; 1.000        ; 0.000      ; 10.477     ;
; -9.784  ; cnt[2]    ; cnt[13] ; dly[15]      ; dly[15]     ; 1.000        ; 0.000      ; 10.451     ;
; -9.765  ; cnt[1]    ; cnt[15] ; dly[15]      ; dly[15]     ; 1.000        ; 0.000      ; 10.432     ;
; -9.755  ; cnt[2]    ; cnt[2]  ; dly[15]      ; dly[15]     ; 1.000        ; 0.000      ; 10.422     ;
; -9.750  ; cnt[2]    ; cnt[3]  ; dly[15]      ; dly[15]     ; 1.000        ; 0.000      ; 10.417     ;
; -9.705  ; cnt[4]    ; cnt[6]  ; dly[15]      ; dly[15]     ; 1.000        ; 0.000      ; 10.372     ;
; -9.699  ; cnt[6]    ; cnt[0]  ; dly[15]      ; dly[15]     ; 1.000        ; 0.000      ; 10.366     ;
; -9.665  ; cnt[9]    ; cnt[13] ; dly[15]      ; dly[15]     ; 1.000        ; 0.000      ; 10.332     ;
; -9.662  ; cnt[5]    ; cnt[5]  ; dly[15]      ; dly[15]     ; 1.000        ; 0.000      ; 10.329     ;
; -9.645  ; cnt[10]   ; cnt[9]  ; dly[15]      ; dly[15]     ; 1.000        ; 0.000      ; 10.312     ;
; -9.637  ; cnt[7]    ; cnt[12] ; dly[15]      ; dly[15]     ; 1.000        ; 0.000      ; 10.304     ;
; -9.628  ; cnt[6]    ; cnt[11] ; dly[15]      ; dly[15]     ; 1.000        ; 0.000      ; 10.295     ;
; -9.626  ; cnt[3]    ; cnt[13] ; dly[15]      ; dly[15]     ; 1.000        ; 0.000      ; 10.293     ;
; -9.625  ; cnt[2]    ; cnt[1]  ; dly[15]      ; dly[15]     ; 1.000        ; 0.000      ; 10.292     ;
; -9.622  ; cnt[0]    ; cnt[15] ; dly[15]      ; dly[15]     ; 1.000        ; 0.000      ; 10.289     ;
; -9.618  ; cnt[4]    ; cnt[12] ; dly[15]      ; dly[15]     ; 1.000        ; 0.000      ; 10.285     ;
; -9.617  ; cnt[6]    ; cnt[4]  ; dly[15]      ; dly[15]     ; 1.000        ; 0.000      ; 10.284     ;
; -9.617  ; cnt[6]    ; cnt[8]  ; dly[15]      ; dly[15]     ; 1.000        ; 0.000      ; 10.284     ;
; -9.597  ; cnt[4]    ; cnt[10] ; dly[15]      ; dly[15]     ; 1.000        ; 0.000      ; 10.264     ;
; -9.584  ; cnt[8]    ; cnt[10] ; dly[15]      ; dly[15]     ; 1.000        ; 0.000      ; 10.251     ;
+---------+-----------+---------+--------------+-------------+--------------+------------+------------+


+----------------------------------------------------------------------------------------------------+
; Setup: 'clk'                                                                                       ;
+--------+-----------+---------+--------------+-------------+--------------+------------+------------+
; Slack  ; From Node ; To Node ; Launch Clock ; Latch Clock ; Relationship ; Clock Skew ; Data Delay ;
+--------+-----------+---------+--------------+-------------+--------------+------------+------------+
; -4.568 ; dly[3]    ; dly[21] ; clk          ; clk         ; 1.000        ; 0.000      ; 5.235      ;
; -4.568 ; dly[3]    ; dly[18] ; clk          ; clk         ; 1.000        ; 0.000      ; 5.235      ;
; -4.568 ; dly[3]    ; dly[20] ; clk          ; clk         ; 1.000        ; 0.000      ; 5.235      ;
; -4.568 ; dly[3]    ; dly[22] ; clk          ; clk         ; 1.000        ; 0.000      ; 5.235      ;
; -4.568 ; dly[3]    ; dly[19] ; clk          ; clk         ; 1.000        ; 0.000      ; 5.235      ;
; -4.555 ; dly[3]    ; dly[24] ; clk          ; clk         ; 1.000        ; 0.000      ; 5.222      ;
; -4.555 ; dly[3]    ; dly[23] ; clk          ; clk         ; 1.000        ; 0.000      ; 5.222      ;
; -4.446 ; dly[4]    ; dly[21] ; clk          ; clk         ; 1.000        ; 0.000      ; 5.113      ;
; -4.446 ; dly[4]    ; dly[18] ; clk          ; clk         ; 1.000        ; 0.000      ; 5.113      ;
; -4.446 ; dly[4]    ; dly[20] ; clk          ; clk         ; 1.000        ; 0.000      ; 5.113      ;
; -4.446 ; dly[4]    ; dly[22] ; clk          ; clk         ; 1.000        ; 0.000      ; 5.113      ;
; -4.446 ; dly[4]    ; dly[19] ; clk          ; clk         ; 1.000        ; 0.000      ; 5.113      ;
; -4.433 ; dly[4]    ; dly[24] ; clk          ; clk         ; 1.000        ; 0.000      ; 5.100      ;
; -4.433 ; dly[4]    ; dly[23] ; clk          ; clk         ; 1.000        ; 0.000      ; 5.100      ;
; -4.401 ; dly[1]    ; dly[21] ; clk          ; clk         ; 1.000        ; 0.000      ; 5.068      ;
; -4.401 ; dly[1]    ; dly[18] ; clk          ; clk         ; 1.000        ; 0.000      ; 5.068      ;
; -4.401 ; dly[1]    ; dly[20] ; clk          ; clk         ; 1.000        ; 0.000      ; 5.068      ;
; -4.401 ; dly[1]    ; dly[22] ; clk          ; clk         ; 1.000        ; 0.000      ; 5.068      ;
; -4.401 ; dly[1]    ; dly[19] ; clk          ; clk         ; 1.000        ; 0.000      ; 5.068      ;
; -4.388 ; dly[1]    ; dly[24] ; clk          ; clk         ; 1.000        ; 0.000      ; 5.055      ;
; -4.388 ; dly[1]    ; dly[23] ; clk          ; clk         ; 1.000        ; 0.000      ; 5.055      ;
; -4.249 ; dly[2]    ; dly[21] ; clk          ; clk         ; 1.000        ; 0.000      ; 4.916      ;
; -4.249 ; dly[2]    ; dly[18] ; clk          ; clk         ; 1.000        ; 0.000      ; 4.916      ;
; -4.249 ; dly[2]    ; dly[20] ; clk          ; clk         ; 1.000        ; 0.000      ; 4.916      ;
; -4.249 ; dly[2]    ; dly[22] ; clk          ; clk         ; 1.000        ; 0.000      ; 4.916      ;
; -4.249 ; dly[2]    ; dly[19] ; clk          ; clk         ; 1.000        ; 0.000      ; 4.916      ;
; -4.236 ; dly[2]    ; dly[24] ; clk          ; clk         ; 1.000        ; 0.000      ; 4.903      ;
; -4.236 ; dly[2]    ; dly[23] ; clk          ; clk         ; 1.000        ; 0.000      ; 4.903      ;
; -4.228 ; dly[0]    ; dly[21] ; clk          ; clk         ; 1.000        ; 0.000      ; 4.895      ;
; -4.228 ; dly[0]    ; dly[18] ; clk          ; clk         ; 1.000        ; 0.000      ; 4.895      ;
; -4.228 ; dly[0]    ; dly[20] ; clk          ; clk         ; 1.000        ; 0.000      ; 4.895      ;
; -4.228 ; dly[0]    ; dly[22] ; clk          ; clk         ; 1.000        ; 0.000      ; 4.895      ;
; -4.228 ; dly[0]    ; dly[19] ; clk          ; clk         ; 1.000        ; 0.000      ; 4.895      ;
; -4.215 ; dly[0]    ; dly[24] ; clk          ; clk         ; 1.000        ; 0.000      ; 4.882      ;
; -4.215 ; dly[0]    ; dly[23] ; clk          ; clk         ; 1.000        ; 0.000      ; 4.882      ;
; -4.190 ; dly[6]    ; dly[21] ; clk          ; clk         ; 1.000        ; 0.000      ; 4.857      ;
; -4.190 ; dly[6]    ; dly[18] ; clk          ; clk         ; 1.000        ; 0.000      ; 4.857      ;
; -4.190 ; dly[6]    ; dly[20] ; clk          ; clk         ; 1.000        ; 0.000      ; 4.857      ;
; -4.190 ; dly[6]    ; dly[22] ; clk          ; clk         ; 1.000        ; 0.000      ; 4.857      ;
; -4.190 ; dly[6]    ; dly[19] ; clk          ; clk         ; 1.000        ; 0.000      ; 4.857      ;
; -4.177 ; dly[6]    ; dly[24] ; clk          ; clk         ; 1.000        ; 0.000      ; 4.844      ;
; -4.177 ; dly[6]    ; dly[23] ; clk          ; clk         ; 1.000        ; 0.000      ; 4.844      ;
; -4.109 ; dly[5]    ; dly[21] ; clk          ; clk         ; 1.000        ; 0.000      ; 4.776      ;
; -4.109 ; dly[5]    ; dly[18] ; clk          ; clk         ; 1.000        ; 0.000      ; 4.776      ;
; -4.109 ; dly[5]    ; dly[20] ; clk          ; clk         ; 1.000        ; 0.000      ; 4.776      ;
; -4.109 ; dly[5]    ; dly[22] ; clk          ; clk         ; 1.000        ; 0.000      ; 4.776      ;
; -4.109 ; dly[5]    ; dly[19] ; clk          ; clk         ; 1.000        ; 0.000      ; 4.776      ;
; -4.096 ; dly[5]    ; dly[24] ; clk          ; clk         ; 1.000        ; 0.000      ; 4.763      ;
; -4.096 ; dly[5]    ; dly[23] ; clk          ; clk         ; 1.000        ; 0.000      ; 4.763      ;
; -3.973 ; dly[3]    ; dly[12] ; clk          ; clk         ; 1.000        ; 0.000      ; 4.640      ;
; -3.973 ; dly[3]    ; dly[11] ; clk          ; clk         ; 1.000        ; 0.000      ; 4.640      ;
; -3.973 ; dly[3]    ; dly[10] ; clk          ; clk         ; 1.000        ; 0.000      ; 4.640      ;
; -3.973 ; dly[3]    ; dly[9]  ; clk          ; clk         ; 1.000        ; 0.000      ; 4.640      ;
; -3.973 ; dly[3]    ; dly[8]  ; clk          ; clk         ; 1.000        ; 0.000      ; 4.640      ;
; -3.973 ; dly[13]   ; dly[21] ; clk          ; clk         ; 1.000        ; 0.000      ; 4.640      ;
; -3.973 ; dly[13]   ; dly[18] ; clk          ; clk         ; 1.000        ; 0.000      ; 4.640      ;
; -3.973 ; dly[13]   ; dly[20] ; clk          ; clk         ; 1.000        ; 0.000      ; 4.640      ;
; -3.973 ; dly[13]   ; dly[22] ; clk          ; clk         ; 1.000        ; 0.000      ; 4.640      ;
; -3.973 ; dly[13]   ; dly[19] ; clk          ; clk         ; 1.000        ; 0.000      ; 4.640      ;
; -3.961 ; dly[8]    ; dly[21] ; clk          ; clk         ; 1.000        ; 0.000      ; 4.628      ;
; -3.961 ; dly[8]    ; dly[18] ; clk          ; clk         ; 1.000        ; 0.000      ; 4.628      ;
; -3.961 ; dly[8]    ; dly[20] ; clk          ; clk         ; 1.000        ; 0.000      ; 4.628      ;
; -3.961 ; dly[8]    ; dly[22] ; clk          ; clk         ; 1.000        ; 0.000      ; 4.628      ;
; -3.961 ; dly[8]    ; dly[19] ; clk          ; clk         ; 1.000        ; 0.000      ; 4.628      ;
; -3.960 ; dly[3]    ; dly[14] ; clk          ; clk         ; 1.000        ; 0.000      ; 4.627      ;
; -3.960 ; dly[3]    ; dly[15] ; clk          ; clk         ; 1.000        ; 0.000      ; 4.627      ;
; -3.960 ; dly[3]    ; dly[17] ; clk          ; clk         ; 1.000        ; 0.000      ; 4.627      ;
; -3.960 ; dly[3]    ; dly[13] ; clk          ; clk         ; 1.000        ; 0.000      ; 4.627      ;
; -3.960 ; dly[3]    ; dly[16] ; clk          ; clk         ; 1.000        ; 0.000      ; 4.627      ;
; -3.960 ; dly[13]   ; dly[24] ; clk          ; clk         ; 1.000        ; 0.000      ; 4.627      ;
; -3.960 ; dly[13]   ; dly[23] ; clk          ; clk         ; 1.000        ; 0.000      ; 4.627      ;
; -3.956 ; dly[7]    ; dly[21] ; clk          ; clk         ; 1.000        ; 0.000      ; 4.623      ;
; -3.956 ; dly[7]    ; dly[18] ; clk          ; clk         ; 1.000        ; 0.000      ; 4.623      ;
; -3.956 ; dly[7]    ; dly[20] ; clk          ; clk         ; 1.000        ; 0.000      ; 4.623      ;
; -3.956 ; dly[7]    ; dly[22] ; clk          ; clk         ; 1.000        ; 0.000      ; 4.623      ;
; -3.956 ; dly[7]    ; dly[19] ; clk          ; clk         ; 1.000        ; 0.000      ; 4.623      ;
; -3.948 ; dly[8]    ; dly[24] ; clk          ; clk         ; 1.000        ; 0.000      ; 4.615      ;
; -3.948 ; dly[8]    ; dly[23] ; clk          ; clk         ; 1.000        ; 0.000      ; 4.615      ;
; -3.943 ; dly[7]    ; dly[24] ; clk          ; clk         ; 1.000        ; 0.000      ; 4.610      ;
; -3.943 ; dly[7]    ; dly[23] ; clk          ; clk         ; 1.000        ; 0.000      ; 4.610      ;
; -3.851 ; dly[4]    ; dly[12] ; clk          ; clk         ; 1.000        ; 0.000      ; 4.518      ;
; -3.851 ; dly[4]    ; dly[11] ; clk          ; clk         ; 1.000        ; 0.000      ; 4.518      ;
; -3.851 ; dly[4]    ; dly[10] ; clk          ; clk         ; 1.000        ; 0.000      ; 4.518      ;
; -3.851 ; dly[4]    ; dly[9]  ; clk          ; clk         ; 1.000        ; 0.000      ; 4.518      ;
; -3.851 ; dly[4]    ; dly[8]  ; clk          ; clk         ; 1.000        ; 0.000      ; 4.518      ;
; -3.848 ; dly[9]    ; dly[21] ; clk          ; clk         ; 1.000        ; 0.000      ; 4.515      ;
; -3.848 ; dly[9]    ; dly[18] ; clk          ; clk         ; 1.000        ; 0.000      ; 4.515      ;
; -3.848 ; dly[9]    ; dly[20] ; clk          ; clk         ; 1.000        ; 0.000      ; 4.515      ;
; -3.848 ; dly[9]    ; dly[22] ; clk          ; clk         ; 1.000        ; 0.000      ; 4.515      ;
; -3.848 ; dly[9]    ; dly[19] ; clk          ; clk         ; 1.000        ; 0.000      ; 4.515      ;
; -3.838 ; dly[4]    ; dly[14] ; clk          ; clk         ; 1.000        ; 0.000      ; 4.505      ;
; -3.838 ; dly[4]    ; dly[15] ; clk          ; clk         ; 1.000        ; 0.000      ; 4.505      ;
; -3.838 ; dly[4]    ; dly[17] ; clk          ; clk         ; 1.000        ; 0.000      ; 4.505      ;
; -3.838 ; dly[4]    ; dly[13] ; clk          ; clk         ; 1.000        ; 0.000      ; 4.505      ;
; -3.838 ; dly[4]    ; dly[16] ; clk          ; clk         ; 1.000        ; 0.000      ; 4.505      ;
; -3.835 ; dly[9]    ; dly[24] ; clk          ; clk         ; 1.000        ; 0.000      ; 4.502      ;
; -3.835 ; dly[9]    ; dly[23] ; clk          ; clk         ; 1.000        ; 0.000      ; 4.502      ;
; -3.806 ; dly[1]    ; dly[12] ; clk          ; clk         ; 1.000        ; 0.000      ; 4.473      ;
; -3.806 ; dly[1]    ; dly[11] ; clk          ; clk         ; 1.000        ; 0.000      ; 4.473      ;
; -3.806 ; dly[1]    ; dly[10] ; clk          ; clk         ; 1.000        ; 0.000      ; 4.473      ;
+--------+-----------+---------+--------------+-------------+--------------+------------+------------+


+----------------------------------------------------------------------------------------------------+
; Setup: 'dly[14]'                                                                                   ;
+--------+-----------+---------+--------------+-------------+--------------+------------+------------+
; Slack  ; From Node ; To Node ; Launch Clock ; Latch Clock ; Relationship ; Clock Skew ; Data Delay ;
+--------+-----------+---------+--------------+-------------+--------------+------------+------------+
; -1.528 ; scan[1]   ; scan[1] ; dly[14]      ; dly[14]     ; 1.000        ; 0.000      ; 2.195      ;
; -1.221 ; scan[0]   ; scan[1] ; dly[14]      ; dly[14]     ; 1.000        ; 0.000      ; 1.888      ;
; -1.213 ; scan[0]   ; scan[0] ; dly[14]      ; dly[14]     ; 1.000        ; 0.000      ; 1.880      ;
+--------+-----------+---------+--------------+-------------+--------------+------------+------------+


+---------------------------------------------------------------------------------------------------------------+
; Setup: 'dekey:u1|state[0]'                                                                                    ;
+--------+-----------+---------+-------------------+-------------------+--------------+------------+------------+
; Slack  ; From Node ; To Node ; Launch Clock      ; Latch Clock       ; Relationship ; Clock Skew ; Data Delay ;
+--------+-----------+---------+-------------------+-------------------+--------------+------------+------------+
; -1.452 ; sel[1]    ; sel[1]  ; dekey:u1|state[0] ; dekey:u1|state[0] ; 1.000        ; 0.000      ; 2.119      ;
; -1.216 ; sel[0]    ; sel[1]  ; dekey:u1|state[0] ; dekey:u1|state[0] ; 1.000        ; 0.000      ; 1.883      ;
; -1.215 ; sel[0]    ; sel[0]  ; dekey:u1|state[0] ; dekey:u1|state[0] ; 1.000        ; 0.000      ; 1.882      ;
+--------+-----------+---------+-------------------+-------------------+--------------+------------+------------+


+---------------------------------------------------------------------------------------------------------------------------+
; Setup: 'dly[17]'                                                                                                          ;
+--------+-------------------+-------------------+-------------------+-------------+--------------+------------+------------+
; Slack  ; From Node         ; To Node           ; Launch Clock      ; Latch Clock ; Relationship ; Clock Skew ; Data Delay ;
+--------+-------------------+-------------------+-------------------+-------------+--------------+------------+------------+
; -1.242 ; dekey:u1|state[1] ; dekey:u1|state[0] ; dly[17]           ; dly[17]     ; 1.000        ; 0.000      ; 1.909      ;
; -1.240 ; dekey:u1|state[1] ; dekey:u1|state[1] ; dly[17]           ; dly[17]     ; 1.000        ; 0.000      ; 1.907      ;
; 0.572  ; dekey:u1|state[0] ; dekey:u1|state[1] ; dekey:u1|state[0] ; dly[17]     ; 0.500        ; 2.181      ; 2.152      ;
; 0.576  ; dekey:u1|state[0] ; dekey:u1|state[0] ; dekey:u1|state[0] ; dly[17]     ; 0.500        ; 2.181      ; 2.148      ;
; 1.072  ; dekey:u1|state[0] ; dekey:u1|state[1] ; dekey:u1|state[0] ; dly[17]     ; 1.000        ; 2.181      ; 2.152      ;
; 1.076  ; dekey:u1|state[0] ; dekey:u1|state[0] ; dekey:u1|state[0] ; dly[17]     ; 1.000        ; 2.181      ; 2.148      ;
+--------+-------------------+-------------------+-------------------+-------------+--------------+------------+------------+


+----------------------------------------------------------------------------------------------------+
; Hold: 'clk'                                                                                        ;
+--------+-----------+---------+--------------+-------------+--------------+------------+------------+
; Slack  ; From Node ; To Node ; Launch Clock ; Latch Clock ; Relationship ; Clock Skew ; Data Delay ;
+--------+-----------+---------+--------------+-------------+--------------+------------+------------+
; -1.940 ; dly[15]   ; dly[15] ; dly[15]      ; clk         ; 0.000        ; 3.681      ; 2.338      ;
; -1.931 ; dly[17]   ; dly[17] ; dly[17]      ; clk         ; 0.000        ; 3.681      ; 2.347      ;
; -1.826 ; dly[14]   ; dly[14] ; dly[14]      ; clk         ; 0.000        ; 3.681      ; 2.452      ;
; -1.440 ; dly[15]   ; dly[15] ; dly[15]      ; clk         ; -0.500       ; 3.681      ; 2.338      ;
; -1.431 ; dly[17]   ; dly[17] ; dly[17]      ; clk         ; -0.500       ; 3.681      ; 2.347      ;
; -1.326 ; dly[14]   ; dly[14] ; dly[14]      ; clk         ; -0.500       ; 3.681      ; 2.452      ;
; -1.108 ; dly[15]   ; dly[16] ; dly[15]      ; clk         ; 0.000        ; 3.681      ; 3.170      ;
; -0.997 ; dly[15]   ; dly[17] ; dly[15]      ; clk         ; 0.000        ; 3.681      ; 3.281      ;
; -0.886 ; dly[14]   ; dly[15] ; dly[14]      ; clk         ; 0.000        ; 3.681      ; 3.392      ;
; -0.775 ; dly[14]   ; dly[16] ; dly[14]      ; clk         ; 0.000        ; 3.681      ; 3.503      ;
; -0.664 ; dly[14]   ; dly[17] ; dly[14]      ; clk         ; 0.000        ; 3.681      ; 3.614      ;
; -0.608 ; dly[15]   ; dly[16] ; dly[15]      ; clk         ; -0.500       ; 3.681      ; 3.170      ;
; -0.497 ; dly[15]   ; dly[17] ; dly[15]      ; clk         ; -0.500       ; 3.681      ; 3.281      ;
; -0.386 ; dly[14]   ; dly[15] ; dly[14]      ; clk         ; -0.500       ; 3.681      ; 3.392      ;
; -0.280 ; dly[17]   ; dly[24] ; dly[17]      ; clk         ; 0.000        ; 3.681      ; 3.998      ;
; -0.280 ; dly[17]   ; dly[23] ; dly[17]      ; clk         ; 0.000        ; 3.681      ; 3.998      ;
; -0.275 ; dly[14]   ; dly[16] ; dly[14]      ; clk         ; -0.500       ; 3.681      ; 3.503      ;
; -0.267 ; dly[17]   ; dly[21] ; dly[17]      ; clk         ; 0.000        ; 3.681      ; 4.011      ;
; -0.267 ; dly[17]   ; dly[18] ; dly[17]      ; clk         ; 0.000        ; 3.681      ; 4.011      ;
; -0.267 ; dly[17]   ; dly[20] ; dly[17]      ; clk         ; 0.000        ; 3.681      ; 4.011      ;
; -0.267 ; dly[17]   ; dly[22] ; dly[17]      ; clk         ; 0.000        ; 3.681      ; 4.011      ;
; -0.267 ; dly[17]   ; dly[19] ; dly[17]      ; clk         ; 0.000        ; 3.681      ; 4.011      ;
; -0.164 ; dly[14]   ; dly[17] ; dly[14]      ; clk         ; -0.500       ; 3.681      ; 3.614      ;
; -0.147 ; dly[15]   ; dly[24] ; dly[15]      ; clk         ; 0.000        ; 3.681      ; 4.131      ;
; -0.147 ; dly[15]   ; dly[23] ; dly[15]      ; clk         ; 0.000        ; 3.681      ; 4.131      ;
; -0.134 ; dly[15]   ; dly[21] ; dly[15]      ; clk         ; 0.000        ; 3.681      ; 4.144      ;
; -0.134 ; dly[15]   ; dly[18] ; dly[15]      ; clk         ; 0.000        ; 3.681      ; 4.144      ;
; -0.134 ; dly[15]   ; dly[20] ; dly[15]      ; clk         ; 0.000        ; 3.681      ; 4.144      ;
; -0.134 ; dly[15]   ; dly[22] ; dly[15]      ; clk         ; 0.000        ; 3.681      ; 4.144      ;
; -0.134 ; dly[15]   ; dly[19] ; dly[15]      ; clk         ; 0.000        ; 3.681      ; 4.144      ;
; 0.186  ; dly[14]   ; dly[24] ; dly[14]      ; clk         ; 0.000        ; 3.681      ; 4.464      ;
; 0.186  ; dly[14]   ; dly[23] ; dly[14]      ; clk         ; 0.000        ; 3.681      ; 4.464      ;
; 0.199  ; dly[14]   ; dly[21] ; dly[14]      ; clk         ; 0.000        ; 3.681      ; 4.477      ;
; 0.199  ; dly[14]   ; dly[18] ; dly[14]      ; clk         ; 0.000        ; 3.681      ; 4.477      ;
; 0.199  ; dly[14]   ; dly[20] ; dly[14]      ; clk         ; 0.000        ; 3.681      ; 4.477      ;
; 0.199  ; dly[14]   ; dly[22] ; dly[14]      ; clk         ; 0.000        ; 3.681      ; 4.477      ;
; 0.199  ; dly[14]   ; dly[19] ; dly[14]      ; clk         ; 0.000        ; 3.681      ; 4.477      ;
; 0.220  ; dly[17]   ; dly[24] ; dly[17]      ; clk         ; -0.500       ; 3.681      ; 3.998      ;
; 0.220  ; dly[17]   ; dly[23] ; dly[17]      ; clk         ; -0.500       ; 3.681      ; 3.998      ;
; 0.233  ; dly[17]   ; dly[21] ; dly[17]      ; clk         ; -0.500       ; 3.681      ; 4.011      ;
; 0.233  ; dly[17]   ; dly[18] ; dly[17]      ; clk         ; -0.500       ; 3.681      ; 4.011      ;
; 0.233  ; dly[17]   ; dly[20] ; dly[17]      ; clk         ; -0.500       ; 3.681      ; 4.011      ;
; 0.233  ; dly[17]   ; dly[22] ; dly[17]      ; clk         ; -0.500       ; 3.681      ; 4.011      ;
; 0.233  ; dly[17]   ; dly[19] ; dly[17]      ; clk         ; -0.500       ; 3.681      ; 4.011      ;
; 0.353  ; dly[15]   ; dly[24] ; dly[15]      ; clk         ; -0.500       ; 3.681      ; 4.131      ;
; 0.353  ; dly[15]   ; dly[23] ; dly[15]      ; clk         ; -0.500       ; 3.681      ; 4.131      ;
; 0.366  ; dly[15]   ; dly[21] ; dly[15]      ; clk         ; -0.500       ; 3.681      ; 4.144      ;
; 0.366  ; dly[15]   ; dly[18] ; dly[15]      ; clk         ; -0.500       ; 3.681      ; 4.144      ;
; 0.366  ; dly[15]   ; dly[20] ; dly[15]      ; clk         ; -0.500       ; 3.681      ; 4.144      ;
; 0.366  ; dly[15]   ; dly[22] ; dly[15]      ; clk         ; -0.500       ; 3.681      ; 4.144      ;
; 0.366  ; dly[15]   ; dly[19] ; dly[15]      ; clk         ; -0.500       ; 3.681      ; 4.144      ;
; 0.686  ; dly[14]   ; dly[24] ; dly[14]      ; clk         ; -0.500       ; 3.681      ; 4.464      ;
; 0.686  ; dly[14]   ; dly[23] ; dly[14]      ; clk         ; -0.500       ; 3.681      ; 4.464      ;
; 0.699  ; dly[14]   ; dly[21] ; dly[14]      ; clk         ; -0.500       ; 3.681      ; 4.477      ;
; 0.699  ; dly[14]   ; dly[18] ; dly[14]      ; clk         ; -0.500       ; 3.681      ; 4.477      ;
; 0.699  ; dly[14]   ; dly[20] ; dly[14]      ; clk         ; -0.500       ; 3.681      ; 4.477      ;
; 0.699  ; dly[14]   ; dly[22] ; dly[14]      ; clk         ; -0.500       ; 3.681      ; 4.477      ;
; 0.699  ; dly[14]   ; dly[19] ; dly[14]      ; clk         ; -0.500       ; 3.681      ; 4.477      ;
; 1.684  ; dly[0]    ; dly[0]  ; clk          ; clk         ; 0.000        ; 0.000      ; 1.905      ;
; 2.116  ; dly[8]    ; dly[8]  ; clk          ; clk         ; 0.000        ; 0.000      ; 2.337      ;
; 2.117  ; dly[20]   ; dly[20] ; clk          ; clk         ; 0.000        ; 0.000      ; 2.338      ;
; 2.117  ; dly[19]   ; dly[19] ; clk          ; clk         ; 0.000        ; 0.000      ; 2.338      ;
; 2.126  ; dly[18]   ; dly[18] ; clk          ; clk         ; 0.000        ; 0.000      ; 2.347      ;
; 2.126  ; dly[10]   ; dly[10] ; clk          ; clk         ; 0.000        ; 0.000      ; 2.347      ;
; 2.126  ; dly[9]    ; dly[9]  ; clk          ; clk         ; 0.000        ; 0.000      ; 2.347      ;
; 2.126  ; dly[5]    ; dly[5]  ; clk          ; clk         ; 0.000        ; 0.000      ; 2.347      ;
; 2.143  ; dly[7]    ; dly[7]  ; clk          ; clk         ; 0.000        ; 0.000      ; 2.364      ;
; 2.157  ; dly[0]    ; dly[1]  ; clk          ; clk         ; 0.000        ; 0.000      ; 2.378      ;
; 2.221  ; dly[16]   ; dly[16] ; clk          ; clk         ; 0.000        ; 0.000      ; 2.442      ;
; 2.221  ; dly[11]   ; dly[11] ; clk          ; clk         ; 0.000        ; 0.000      ; 2.442      ;
; 2.221  ; dly[6]    ; dly[6]  ; clk          ; clk         ; 0.000        ; 0.000      ; 2.442      ;
; 2.221  ; dly[1]    ; dly[1]  ; clk          ; clk         ; 0.000        ; 0.000      ; 2.442      ;
; 2.230  ; dly[13]   ; dly[13] ; clk          ; clk         ; 0.000        ; 0.000      ; 2.451      ;
; 2.230  ; dly[3]    ; dly[3]  ; clk          ; clk         ; 0.000        ; 0.000      ; 2.451      ;
; 2.231  ; dly[12]   ; dly[12] ; clk          ; clk         ; 0.000        ; 0.000      ; 2.452      ;
; 2.231  ; dly[4]    ; dly[4]  ; clk          ; clk         ; 0.000        ; 0.000      ; 2.452      ;
; 2.231  ; dly[2]    ; dly[2]  ; clk          ; clk         ; 0.000        ; 0.000      ; 2.452      ;
; 2.232  ; dly[21]   ; dly[21] ; clk          ; clk         ; 0.000        ; 0.000      ; 2.453      ;
; 2.240  ; dly[23]   ; dly[23] ; clk          ; clk         ; 0.000        ; 0.000      ; 2.461      ;
; 2.240  ; dly[22]   ; dly[22] ; clk          ; clk         ; 0.000        ; 0.000      ; 2.461      ;
; 2.251  ; dly[24]   ; dly[24] ; clk          ; clk         ; 0.000        ; 0.000      ; 2.472      ;
; 2.948  ; dly[8]    ; dly[9]  ; clk          ; clk         ; 0.000        ; 0.000      ; 3.169      ;
; 2.949  ; dly[20]   ; dly[21] ; clk          ; clk         ; 0.000        ; 0.000      ; 3.170      ;
; 2.949  ; dly[19]   ; dly[20] ; clk          ; clk         ; 0.000        ; 0.000      ; 3.170      ;
; 2.958  ; dly[18]   ; dly[19] ; clk          ; clk         ; 0.000        ; 0.000      ; 3.179      ;
; 2.958  ; dly[10]   ; dly[11] ; clk          ; clk         ; 0.000        ; 0.000      ; 3.179      ;
; 2.958  ; dly[9]    ; dly[10] ; clk          ; clk         ; 0.000        ; 0.000      ; 3.179      ;
; 2.958  ; dly[5]    ; dly[6]  ; clk          ; clk         ; 0.000        ; 0.000      ; 3.179      ;
; 2.989  ; dly[0]    ; dly[2]  ; clk          ; clk         ; 0.000        ; 0.000      ; 3.210      ;
; 3.059  ; dly[8]    ; dly[10] ; clk          ; clk         ; 0.000        ; 0.000      ; 3.280      ;
; 3.060  ; dly[20]   ; dly[22] ; clk          ; clk         ; 0.000        ; 0.000      ; 3.281      ;
; 3.060  ; dly[19]   ; dly[21] ; clk          ; clk         ; 0.000        ; 0.000      ; 3.281      ;
; 3.069  ; dly[10]   ; dly[12] ; clk          ; clk         ; 0.000        ; 0.000      ; 3.290      ;
; 3.069  ; dly[5]    ; dly[7]  ; clk          ; clk         ; 0.000        ; 0.000      ; 3.290      ;
; 3.069  ; dly[18]   ; dly[20] ; clk          ; clk         ; 0.000        ; 0.000      ; 3.290      ;
; 3.069  ; dly[9]    ; dly[11] ; clk          ; clk         ; 0.000        ; 0.000      ; 3.290      ;
; 3.161  ; dly[16]   ; dly[17] ; clk          ; clk         ; 0.000        ; 0.000      ; 3.382      ;
; 3.161  ; dly[1]    ; dly[2]  ; clk          ; clk         ; 0.000        ; 0.000      ; 3.382      ;
; 3.161  ; dly[11]   ; dly[12] ; clk          ; clk         ; 0.000        ; 0.000      ; 3.382      ;
; 3.161  ; dly[6]    ; dly[7]  ; clk          ; clk         ; 0.000        ; 0.000      ; 3.382      ;
+--------+-----------+---------+--------------+-------------+--------------+------------+------------+


+---------------------------------------------------------------------------------------------------------------------------+
; Hold: 'dly[17]'                                                                                                           ;
+--------+-------------------+-------------------+-------------------+-------------+--------------+------------+------------+
; Slack  ; From Node         ; To Node           ; Launch Clock      ; Latch Clock ; Relationship ; Clock Skew ; Data Delay ;
+--------+-------------------+-------------------+-------------------+-------------+--------------+------------+------------+
; -0.630 ; dekey:u1|state[0] ; dekey:u1|state[0] ; dekey:u1|state[0] ; dly[17]     ; 0.000        ; 2.181      ; 2.148      ;
; -0.626 ; dekey:u1|state[0] ; dekey:u1|state[1] ; dekey:u1|state[0] ; dly[17]     ; 0.000        ; 2.181      ; 2.152      ;
; -0.130 ; dekey:u1|state[0] ; dekey:u1|state[0] ; dekey:u1|state[0] ; dly[17]     ; -0.500       ; 2.181      ; 2.148      ;
; -0.126 ; dekey:u1|state[0] ; dekey:u1|state[1] ; dekey:u1|state[0] ; dly[17]     ; -0.500       ; 2.181      ; 2.152      ;
; 1.686  ; dekey:u1|state[1] ; dekey:u1|state[1] ; dly[17]           ; dly[17]     ; 0.000        ; 0.000      ; 1.907      ;
; 1.688  ; dekey:u1|state[1] ; dekey:u1|state[0] ; dly[17]           ; dly[17]     ; 0.000        ; 0.000      ; 1.909      ;
+--------+-------------------+-------------------+-------------------+-------------+--------------+------------+------------+


+---------------------------------------------------------------------------------------------------+
; Hold: 'dly[14]'                                                                                   ;
+-------+-----------+---------+--------------+-------------+--------------+------------+------------+
; Slack ; From Node ; To Node ; Launch Clock ; Latch Clock ; Relationship ; Clock Skew ; Data Delay ;
+-------+-----------+---------+--------------+-------------+--------------+------------+------------+
; 1.659 ; scan[0]   ; scan[0] ; dly[14]      ; dly[14]     ; 0.000        ; 0.000      ; 1.880      ;
; 1.667 ; scan[0]   ; scan[1] ; dly[14]      ; dly[14]     ; 0.000        ; 0.000      ; 1.888      ;
; 1.974 ; scan[1]   ; scan[1] ; dly[14]      ; dly[14]     ; 0.000        ; 0.000      ; 2.195      ;
+-------+-----------+---------+--------------+-------------+--------------+------------+------------+


+--------------------------------------------------------------------------------------------------------------+
; Hold: 'dekey:u1|state[0]'                                                                                    ;
+-------+-----------+---------+-------------------+-------------------+--------------+------------+------------+
; Slack ; From Node ; To Node ; Launch Clock      ; Latch Clock       ; Relationship ; Clock Skew ; Data Delay ;
+-------+-----------+---------+-------------------+-------------------+--------------+------------+------------+
; 1.661 ; sel[0]    ; sel[0]  ; dekey:u1|state[0] ; dekey:u1|state[0] ; 0.000        ; 0.000      ; 1.882      ;
; 1.662 ; sel[0]    ; sel[1]  ; dekey:u1|state[0] ; dekey:u1|state[0] ; 0.000        ; 0.000      ; 1.883      ;
; 1.898 ; sel[1]    ; sel[1]  ; dekey:u1|state[0] ; dekey:u1|state[0] ; 0.000        ; 0.000      ; 2.119      ;
+-------+-----------+---------+-------------------+-------------------+--------------+------------+------------+


+---------------------------------------------------------------------------------------------------+
; Hold: 'dly[15]'                                                                                   ;
+-------+-----------+---------+--------------+-------------+--------------+------------+------------+
; Slack ; From Node ; To Node ; Launch Clock ; Latch Clock ; Relationship ; Clock Skew ; Data Delay ;
+-------+-----------+---------+--------------+-------------+--------------+------------+------------+
; 2.253 ; cnt[15]   ; cnt[15] ; dly[15]      ; dly[15]     ; 0.000        ; 0.000      ; 2.474      ;
; 2.263 ; cnt[15]   ; cnt[13] ; dly[15]      ; dly[15]     ; 0.000        ; 0.000      ; 2.484      ;
; 2.264 ; cnt[15]   ; cnt[14] ; dly[15]      ; dly[15]     ; 0.000        ; 0.000      ; 2.485      ;
; 3.918 ; cnt[15]   ; cnt[8]  ; dly[15]      ; dly[15]     ; 0.000        ; 0.000      ; 4.139      ;
; 3.920 ; cnt[15]   ; cnt[4]  ; dly[15]      ; dly[15]     ; 0.000        ; 0.000      ; 4.141      ;
; 3.926 ; cnt[15]   ; cnt[11] ; dly[15]      ; dly[15]     ; 0.000        ; 0.000      ; 4.147      ;
; 4.015 ; cnt[15]   ; cnt[9]  ; dly[15]      ; dly[15]     ; 0.000        ; 0.000      ; 4.236      ;
; 4.157 ; cnt[9]    ; cnt[9]  ; dly[15]      ; dly[15]     ; 0.000        ; 0.000      ; 4.378      ;
; 4.201 ; cnt[15]   ; cnt[3]  ; dly[15]      ; dly[15]     ; 0.000        ; 0.000      ; 4.422      ;
; 4.202 ; cnt[15]   ; cnt[1]  ; dly[15]      ; dly[15]     ; 0.000        ; 0.000      ; 4.423      ;
; 4.214 ; cnt[15]   ; cnt[2]  ; dly[15]      ; dly[15]     ; 0.000        ; 0.000      ; 4.435      ;
; 4.216 ; cnt[15]   ; cnt[0]  ; dly[15]      ; dly[15]     ; 0.000        ; 0.000      ; 4.437      ;
; 5.046 ; cnt[13]   ; cnt[15] ; dly[15]      ; dly[15]     ; 0.000        ; 0.000      ; 5.267      ;
; 5.051 ; cnt[13]   ; cnt[13] ; dly[15]      ; dly[15]     ; 0.000        ; 0.000      ; 5.272      ;
; 5.053 ; cnt[13]   ; cnt[14] ; dly[15]      ; dly[15]     ; 0.000        ; 0.000      ; 5.274      ;
; 5.107 ; cnt[15]   ; cnt[7]  ; dly[15]      ; dly[15]     ; 0.000        ; 0.000      ; 5.328      ;
; 5.115 ; cnt[15]   ; cnt[5]  ; dly[15]      ; dly[15]     ; 0.000        ; 0.000      ; 5.336      ;
; 5.118 ; cnt[15]   ; cnt[6]  ; dly[15]      ; dly[15]     ; 0.000        ; 0.000      ; 5.339      ;
; 5.202 ; cnt[14]   ; cnt[15] ; dly[15]      ; dly[15]     ; 0.000        ; 0.000      ; 5.423      ;
; 5.207 ; cnt[14]   ; cnt[13] ; dly[15]      ; dly[15]     ; 0.000        ; 0.000      ; 5.428      ;
; 5.209 ; cnt[14]   ; cnt[14] ; dly[15]      ; dly[15]     ; 0.000        ; 0.000      ; 5.430      ;
; 5.383 ; cnt[12]   ; cnt[15] ; dly[15]      ; dly[15]     ; 0.000        ; 0.000      ; 5.604      ;
; 5.388 ; cnt[12]   ; cnt[13] ; dly[15]      ; dly[15]     ; 0.000        ; 0.000      ; 5.609      ;
; 5.390 ; cnt[12]   ; cnt[14] ; dly[15]      ; dly[15]     ; 0.000        ; 0.000      ; 5.611      ;
; 5.547 ; cnt[15]   ; cnt[10] ; dly[15]      ; dly[15]     ; 0.000        ; 0.000      ; 5.768      ;
; 5.549 ; cnt[15]   ; cnt[12] ; dly[15]      ; dly[15]     ; 0.000        ; 0.000      ; 5.770      ;
; 5.551 ; cnt[2]    ; cnt[6]  ; dly[15]      ; dly[15]     ; 0.000        ; 0.000      ; 5.772      ;
; 5.814 ; cnt[11]   ; cnt[6]  ; dly[15]      ; dly[15]     ; 0.000        ; 0.000      ; 6.035      ;
; 5.837 ; cnt[7]    ; cnt[6]  ; dly[15]      ; dly[15]     ; 0.000        ; 0.000      ; 6.058      ;
; 5.884 ; cnt[9]    ; cnt[6]  ; dly[15]      ; dly[15]     ; 0.000        ; 0.000      ; 6.105      ;
; 5.914 ; cnt[3]    ; cnt[6]  ; dly[15]      ; dly[15]     ; 0.000        ; 0.000      ; 6.135      ;
; 5.937 ; cnt[6]    ; cnt[10] ; dly[15]      ; dly[15]     ; 0.000        ; 0.000      ; 6.158      ;
; 5.943 ; cnt[8]    ; cnt[9]  ; dly[15]      ; dly[15]     ; 0.000        ; 0.000      ; 6.164      ;
; 6.024 ; cnt[6]    ; cnt[9]  ; dly[15]      ; dly[15]     ; 0.000        ; 0.000      ; 6.245      ;
; 6.052 ; cnt[6]    ; cnt[6]  ; dly[15]      ; dly[15]     ; 0.000        ; 0.000      ; 6.273      ;
; 6.101 ; cnt[0]    ; cnt[6]  ; dly[15]      ; dly[15]     ; 0.000        ; 0.000      ; 6.322      ;
; 6.119 ; cnt[8]    ; cnt[8]  ; dly[15]      ; dly[15]     ; 0.000        ; 0.000      ; 6.340      ;
; 6.120 ; cnt[13]   ; cnt[0]  ; dly[15]      ; dly[15]     ; 0.000        ; 0.000      ; 6.341      ;
; 6.145 ; cnt[2]    ; cnt[2]  ; dly[15]      ; dly[15]     ; 0.000        ; 0.000      ; 6.366      ;
; 6.173 ; cnt[10]   ; cnt[6]  ; dly[15]      ; dly[15]     ; 0.000        ; 0.000      ; 6.394      ;
; 6.187 ; cnt[13]   ; cnt[1]  ; dly[15]      ; dly[15]     ; 0.000        ; 0.000      ; 6.408      ;
; 6.197 ; cnt[6]    ; cnt[3]  ; dly[15]      ; dly[15]     ; 0.000        ; 0.000      ; 6.418      ;
; 6.205 ; cnt[5]    ; cnt[6]  ; dly[15]      ; dly[15]     ; 0.000        ; 0.000      ; 6.426      ;
; 6.214 ; cnt[6]    ; cnt[2]  ; dly[15]      ; dly[15]     ; 0.000        ; 0.000      ; 6.435      ;
; 6.226 ; cnt[2]    ; cnt[12] ; dly[15]      ; dly[15]     ; 0.000        ; 0.000      ; 6.447      ;
; 6.244 ; cnt[1]    ; cnt[6]  ; dly[15]      ; dly[15]     ; 0.000        ; 0.000      ; 6.465      ;
; 6.259 ; cnt[13]   ; cnt[5]  ; dly[15]      ; dly[15]     ; 0.000        ; 0.000      ; 6.480      ;
; 6.276 ; cnt[14]   ; cnt[0]  ; dly[15]      ; dly[15]     ; 0.000        ; 0.000      ; 6.497      ;
; 6.294 ; cnt[5]    ; cnt[10] ; dly[15]      ; dly[15]     ; 0.000        ; 0.000      ; 6.515      ;
; 6.312 ; cnt[13]   ; cnt[3]  ; dly[15]      ; dly[15]     ; 0.000        ; 0.000      ; 6.533      ;
; 6.317 ; cnt[13]   ; cnt[2]  ; dly[15]      ; dly[15]     ; 0.000        ; 0.000      ; 6.538      ;
; 6.320 ; cnt[9]    ; cnt[10] ; dly[15]      ; dly[15]     ; 0.000        ; 0.000      ; 6.541      ;
; 6.332 ; cnt[9]    ; cnt[11] ; dly[15]      ; dly[15]     ; 0.000        ; 0.000      ; 6.553      ;
; 6.343 ; cnt[14]   ; cnt[1]  ; dly[15]      ; dly[15]     ; 0.000        ; 0.000      ; 6.564      ;
; 6.381 ; cnt[5]    ; cnt[9]  ; dly[15]      ; dly[15]     ; 0.000        ; 0.000      ; 6.602      ;
; 6.383 ; cnt[6]    ; cnt[15] ; dly[15]      ; dly[15]     ; 0.000        ; 0.000      ; 6.604      ;
; 6.396 ; cnt[13]   ; cnt[9]  ; dly[15]      ; dly[15]     ; 0.000        ; 0.000      ; 6.617      ;
; 6.415 ; cnt[14]   ; cnt[5]  ; dly[15]      ; dly[15]     ; 0.000        ; 0.000      ; 6.636      ;
; 6.437 ; cnt[13]   ; cnt[12] ; dly[15]      ; dly[15]     ; 0.000        ; 0.000      ; 6.658      ;
; 6.439 ; cnt[4]    ; cnt[9]  ; dly[15]      ; dly[15]     ; 0.000        ; 0.000      ; 6.660      ;
; 6.440 ; cnt[13]   ; cnt[10] ; dly[15]      ; dly[15]     ; 0.000        ; 0.000      ; 6.661      ;
; 6.443 ; cnt[6]    ; cnt[1]  ; dly[15]      ; dly[15]     ; 0.000        ; 0.000      ; 6.664      ;
; 6.457 ; cnt[12]   ; cnt[0]  ; dly[15]      ; dly[15]     ; 0.000        ; 0.000      ; 6.678      ;
; 6.468 ; cnt[14]   ; cnt[3]  ; dly[15]      ; dly[15]     ; 0.000        ; 0.000      ; 6.689      ;
; 6.473 ; cnt[14]   ; cnt[2]  ; dly[15]      ; dly[15]     ; 0.000        ; 0.000      ; 6.694      ;
; 6.482 ; cnt[6]    ; cnt[12] ; dly[15]      ; dly[15]     ; 0.000        ; 0.000      ; 6.703      ;
; 6.489 ; cnt[11]   ; cnt[12] ; dly[15]      ; dly[15]     ; 0.000        ; 0.000      ; 6.710      ;
; 6.502 ; cnt[11]   ; cnt[11] ; dly[15]      ; dly[15]     ; 0.000        ; 0.000      ; 6.723      ;
; 6.512 ; cnt[7]    ; cnt[12] ; dly[15]      ; dly[15]     ; 0.000        ; 0.000      ; 6.733      ;
; 6.524 ; cnt[12]   ; cnt[1]  ; dly[15]      ; dly[15]     ; 0.000        ; 0.000      ; 6.745      ;
; 6.546 ; cnt[4]    ; cnt[4]  ; dly[15]      ; dly[15]     ; 0.000        ; 0.000      ; 6.767      ;
; 6.552 ; cnt[14]   ; cnt[9]  ; dly[15]      ; dly[15]     ; 0.000        ; 0.000      ; 6.773      ;
; 6.554 ; cnt[5]    ; cnt[3]  ; dly[15]      ; dly[15]     ; 0.000        ; 0.000      ; 6.775      ;
; 6.559 ; cnt[9]    ; cnt[12] ; dly[15]      ; dly[15]     ; 0.000        ; 0.000      ; 6.780      ;
; 6.571 ; cnt[5]    ; cnt[2]  ; dly[15]      ; dly[15]     ; 0.000        ; 0.000      ; 6.792      ;
; 6.583 ; cnt[4]    ; cnt[6]  ; dly[15]      ; dly[15]     ; 0.000        ; 0.000      ; 6.804      ;
; 6.589 ; cnt[3]    ; cnt[12] ; dly[15]      ; dly[15]     ; 0.000        ; 0.000      ; 6.810      ;
; 6.593 ; cnt[14]   ; cnt[12] ; dly[15]      ; dly[15]     ; 0.000        ; 0.000      ; 6.814      ;
; 6.596 ; cnt[12]   ; cnt[5]  ; dly[15]      ; dly[15]     ; 0.000        ; 0.000      ; 6.817      ;
; 6.596 ; cnt[14]   ; cnt[10] ; dly[15]      ; dly[15]     ; 0.000        ; 0.000      ; 6.817      ;
; 6.621 ; cnt[7]    ; cnt[10] ; dly[15]      ; dly[15]     ; 0.000        ; 0.000      ; 6.842      ;
; 6.649 ; cnt[12]   ; cnt[3]  ; dly[15]      ; dly[15]     ; 0.000        ; 0.000      ; 6.870      ;
; 6.654 ; cnt[12]   ; cnt[2]  ; dly[15]      ; dly[15]     ; 0.000        ; 0.000      ; 6.875      ;
; 6.693 ; cnt[3]    ; cnt[3]  ; dly[15]      ; dly[15]     ; 0.000        ; 0.000      ; 6.914      ;
; 6.708 ; cnt[7]    ; cnt[9]  ; dly[15]      ; dly[15]     ; 0.000        ; 0.000      ; 6.929      ;
; 6.713 ; cnt[10]   ; cnt[10] ; dly[15]      ; dly[15]     ; 0.000        ; 0.000      ; 6.934      ;
; 6.725 ; cnt[13]   ; cnt[7]  ; dly[15]      ; dly[15]     ; 0.000        ; 0.000      ; 6.946      ;
; 6.731 ; cnt[13]   ; cnt[6]  ; dly[15]      ; dly[15]     ; 0.000        ; 0.000      ; 6.952      ;
; 6.733 ; cnt[12]   ; cnt[9]  ; dly[15]      ; dly[15]     ; 0.000        ; 0.000      ; 6.954      ;
; 6.740 ; cnt[5]    ; cnt[15] ; dly[15]      ; dly[15]     ; 0.000        ; 0.000      ; 6.961      ;
; 6.762 ; cnt[6]    ; cnt[8]  ; dly[15]      ; dly[15]     ; 0.000        ; 0.000      ; 6.983      ;
; 6.773 ; cnt[6]    ; cnt[11] ; dly[15]      ; dly[15]     ; 0.000        ; 0.000      ; 6.994      ;
; 6.774 ; cnt[12]   ; cnt[12] ; dly[15]      ; dly[15]     ; 0.000        ; 0.000      ; 6.995      ;
; 6.776 ; cnt[0]    ; cnt[12] ; dly[15]      ; dly[15]     ; 0.000        ; 0.000      ; 6.997      ;
; 6.777 ; cnt[12]   ; cnt[10] ; dly[15]      ; dly[15]     ; 0.000        ; 0.000      ; 6.998      ;
; 6.800 ; cnt[5]    ; cnt[1]  ; dly[15]      ; dly[15]     ; 0.000        ; 0.000      ; 7.021      ;
; 6.839 ; cnt[5]    ; cnt[12] ; dly[15]      ; dly[15]     ; 0.000        ; 0.000      ; 7.060      ;
; 6.848 ; cnt[10]   ; cnt[12] ; dly[15]      ; dly[15]     ; 0.000        ; 0.000      ; 7.069      ;
; 6.849 ; cnt[6]    ; cnt[13] ; dly[15]      ; dly[15]     ; 0.000        ; 0.000      ; 7.070      ;
; 6.881 ; cnt[7]    ; cnt[3]  ; dly[15]      ; dly[15]     ; 0.000        ; 0.000      ; 7.102      ;
+-------+-----------+---------+--------------+-------------+--------------+------------+------------+


+----------------------------------------------------------------------------------------------+
; Minimum Pulse Width: 'clk'                                                                   ;
+--------+--------------+----------------+------------------+-------+------------+-------------+
; Slack  ; Actual Width ; Required Width ; Type             ; Clock ; Clock Edge ; Target      ;
+--------+--------------+----------------+------------------+-------+------------+-------------+
; -2.289 ; 1.000        ; 3.289          ; Port Rate        ; clk   ; Rise       ; clk         ;
; 0.234  ; 0.500        ; 0.266          ; High Pulse Width ; clk   ; Rise       ; dly[0]      ;
; 0.234  ; 0.500        ; 0.266          ; Low Pulse Width  ; clk   ; Rise       ; dly[0]      ;
; 0.234  ; 0.500        ; 0.266          ; High Pulse Width ; clk   ; Rise       ; dly[10]     ;
; 0.234  ; 0.500        ; 0.266          ; Low Pulse Width  ; clk   ; Rise       ; dly[10]     ;
; 0.234  ; 0.500        ; 0.266          ; High Pulse Width ; clk   ; Rise       ; dly[11]     ;
; 0.234  ; 0.500        ; 0.266          ; Low Pulse Width  ; clk   ; Rise       ; dly[11]     ;
; 0.234  ; 0.500        ; 0.266          ; High Pulse Width ; clk   ; Rise       ; dly[12]     ;
; 0.234  ; 0.500        ; 0.266          ; Low Pulse Width  ; clk   ; Rise       ; dly[12]     ;
; 0.234  ; 0.500        ; 0.266          ; High Pulse Width ; clk   ; Rise       ; dly[13]     ;
; 0.234  ; 0.500        ; 0.266          ; Low Pulse Width  ; clk   ; Rise       ; dly[13]     ;
; 0.234  ; 0.500        ; 0.266          ; High Pulse Width ; clk   ; Rise       ; dly[14]     ;
; 0.234  ; 0.500        ; 0.266          ; Low Pulse Width  ; clk   ; Rise       ; dly[14]     ;
; 0.234  ; 0.500        ; 0.266          ; High Pulse Width ; clk   ; Rise       ; dly[15]     ;
; 0.234  ; 0.500        ; 0.266          ; Low Pulse Width  ; clk   ; Rise       ; dly[15]     ;
; 0.234  ; 0.500        ; 0.266          ; High Pulse Width ; clk   ; Rise       ; dly[16]     ;
; 0.234  ; 0.500        ; 0.266          ; Low Pulse Width  ; clk   ; Rise       ; dly[16]     ;
; 0.234  ; 0.500        ; 0.266          ; High Pulse Width ; clk   ; Rise       ; dly[17]     ;
; 0.234  ; 0.500        ; 0.266          ; Low Pulse Width  ; clk   ; Rise       ; dly[17]     ;
; 0.234  ; 0.500        ; 0.266          ; High Pulse Width ; clk   ; Rise       ; dly[18]     ;
; 0.234  ; 0.500        ; 0.266          ; Low Pulse Width  ; clk   ; Rise       ; dly[18]     ;
; 0.234  ; 0.500        ; 0.266          ; High Pulse Width ; clk   ; Rise       ; dly[19]     ;
; 0.234  ; 0.500        ; 0.266          ; Low Pulse Width  ; clk   ; Rise       ; dly[19]     ;
; 0.234  ; 0.500        ; 0.266          ; High Pulse Width ; clk   ; Rise       ; dly[1]      ;
; 0.234  ; 0.500        ; 0.266          ; Low Pulse Width  ; clk   ; Rise       ; dly[1]      ;
; 0.234  ; 0.500        ; 0.266          ; High Pulse Width ; clk   ; Rise       ; dly[20]     ;
; 0.234  ; 0.500        ; 0.266          ; Low Pulse Width  ; clk   ; Rise       ; dly[20]     ;
; 0.234  ; 0.500        ; 0.266          ; High Pulse Width ; clk   ; Rise       ; dly[21]     ;
; 0.234  ; 0.500        ; 0.266          ; Low Pulse Width  ; clk   ; Rise       ; dly[21]     ;
; 0.234  ; 0.500        ; 0.266          ; High Pulse Width ; clk   ; Rise       ; dly[22]     ;
; 0.234  ; 0.500        ; 0.266          ; Low Pulse Width  ; clk   ; Rise       ; dly[22]     ;
; 0.234  ; 0.500        ; 0.266          ; High Pulse Width ; clk   ; Rise       ; dly[23]     ;
; 0.234  ; 0.500        ; 0.266          ; Low Pulse Width  ; clk   ; Rise       ; dly[23]     ;
; 0.234  ; 0.500        ; 0.266          ; High Pulse Width ; clk   ; Rise       ; dly[24]     ;
; 0.234  ; 0.500        ; 0.266          ; Low Pulse Width  ; clk   ; Rise       ; dly[24]     ;
; 0.234  ; 0.500        ; 0.266          ; High Pulse Width ; clk   ; Rise       ; dly[2]      ;
; 0.234  ; 0.500        ; 0.266          ; Low Pulse Width  ; clk   ; Rise       ; dly[2]      ;
; 0.234  ; 0.500        ; 0.266          ; High Pulse Width ; clk   ; Rise       ; dly[3]      ;
; 0.234  ; 0.500        ; 0.266          ; Low Pulse Width  ; clk   ; Rise       ; dly[3]      ;
; 0.234  ; 0.500        ; 0.266          ; High Pulse Width ; clk   ; Rise       ; dly[4]      ;
; 0.234  ; 0.500        ; 0.266          ; Low Pulse Width  ; clk   ; Rise       ; dly[4]      ;
; 0.234  ; 0.500        ; 0.266          ; High Pulse Width ; clk   ; Rise       ; dly[5]      ;
; 0.234  ; 0.500        ; 0.266          ; Low Pulse Width  ; clk   ; Rise       ; dly[5]      ;
; 0.234  ; 0.500        ; 0.266          ; High Pulse Width ; clk   ; Rise       ; dly[6]      ;
; 0.234  ; 0.500        ; 0.266          ; Low Pulse Width  ; clk   ; Rise       ; dly[6]      ;
; 0.234  ; 0.500        ; 0.266          ; High Pulse Width ; clk   ; Rise       ; dly[7]      ;
; 0.234  ; 0.500        ; 0.266          ; Low Pulse Width  ; clk   ; Rise       ; dly[7]      ;
; 0.234  ; 0.500        ; 0.266          ; High Pulse Width ; clk   ; Rise       ; dly[8]      ;
; 0.234  ; 0.500        ; 0.266          ; Low Pulse Width  ; clk   ; Rise       ; dly[8]      ;
; 0.234  ; 0.500        ; 0.266          ; High Pulse Width ; clk   ; Rise       ; dly[9]      ;
; 0.234  ; 0.500        ; 0.266          ; Low Pulse Width  ; clk   ; Rise       ; dly[9]      ;
; 0.500  ; 0.500        ; 0.000          ; High Pulse Width ; clk   ; Rise       ; clk|combout ;
; 0.500  ; 0.500        ; 0.000          ; Low Pulse Width  ; clk   ; Rise       ; clk|combout ;
; 0.500  ; 0.500        ; 0.000          ; High Pulse Width ; clk   ; Rise       ; dly[0]|clk  ;
; 0.500  ; 0.500        ; 0.000          ; Low Pulse Width  ; clk   ; Rise       ; dly[0]|clk  ;
; 0.500  ; 0.500        ; 0.000          ; High Pulse Width ; clk   ; Rise       ; dly[10]|clk ;
; 0.500  ; 0.500        ; 0.000          ; Low Pulse Width  ; clk   ; Rise       ; dly[10]|clk ;
; 0.500  ; 0.500        ; 0.000          ; High Pulse Width ; clk   ; Rise       ; dly[11]|clk ;
; 0.500  ; 0.500        ; 0.000          ; Low Pulse Width  ; clk   ; Rise       ; dly[11]|clk ;
; 0.500  ; 0.500        ; 0.000          ; High Pulse Width ; clk   ; Rise       ; dly[12]|clk ;
; 0.500  ; 0.500        ; 0.000          ; Low Pulse Width  ; clk   ; Rise       ; dly[12]|clk ;
; 0.500  ; 0.500        ; 0.000          ; High Pulse Width ; clk   ; Rise       ; dly[13]|clk ;
; 0.500  ; 0.500        ; 0.000          ; Low Pulse Width  ; clk   ; Rise       ; dly[13]|clk ;
; 0.500  ; 0.500        ; 0.000          ; High Pulse Width ; clk   ; Rise       ; dly[14]|clk ;
; 0.500  ; 0.500        ; 0.000          ; Low Pulse Width  ; clk   ; Rise       ; dly[14]|clk ;
; 0.500  ; 0.500        ; 0.000          ; High Pulse Width ; clk   ; Rise       ; dly[15]|clk ;
; 0.500  ; 0.500        ; 0.000          ; Low Pulse Width  ; clk   ; Rise       ; dly[15]|clk ;
; 0.500  ; 0.500        ; 0.000          ; High Pulse Width ; clk   ; Rise       ; dly[16]|clk ;
; 0.500  ; 0.500        ; 0.000          ; Low Pulse Width  ; clk   ; Rise       ; dly[16]|clk ;
; 0.500  ; 0.500        ; 0.000          ; High Pulse Width ; clk   ; Rise       ; dly[17]|clk ;
; 0.500  ; 0.500        ; 0.000          ; Low Pulse Width  ; clk   ; Rise       ; dly[17]|clk ;
; 0.500  ; 0.500        ; 0.000          ; High Pulse Width ; clk   ; Rise       ; dly[18]|clk ;
; 0.500  ; 0.500        ; 0.000          ; Low Pulse Width  ; clk   ; Rise       ; dly[18]|clk ;
; 0.500  ; 0.500        ; 0.000          ; High Pulse Width ; clk   ; Rise       ; dly[19]|clk ;
; 0.500  ; 0.500        ; 0.000          ; Low Pulse Width  ; clk   ; Rise       ; dly[19]|clk ;
; 0.500  ; 0.500        ; 0.000          ; High Pulse Width ; clk   ; Rise       ; dly[1]|clk  ;
; 0.500  ; 0.500        ; 0.000          ; Low Pulse Width  ; clk   ; Rise       ; dly[1]|clk  ;
; 0.500  ; 0.500        ; 0.000          ; High Pulse Width ; clk   ; Rise       ; dly[20]|clk ;
; 0.500  ; 0.500        ; 0.000          ; Low Pulse Width  ; clk   ; Rise       ; dly[20]|clk ;
; 0.500  ; 0.500        ; 0.000          ; High Pulse Width ; clk   ; Rise       ; dly[21]|clk ;
; 0.500  ; 0.500        ; 0.000          ; Low Pulse Width  ; clk   ; Rise       ; dly[21]|clk ;
; 0.500  ; 0.500        ; 0.000          ; High Pulse Width ; clk   ; Rise       ; dly[22]|clk ;
; 0.500  ; 0.500        ; 0.000          ; Low Pulse Width  ; clk   ; Rise       ; dly[22]|clk ;
; 0.500  ; 0.500        ; 0.000          ; High Pulse Width ; clk   ; Rise       ; dly[23]|clk ;
; 0.500  ; 0.500        ; 0.000          ; Low Pulse Width  ; clk   ; Rise       ; dly[23]|clk ;
; 0.500  ; 0.500        ; 0.000          ; High Pulse Width ; clk   ; Rise       ; dly[24]|clk ;
; 0.500  ; 0.500        ; 0.000          ; Low Pulse Width  ; clk   ; Rise       ; dly[24]|clk ;
; 0.500  ; 0.500        ; 0.000          ; High Pulse Width ; clk   ; Rise       ; dly[2]|clk  ;
; 0.500  ; 0.500        ; 0.000          ; Low Pulse Width  ; clk   ; Rise       ; dly[2]|clk  ;
; 0.500  ; 0.500        ; 0.000          ; High Pulse Width ; clk   ; Rise       ; dly[3]|clk  ;
; 0.500  ; 0.500        ; 0.000          ; Low Pulse Width  ; clk   ; Rise       ; dly[3]|clk  ;
; 0.500  ; 0.500        ; 0.000          ; High Pulse Width ; clk   ; Rise       ; dly[4]|clk  ;
; 0.500  ; 0.500        ; 0.000          ; Low Pulse Width  ; clk   ; Rise       ; dly[4]|clk  ;
; 0.500  ; 0.500        ; 0.000          ; High Pulse Width ; clk   ; Rise       ; dly[5]|clk  ;
; 0.500  ; 0.500        ; 0.000          ; Low Pulse Width  ; clk   ; Rise       ; dly[5]|clk  ;
; 0.500  ; 0.500        ; 0.000          ; High Pulse Width ; clk   ; Rise       ; dly[6]|clk  ;
; 0.500  ; 0.500        ; 0.000          ; Low Pulse Width  ; clk   ; Rise       ; dly[6]|clk  ;
; 0.500  ; 0.500        ; 0.000          ; High Pulse Width ; clk   ; Rise       ; dly[7]|clk  ;
; 0.500  ; 0.500        ; 0.000          ; Low Pulse Width  ; clk   ; Rise       ; dly[7]|clk  ;
; 0.500  ; 0.500        ; 0.000          ; High Pulse Width ; clk   ; Rise       ; dly[8]|clk  ;
+--------+--------------+----------------+------------------+-------+------------+-------------+


+----------------------------------------------------------------------------------------------------------------+
; Minimum Pulse Width: 'dekey:u1|state[0]'                                                                       ;
+-------+--------------+----------------+------------------+-------------------+------------+--------------------+
; Slack ; Actual Width ; Required Width ; Type             ; Clock             ; Clock Edge ; Target             ;
+-------+--------------+----------------+------------------+-------------------+------------+--------------------+
; 0.234 ; 0.500        ; 0.266          ; High Pulse Width ; dekey:u1|state[0] ; Rise       ; sel[0]             ;
; 0.234 ; 0.500        ; 0.266          ; Low Pulse Width  ; dekey:u1|state[0] ; Rise       ; sel[0]             ;
; 0.234 ; 0.500        ; 0.266          ; High Pulse Width ; dekey:u1|state[0] ; Rise       ; sel[1]             ;
; 0.234 ; 0.500        ; 0.266          ; Low Pulse Width  ; dekey:u1|state[0] ; Rise       ; sel[1]             ;
; 0.500 ; 0.500        ; 0.000          ; High Pulse Width ; dekey:u1|state[0] ; Rise       ; sel[0]|clk         ;
; 0.500 ; 0.500        ; 0.000          ; Low Pulse Width  ; dekey:u1|state[0] ; Rise       ; sel[0]|clk         ;
; 0.500 ; 0.500        ; 0.000          ; High Pulse Width ; dekey:u1|state[0] ; Rise       ; sel[1]|clk         ;
; 0.500 ; 0.500        ; 0.000          ; Low Pulse Width  ; dekey:u1|state[0] ; Rise       ; sel[1]|clk         ;
; 0.500 ; 0.500        ; 0.000          ; High Pulse Width ; dekey:u1|state[0] ; Rise       ; u1|state[0]|regout ;
; 0.500 ; 0.500        ; 0.000          ; Low Pulse Width  ; dekey:u1|state[0] ; Rise       ; u1|state[0]|regout ;
+-------+--------------+----------------+------------------+-------------------+------------+--------------------+


+--------------------------------------------------------------------------------------------------+
; Minimum Pulse Width: 'dly[14]'                                                                   ;
+-------+--------------+----------------+------------------+---------+------------+----------------+
; Slack ; Actual Width ; Required Width ; Type             ; Clock   ; Clock Edge ; Target         ;
+-------+--------------+----------------+------------------+---------+------------+----------------+
; 0.234 ; 0.500        ; 0.266          ; High Pulse Width ; dly[14] ; Rise       ; scan[0]        ;
; 0.234 ; 0.500        ; 0.266          ; Low Pulse Width  ; dly[14] ; Rise       ; scan[0]        ;
; 0.234 ; 0.500        ; 0.266          ; High Pulse Width ; dly[14] ; Rise       ; scan[1]        ;
; 0.234 ; 0.500        ; 0.266          ; Low Pulse Width  ; dly[14] ; Rise       ; scan[1]        ;
; 0.500 ; 0.500        ; 0.000          ; High Pulse Width ; dly[14] ; Rise       ; dly[14]|regout ;
; 0.500 ; 0.500        ; 0.000          ; Low Pulse Width  ; dly[14] ; Rise       ; dly[14]|regout ;
; 0.500 ; 0.500        ; 0.000          ; High Pulse Width ; dly[14] ; Rise       ; scan[0]|clk    ;
; 0.500 ; 0.500        ; 0.000          ; Low Pulse Width  ; dly[14] ; Rise       ; scan[0]|clk    ;
; 0.500 ; 0.500        ; 0.000          ; High Pulse Width ; dly[14] ; Rise       ; scan[1]|clk    ;
; 0.500 ; 0.500        ; 0.000          ; Low Pulse Width  ; dly[14] ; Rise       ; scan[1]|clk    ;
+-------+--------------+----------------+------------------+---------+------------+----------------+


+--------------------------------------------------------------------------------------------------+
; Minimum Pulse Width: 'dly[15]'                                                                   ;
+-------+--------------+----------------+------------------+---------+------------+----------------+
; Slack ; Actual Width ; Required Width ; Type             ; Clock   ; Clock Edge ; Target         ;
+-------+--------------+----------------+------------------+---------+------------+----------------+
; 0.234 ; 0.500        ; 0.266          ; High Pulse Width ; dly[15] ; Rise       ; cnt[0]         ;
; 0.234 ; 0.500        ; 0.266          ; Low Pulse Width  ; dly[15] ; Rise       ; cnt[0]         ;
; 0.234 ; 0.500        ; 0.266          ; High Pulse Width ; dly[15] ; Rise       ; cnt[10]        ;
; 0.234 ; 0.500        ; 0.266          ; Low Pulse Width  ; dly[15] ; Rise       ; cnt[10]        ;
; 0.234 ; 0.500        ; 0.266          ; High Pulse Width ; dly[15] ; Rise       ; cnt[11]        ;
; 0.234 ; 0.500        ; 0.266          ; Low Pulse Width  ; dly[15] ; Rise       ; cnt[11]        ;
; 0.234 ; 0.500        ; 0.266          ; High Pulse Width ; dly[15] ; Rise       ; cnt[12]        ;
; 0.234 ; 0.500        ; 0.266          ; Low Pulse Width  ; dly[15] ; Rise       ; cnt[12]        ;
; 0.234 ; 0.500        ; 0.266          ; High Pulse Width ; dly[15] ; Rise       ; cnt[13]        ;
; 0.234 ; 0.500        ; 0.266          ; Low Pulse Width  ; dly[15] ; Rise       ; cnt[13]        ;
; 0.234 ; 0.500        ; 0.266          ; High Pulse Width ; dly[15] ; Rise       ; cnt[14]        ;
; 0.234 ; 0.500        ; 0.266          ; Low Pulse Width  ; dly[15] ; Rise       ; cnt[14]        ;
; 0.234 ; 0.500        ; 0.266          ; High Pulse Width ; dly[15] ; Rise       ; cnt[15]        ;
; 0.234 ; 0.500        ; 0.266          ; Low Pulse Width  ; dly[15] ; Rise       ; cnt[15]        ;
; 0.234 ; 0.500        ; 0.266          ; High Pulse Width ; dly[15] ; Rise       ; cnt[1]         ;
; 0.234 ; 0.500        ; 0.266          ; Low Pulse Width  ; dly[15] ; Rise       ; cnt[1]         ;
; 0.234 ; 0.500        ; 0.266          ; High Pulse Width ; dly[15] ; Rise       ; cnt[2]         ;
; 0.234 ; 0.500        ; 0.266          ; Low Pulse Width  ; dly[15] ; Rise       ; cnt[2]         ;
; 0.234 ; 0.500        ; 0.266          ; High Pulse Width ; dly[15] ; Rise       ; cnt[3]         ;
; 0.234 ; 0.500        ; 0.266          ; Low Pulse Width  ; dly[15] ; Rise       ; cnt[3]         ;
; 0.234 ; 0.500        ; 0.266          ; High Pulse Width ; dly[15] ; Rise       ; cnt[4]         ;
; 0.234 ; 0.500        ; 0.266          ; Low Pulse Width  ; dly[15] ; Rise       ; cnt[4]         ;
; 0.234 ; 0.500        ; 0.266          ; High Pulse Width ; dly[15] ; Rise       ; cnt[5]         ;
; 0.234 ; 0.500        ; 0.266          ; Low Pulse Width  ; dly[15] ; Rise       ; cnt[5]         ;
; 0.234 ; 0.500        ; 0.266          ; High Pulse Width ; dly[15] ; Rise       ; cnt[6]         ;
; 0.234 ; 0.500        ; 0.266          ; Low Pulse Width  ; dly[15] ; Rise       ; cnt[6]         ;
; 0.234 ; 0.500        ; 0.266          ; High Pulse Width ; dly[15] ; Rise       ; cnt[7]         ;
; 0.234 ; 0.500        ; 0.266          ; Low Pulse Width  ; dly[15] ; Rise       ; cnt[7]         ;
; 0.234 ; 0.500        ; 0.266          ; High Pulse Width ; dly[15] ; Rise       ; cnt[8]         ;
; 0.234 ; 0.500        ; 0.266          ; Low Pulse Width  ; dly[15] ; Rise       ; cnt[8]         ;
; 0.234 ; 0.500        ; 0.266          ; High Pulse Width ; dly[15] ; Rise       ; cnt[9]         ;
; 0.234 ; 0.500        ; 0.266          ; Low Pulse Width  ; dly[15] ; Rise       ; cnt[9]         ;
; 0.500 ; 0.500        ; 0.000          ; High Pulse Width ; dly[15] ; Rise       ; cnt[0]|clk     ;
; 0.500 ; 0.500        ; 0.000          ; Low Pulse Width  ; dly[15] ; Rise       ; cnt[0]|clk     ;
; 0.500 ; 0.500        ; 0.000          ; High Pulse Width ; dly[15] ; Rise       ; cnt[10]|clk    ;
; 0.500 ; 0.500        ; 0.000          ; Low Pulse Width  ; dly[15] ; Rise       ; cnt[10]|clk    ;
; 0.500 ; 0.500        ; 0.000          ; High Pulse Width ; dly[15] ; Rise       ; cnt[11]|clk    ;
; 0.500 ; 0.500        ; 0.000          ; Low Pulse Width  ; dly[15] ; Rise       ; cnt[11]|clk    ;
; 0.500 ; 0.500        ; 0.000          ; High Pulse Width ; dly[15] ; Rise       ; cnt[12]|clk    ;
; 0.500 ; 0.500        ; 0.000          ; Low Pulse Width  ; dly[15] ; Rise       ; cnt[12]|clk    ;
; 0.500 ; 0.500        ; 0.000          ; High Pulse Width ; dly[15] ; Rise       ; cnt[13]|clk    ;
; 0.500 ; 0.500        ; 0.000          ; Low Pulse Width  ; dly[15] ; Rise       ; cnt[13]|clk    ;
; 0.500 ; 0.500        ; 0.000          ; High Pulse Width ; dly[15] ; Rise       ; cnt[14]|clk    ;
; 0.500 ; 0.500        ; 0.000          ; Low Pulse Width  ; dly[15] ; Rise       ; cnt[14]|clk    ;
; 0.500 ; 0.500        ; 0.000          ; High Pulse Width ; dly[15] ; Rise       ; cnt[15]|clk    ;
; 0.500 ; 0.500        ; 0.000          ; Low Pulse Width  ; dly[15] ; Rise       ; cnt[15]|clk    ;
; 0.500 ; 0.500        ; 0.000          ; High Pulse Width ; dly[15] ; Rise       ; cnt[1]|clk     ;
; 0.500 ; 0.500        ; 0.000          ; Low Pulse Width  ; dly[15] ; Rise       ; cnt[1]|clk     ;
; 0.500 ; 0.500        ; 0.000          ; High Pulse Width ; dly[15] ; Rise       ; cnt[2]|clk     ;
; 0.500 ; 0.500        ; 0.000          ; Low Pulse Width  ; dly[15] ; Rise       ; cnt[2]|clk     ;
; 0.500 ; 0.500        ; 0.000          ; High Pulse Width ; dly[15] ; Rise       ; cnt[3]|clk     ;
; 0.500 ; 0.500        ; 0.000          ; Low Pulse Width  ; dly[15] ; Rise       ; cnt[3]|clk     ;
; 0.500 ; 0.500        ; 0.000          ; High Pulse Width ; dly[15] ; Rise       ; cnt[4]|clk     ;
; 0.500 ; 0.500        ; 0.000          ; Low Pulse Width  ; dly[15] ; Rise       ; cnt[4]|clk     ;
; 0.500 ; 0.500        ; 0.000          ; High Pulse Width ; dly[15] ; Rise       ; cnt[5]|clk     ;
; 0.500 ; 0.500        ; 0.000          ; Low Pulse Width  ; dly[15] ; Rise       ; cnt[5]|clk     ;
; 0.500 ; 0.500        ; 0.000          ; High Pulse Width ; dly[15] ; Rise       ; cnt[6]|clk     ;
; 0.500 ; 0.500        ; 0.000          ; Low Pulse Width  ; dly[15] ; Rise       ; cnt[6]|clk     ;
; 0.500 ; 0.500        ; 0.000          ; High Pulse Width ; dly[15] ; Rise       ; cnt[7]|clk     ;
; 0.500 ; 0.500        ; 0.000          ; Low Pulse Width  ; dly[15] ; Rise       ; cnt[7]|clk     ;
; 0.500 ; 0.500        ; 0.000          ; High Pulse Width ; dly[15] ; Rise       ; cnt[8]|clk     ;
; 0.500 ; 0.500        ; 0.000          ; Low Pulse Width  ; dly[15] ; Rise       ; cnt[8]|clk     ;
; 0.500 ; 0.500        ; 0.000          ; High Pulse Width ; dly[15] ; Rise       ; cnt[9]|clk     ;
; 0.500 ; 0.500        ; 0.000          ; Low Pulse Width  ; dly[15] ; Rise       ; cnt[9]|clk     ;
; 0.500 ; 0.500        ; 0.000          ; High Pulse Width ; dly[15] ; Rise       ; dly[15]|regout ;
; 0.500 ; 0.500        ; 0.000          ; Low Pulse Width  ; dly[15] ; Rise       ; dly[15]|regout ;
; 0.500 ; 0.500        ; 0.000          ; High Pulse Width ; dly[15] ; Rise       ; rtl~0|combout  ;
; 0.500 ; 0.500        ; 0.000          ; Low Pulse Width  ; dly[15] ; Rise       ; rtl~0|combout  ;
; 0.500 ; 0.500        ; 0.000          ; High Pulse Width ; dly[15] ; Rise       ; rtl~0|datab    ;
; 0.500 ; 0.500        ; 0.000          ; Low Pulse Width  ; dly[15] ; Rise       ; rtl~0|datab    ;
+-------+--------------+----------------+------------------+---------+------------+----------------+


+-----------------------------------------------------------------------------------------------------+
; Minimum Pulse Width: 'dly[17]'                                                                      ;
+-------+--------------+----------------+------------------+---------+------------+-------------------+
; Slack ; Actual Width ; Required Width ; Type             ; Clock   ; Clock Edge ; Target            ;
+-------+--------------+----------------+------------------+---------+------------+-------------------+
; 0.234 ; 0.500        ; 0.266          ; High Pulse Width ; dly[17] ; Rise       ; dekey:u1|state[0] ;
; 0.234 ; 0.500        ; 0.266          ; Low Pulse Width  ; dly[17] ; Rise       ; dekey:u1|state[0] ;
; 0.234 ; 0.500        ; 0.266          ; High Pulse Width ; dly[17] ; Rise       ; dekey:u1|state[1] ;
; 0.234 ; 0.500        ; 0.266          ; Low Pulse Width  ; dly[17] ; Rise       ; dekey:u1|state[1] ;
; 0.500 ; 0.500        ; 0.000          ; High Pulse Width ; dly[17] ; Rise       ; dly[17]|regout    ;
; 0.500 ; 0.500        ; 0.000          ; Low Pulse Width  ; dly[17] ; Rise       ; dly[17]|regout    ;
; 0.500 ; 0.500        ; 0.000          ; High Pulse Width ; dly[17] ; Rise       ; u1|state[0]|clk   ;
; 0.500 ; 0.500        ; 0.000          ; Low Pulse Width  ; dly[17] ; Rise       ; u1|state[0]|clk   ;
; 0.500 ; 0.500        ; 0.000          ; High Pulse Width ; dly[17] ; Rise       ; u1|state[1]|clk   ;
; 0.500 ; 0.500        ; 0.000          ; Low Pulse Width  ; dly[17] ; Rise       ; u1|state[1]|clk   ;
+-------+--------------+----------------+------------------+---------+------------+-------------------+


+-------------------------------------------------------------------------+
; Clock to Output Times                                                   ;
+-----------+------------+--------+--------+------------+-----------------+
; Data Port ; Clock Port ; Rise   ; Fall   ; Clock Edge ; Clock Reference ;
+-----------+------------+--------+--------+------------+-----------------+
; com[*]    ; dly[14]    ; 11.909 ; 11.909 ; Rise       ; dly[14]         ;
;  com[0]   ; dly[14]    ; 11.335 ; 11.335 ; Rise       ; dly[14]         ;
;  com[1]   ; dly[14]    ; 11.237 ; 11.237 ; Rise       ; dly[14]         ;
;  com[2]   ; dly[14]    ; 11.909 ; 11.909 ; Rise       ; dly[14]         ;
;  com[3]   ; dly[14]    ; 11.819 ; 11.819 ; Rise       ; dly[14]         ;
; seg[*]    ; dly[14]    ; 19.524 ; 19.524 ; Rise       ; dly[14]         ;
;  seg[0]   ; dly[14]    ; 19.000 ; 19.000 ; Rise       ; dly[14]         ;
;  seg[1]   ; dly[14]    ; 18.878 ; 18.878 ; Rise       ; dly[14]         ;
;  seg[2]   ; dly[14]    ; 18.940 ; 18.940 ; Rise       ; dly[14]         ;
;  seg[3]   ; dly[14]    ; 19.524 ; 19.524 ; Rise       ; dly[14]         ;
;  seg[4]   ; dly[14]    ; 19.398 ; 19.398 ; Rise       ; dly[14]         ;
;  seg[5]   ; dly[14]    ; 19.373 ; 19.373 ; Rise       ; dly[14]         ;
;  seg[6]   ; dly[14]    ; 19.339 ; 19.339 ; Rise       ; dly[14]         ;
; seg[*]    ; dly[15]    ; 21.150 ; 21.150 ; Rise       ; dly[15]         ;
;  seg[0]   ; dly[15]    ; 20.626 ; 20.626 ; Rise       ; dly[15]         ;
;  seg[1]   ; dly[15]    ; 20.504 ; 20.504 ; Rise       ; dly[15]         ;
;  seg[2]   ; dly[15]    ; 20.566 ; 20.566 ; Rise       ; dly[15]         ;
;  seg[3]   ; dly[15]    ; 21.150 ; 21.150 ; Rise       ; dly[15]         ;
;  seg[4]   ; dly[15]    ; 21.024 ; 21.024 ; Rise       ; dly[15]         ;
;  seg[5]   ; dly[15]    ; 20.999 ; 20.999 ; Rise       ; dly[15]         ;
;  seg[6]   ; dly[15]    ; 20.965 ; 20.965 ; Rise       ; dly[15]         ;
+-----------+------------+--------+--------+------------+-----------------+


+-------------------------------------------------------------------------+
; Minimum Clock to Output Times                                           ;
+-----------+------------+--------+--------+------------+-----------------+
; Data Port ; Clock Port ; Rise   ; Fall   ; Clock Edge ; Clock Reference ;
+-----------+------------+--------+--------+------------+-----------------+
; com[*]    ; dly[14]    ; 11.135 ; 11.135 ; Rise       ; dly[14]         ;
;  com[0]   ; dly[14]    ; 11.235 ; 11.235 ; Rise       ; dly[14]         ;
;  com[1]   ; dly[14]    ; 11.135 ; 11.135 ; Rise       ; dly[14]         ;
;  com[2]   ; dly[14]    ; 11.820 ; 11.820 ; Rise       ; dly[14]         ;
;  com[3]   ; dly[14]    ; 11.709 ; 11.709 ; Rise       ; dly[14]         ;
; seg[*]    ; dly[14]    ; 15.030 ; 15.030 ; Rise       ; dly[14]         ;
;  seg[0]   ; dly[14]    ; 15.152 ; 15.152 ; Rise       ; dly[14]         ;
;  seg[1]   ; dly[14]    ; 15.030 ; 15.030 ; Rise       ; dly[14]         ;
;  seg[2]   ; dly[14]    ; 15.095 ; 15.095 ; Rise       ; dly[14]         ;
;  seg[3]   ; dly[14]    ; 15.675 ; 15.675 ; Rise       ; dly[14]         ;
;  seg[4]   ; dly[14]    ; 15.553 ; 15.553 ; Rise       ; dly[14]         ;
;  seg[5]   ; dly[14]    ; 15.527 ; 15.527 ; Rise       ; dly[14]         ;
;  seg[6]   ; dly[14]    ; 15.484 ; 15.484 ; Rise       ; dly[14]         ;
; seg[*]    ; dly[15]    ; 15.837 ; 15.837 ; Rise       ; dly[15]         ;
;  seg[0]   ; dly[15]    ; 15.964 ; 15.964 ; Rise       ; dly[15]         ;
;  seg[1]   ; dly[15]    ; 15.837 ; 15.837 ; Rise       ; dly[15]         ;
;  seg[2]   ; dly[15]    ; 15.880 ; 15.880 ; Rise       ; dly[15]         ;
;  seg[3]   ; dly[15]    ; 16.492 ; 16.492 ; Rise       ; dly[15]         ;
;  seg[4]   ; dly[15]    ; 16.333 ; 16.333 ; Rise       ; dly[15]         ;
;  seg[5]   ; dly[15]    ; 16.321 ; 16.321 ; Rise       ; dly[15]         ;
;  seg[6]   ; dly[15]    ; 16.306 ; 16.306 ; Rise       ; dly[15]         ;
+-----------+------------+--------+--------+------------+-----------------+


+-----------------------------------------------------------------------------------+
; Setup Transfers                                                                   ;
+-------------------+-------------------+----------+----------+----------+----------+
; From Clock        ; To Clock          ; RR Paths ; FR Paths ; RF Paths ; FF Paths ;
+-------------------+-------------------+----------+----------+----------+----------+
; clk               ; clk               ; 516      ; 0        ; 0        ; 0        ;
; dly[14]           ; clk               ; 21       ; 21       ; 0        ; 0        ;
; dly[15]           ; clk               ; 19       ; 19       ; 0        ; 0        ;
; dly[17]           ; clk               ; 8        ; 8        ; 0        ; 0        ;
; dekey:u1|state[0] ; dekey:u1|state[0] ; 3        ; 0        ; 0        ; 0        ;
; dly[14]           ; dly[14]           ; 3        ; 0        ; 0        ; 0        ;
; dly[15]           ; dly[15]           ; 2320     ; 0        ; 0        ; 0        ;
; dekey:u1|state[0] ; dly[17]           ; 2        ; 2        ; 0        ; 0        ;
; dly[17]           ; dly[17]           ; 2        ; 0        ; 0        ; 0        ;
+-------------------+-------------------+----------+----------+----------+----------+
Entries labeled "false path" only account for clock-to-clock false paths and not path-based false paths. As a result, actual path counts may be lower than reported.


+-----------------------------------------------------------------------------------+
; Hold Transfers                                                                    ;
+-------------------+-------------------+----------+----------+----------+----------+
; From Clock        ; To Clock          ; RR Paths ; FR Paths ; RF Paths ; FF Paths ;
+-------------------+-------------------+----------+----------+----------+----------+
; clk               ; clk               ; 516      ; 0        ; 0        ; 0        ;
; dly[14]           ; clk               ; 21       ; 21       ; 0        ; 0        ;
; dly[15]           ; clk               ; 19       ; 19       ; 0        ; 0        ;
; dly[17]           ; clk               ; 8        ; 8        ; 0        ; 0        ;
; dekey:u1|state[0] ; dekey:u1|state[0] ; 3        ; 0        ; 0        ; 0        ;
; dly[14]           ; dly[14]           ; 3        ; 0        ; 0        ; 0        ;
; dly[15]           ; dly[15]           ; 2320     ; 0        ; 0        ; 0        ;
; dekey:u1|state[0] ; dly[17]           ; 2        ; 2        ; 0        ; 0        ;
; dly[17]           ; dly[17]           ; 2        ; 0        ; 0        ; 0        ;
+-------------------+-------------------+----------+----------+----------+----------+
Entries labeled "false path" only account for clock-to-clock false paths and not path-based false paths. As a result, actual path counts may be lower than reported.


---------------
; Report TCCS ;
---------------
No dedicated SERDES Transmitter circuitry present in device or used in design


---------------
; Report RSKM ;
---------------
No dedicated SERDES Receiver circuitry present in device or used in design


+------------------------------------------------+
; Unconstrained Paths                            ;
+---------------------------------+-------+------+
; Property                        ; Setup ; Hold ;
+---------------------------------+-------+------+
; Illegal Clocks                  ; 0     ; 0    ;
; Unconstrained Clocks            ; 0     ; 0    ;
; Unconstrained Input Ports       ; 1     ; 1    ;
; Unconstrained Input Port Paths  ; 16    ; 16   ;
; Unconstrained Output Ports      ; 11    ; 11   ;
; Unconstrained Output Port Paths ; 134   ; 134  ;
+---------------------------------+-------+------+


+------------------------------------+
; TimeQuest Timing Analyzer Messages ;
+------------------------------------+
Info: *******************************************************************
Info: Running Quartus II 64-Bit TimeQuest Timing Analyzer
    Info: Version 13.0.1 Build 232 06/12/2013 Service Pack 1 SJ Full Version
    Info: Processing started: Thu Mar 31 12:14:21 2016
Info: Command: quartus_sta a1050310 -c a1050310
Info: qsta_default_script.tcl version: #1
Info (11104): Parallel Compilation has detected 8 hyper-threaded processors. However, the extra hyper-threaded processors will not be used by default. Parallel Compilation will use 4 of the 4 physical processors detected instead.
Info (21077): Low junction temperature is 0 degrees C
Info (21077): High junction temperature is 85 degrees C
Info (306004): Started post-fitting delay annotation
Info (306005): Delay annotation completed successfully
Critical Warning (332012): Synopsys Design Constraints File file not found: 'a1050310.sdc'. A Synopsys Design Constraints File is required by the TimeQuest Timing Analyzer to get proper timing constraints. Without it, the Compiler will not properly optimize the design.
Info (332142): No user constrained base clocks found in the design. Calling "derive_clocks -period 1.0"
Info (332105): Deriving Clocks
    Info (332105): create_clock -period 1.000 -name dly[15] dly[15]
    Info (332105): create_clock -period 1.000 -name dly[14] dly[14]
    Info (332105): create_clock -period 1.000 -name clk clk
    Info (332105): create_clock -period 1.000 -name dekey:u1|state[0] dekey:u1|state[0]
    Info (332105): create_clock -period 1.000 -name dly[17] dly[17]
Info: Found TIMEQUEST_REPORT_SCRIPT_INCLUDE_DEFAULT_ANALYSIS = ON
Critical Warning (332148): Timing requirements not met
Info (332146): Worst-case setup slack is -11.491
    Info (332119):     Slack End Point TNS Clock 
    Info (332119): ========= ============= =====================
    Info (332119):   -11.491      -170.706 dly[15] 
    Info (332119):    -4.568       -93.349 clk 
    Info (332119):    -1.528        -2.741 dly[14] 
    Info (332119):    -1.452        -2.667 dekey:u1|state[0] 
    Info (332119):    -1.242        -2.482 dly[17] 
Info (332146): Worst-case hold slack is -1.940
    Info (332119):     Slack End Point TNS Clock 
    Info (332119): ========= ============= =====================
    Info (332119):    -1.940        -8.700 clk 
    Info (332119):    -0.630        -1.256 dly[17] 
    Info (332119):     1.659         0.000 dly[14] 
    Info (332119):     1.661         0.000 dekey:u1|state[0] 
    Info (332119):     2.253         0.000 dly[15] 
Info (332140): No Recovery paths to report
Info (332140): No Removal paths to report
Info (332146): Worst-case minimum pulse width slack is -2.289
    Info (332119):     Slack End Point TNS Clock 
    Info (332119): ========= ============= =====================
    Info (332119):    -2.289        -2.289 clk 
    Info (332119):     0.234         0.000 dekey:u1|state[0] 
    Info (332119):     0.234         0.000 dly[14] 
    Info (332119):     0.234         0.000 dly[15] 
    Info (332119):     0.234         0.000 dly[17] 
Info (332001): The selected device family is not supported by the report_metastability command.
Info (332102): Design is not fully constrained for setup requirements
Info (332102): Design is not fully constrained for hold requirements
Info: Quartus II 64-Bit TimeQuest Timing Analyzer was successful. 0 errors, 2 warnings
    Info: Peak virtual memory: 415 megabytes
    Info: Processing ended: Thu Mar 31 12:14:22 2016
    Info: Elapsed time: 00:00:01
    Info: Total CPU time (on all processors): 00:00:01


