C51 COMPILER V9.50.0.0   LCD                                                               04/27/2016 10:21:38 PAGE 1   


C51 COMPILER V9.50.0.0, COMPILATION OF MODULE LCD
OBJECT MODULE PLACED IN LCD.OBJ
COMPILER INVOKED BY: C:\Keil\C51\BIN\C51.EXE LCD.c BROWSE DEBUG OBJECTEXTEND TABS(2)

line level    source

   1          #include <regx52.h>
   2          #include <lcd.h>
   3          code char text1[]={0x00,0x0e,0x1c,0x18,0x18,0x1c,0x0e,0x00,
   4                             0x00,0x0e,0x1e,0x18,0x18,0x1e,0x0e,0x00,
   5                             0x00,0x0e,0x1f,0x1c,0x1c,0x1f,0x0e,0x00,
   6                             0x00,0x0e,0x1f,0x1f,0x1f,0x1f,0x0e,0x00,
   7                             0x04,0x04,0x04,0x1f,0x04,0x04,0x04,0x00};
   8          void main()
   9          {
  10   1        char i,j,x;
  11   1        while(1)
  12   1          {
  13   2        init();
  14   2        wc(0x40);
  15   2        for(i=0;i<40;i++)
  16   2        { wd(text1[i]); }
  17   2        
  18   2        for (i=1;i<17;i++)
  19   2        {
  20   3          for (j=0;j<4;j++)
  21   3          {
  22   4            dp(1,i);
  23   4            wd(j);
  24   4              for (x=i+1;x<17;x++)
  25   4                {
  26   5                  dp(1,x);
  27   5                  wd(4);
  28   5                }
  29   4                deplay((i+1)*200);
  30   4              }
  31   3              dp(1,i);
  32   3              wd(0xfe);
  33   3            }
  34   2          }
  35   1      }


MODULE INFORMATION:   STATIC OVERLAYABLE
   CODE SIZE        =    256    ----
   CONSTANT SIZE    =     40    ----
   XDATA SIZE       =   ----    ----
   PDATA SIZE       =   ----    ----
   DATA SIZE        =   ----    ----
   IDATA SIZE       =   ----    ----
   BIT SIZE         =   ----    ----
END OF MODULE INFORMATION.


C51 COMPILATION COMPLETE.  0 WARNING(S),  0 ERROR(S)
