C51 COMPILER V9.50.0.0   KEYPAD                                                            02/17/2016 10:14:37 PAGE 1   


C51 COMPILER V9.50.0.0, COMPILATION OF MODULE KEYPAD
OBJECT MODULE PLACED IN keypad.OBJ
COMPILER INVOKED BY: C:\Keil\C51\BIN\C51.EXE keypad.c BROWSE DEBUG OBJECTEXTEND TABS(2)

line level    source

   1          #include <regx52.h>
   2          code wtf[]={0xc0,0xf9,0xa4,0xb0,0x99,0x92,0x82,0xf8,0x80,0x90,0xa0,0x83,0xa7,0xa1,0x86,0x8e,0x7f};
   3          
   4          int main()
   5          {
   6   1        char scan,x,kc,key=16;
   7   1        while(1)
   8   1        {
   9   2          scan=0x01;
  10   2          for(x=0;x<4;x++)
  11   2          {
  12   3            P1=~scan;
  13   3            if((P1&0XF0)!=0XF0)
  14   3            {
  15   4              kc=P1&0XF0;
  16   4              switch(kc)
  17   4              {
  18   5                case 0xe0:
  19   5                  key=x*4;
  20   5                  break;
  21   5                case 0xd0:
  22   5                  key=x*4+1;
  23   5                  break;
  24   5                case 0xb0:
  25   5                  key=x*4+2;
  26   5                  break;
  27   5                case 0x70:
  28   5                  key=x*4+3;
  29   5                  break;
  30   5              }
  31   4            }       
  32   3          P2=wtf[key];
  33   3            scan=scan<<1;
  34   3          }
  35   2        }
  36   1      }


MODULE INFORMATION:   STATIC OVERLAYABLE
   CODE SIZE        =    117    ----
   CONSTANT SIZE    =     34    ----
   XDATA SIZE       =   ----    ----
   PDATA SIZE       =   ----    ----
   DATA SIZE        =   ----       1
   IDATA SIZE       =   ----    ----
   BIT SIZE         =   ----    ----
END OF MODULE INFORMATION.


C51 COMPILATION COMPLETE.  0 WARNING(S),  0 ERROR(S)
