Analysis & Synthesis report for snake
Thu Apr 21 11:46:24 2016
Quartus II 64-Bit Version 13.0.1 Build 232 06/12/2013 Service Pack 1 SJ Full Version


---------------------
; Table of Contents ;
---------------------
  1. Legal Notice
  2. Analysis & Synthesis Summary
  3. Analysis & Synthesis Settings
  4. Parallel Compilation
  5. Analysis & Synthesis Source Files Read
  6. Analysis & Synthesis Resource Usage Summary
  7. Analysis & Synthesis Resource Utilization by Entity
  8. General Register Statistics
  9. Multiplexer Restructuring Statistics (Restructuring Performed)
 10. Analysis & Synthesis Messages



----------------
; Legal Notice ;
----------------
Copyright (C) 1991-2013 Altera Corporation
Your use of Altera Corporation's design tools, logic functions 
and other software and tools, and its AMPP partner logic 
functions, and any output files from any of the foregoing 
(including device programming or simulation files), and any 
associated documentation or information are expressly subject 
to the terms and conditions of the Altera Program License 
Subscription Agreement, Altera MegaCore Function License 
Agreement, or other applicable license agreement, including, 
without limitation, that your use is for the sole purpose of 
programming logic devices manufactured by Altera and sold by 
Altera or its authorized distributors.  Please refer to the 
applicable agreement for further details.



+--------------------------------------------------------------------------------+
; Analysis & Synthesis Summary                                                   ;
+-----------------------------+--------------------------------------------------+
; Analysis & Synthesis Status ; Successful - Thu Apr 21 11:46:24 2016            ;
; Quartus II 64-Bit Version   ; 13.0.1 Build 232 06/12/2013 SP 1 SJ Full Version ;
; Revision Name               ; snake                                            ;
; Top-level Entity Name       ; snake                                            ;
; Family                      ; MAX II                                           ;
; Total logic elements        ; 84                                               ;
; Total pins                  ; 25                                               ;
; Total virtual pins          ; 0                                                ;
; UFM blocks                  ; 0 / 1 ( 0 % )                                    ;
+-----------------------------+--------------------------------------------------+


+----------------------------------------------------------------------------------------------------------------------+
; Analysis & Synthesis Settings                                                                                        ;
+----------------------------------------------------------------------------+--------------------+--------------------+
; Option                                                                     ; Setting            ; Default Value      ;
+----------------------------------------------------------------------------+--------------------+--------------------+
; Device                                                                     ; EPM570T144C5       ;                    ;
; Top-level entity name                                                      ; snake              ; snake              ;
; Family name                                                                ; MAX II             ; Cyclone IV GX      ;
; Use smart compilation                                                      ; Off                ; Off                ;
; Enable parallel Assembler and TimeQuest Timing Analyzer during compilation ; On                 ; On                 ;
; Enable compact report table                                                ; Off                ; Off                ;
; Restructure Multiplexers                                                   ; Auto               ; Auto               ;
; Create Debugging Nodes for IP Cores                                        ; Off                ; Off                ;
; Preserve fewer node names                                                  ; On                 ; On                 ;
; Disable OpenCore Plus hardware evaluation                                  ; Off                ; Off                ;
; Verilog Version                                                            ; Verilog_2001       ; Verilog_2001       ;
; VHDL Version                                                               ; VHDL_1993          ; VHDL_1993          ;
; State Machine Processing                                                   ; Auto               ; Auto               ;
; Safe State Machine                                                         ; Off                ; Off                ;
; Extract Verilog State Machines                                             ; On                 ; On                 ;
; Extract VHDL State Machines                                                ; On                 ; On                 ;
; Ignore Verilog initial constructs                                          ; Off                ; Off                ;
; Iteration limit for constant Verilog loops                                 ; 5000               ; 5000               ;
; Iteration limit for non-constant Verilog loops                             ; 250                ; 250                ;
; Add Pass-Through Logic to Inferred RAMs                                    ; On                 ; On                 ;
; Infer RAMs from Raw Logic                                                  ; On                 ; On                 ;
; Parallel Synthesis                                                         ; On                 ; On                 ;
; NOT Gate Push-Back                                                         ; On                 ; On                 ;
; Power-Up Don't Care                                                        ; On                 ; On                 ;
; Remove Redundant Logic Cells                                               ; Off                ; Off                ;
; Remove Duplicate Registers                                                 ; On                 ; On                 ;
; Ignore CARRY Buffers                                                       ; Off                ; Off                ;
; Ignore CASCADE Buffers                                                     ; Off                ; Off                ;
; Ignore GLOBAL Buffers                                                      ; Off                ; Off                ;
; Ignore ROW GLOBAL Buffers                                                  ; Off                ; Off                ;
; Ignore LCELL Buffers                                                       ; Off                ; Off                ;
; Ignore SOFT Buffers                                                        ; On                 ; On                 ;
; Limit AHDL Integers to 32 Bits                                             ; Off                ; Off                ;
; Optimization Technique                                                     ; Balanced           ; Balanced           ;
; Carry Chain Length                                                         ; 70                 ; 70                 ;
; Auto Carry Chains                                                          ; On                 ; On                 ;
; Auto Open-Drain Pins                                                       ; On                 ; On                 ;
; Perform WYSIWYG Primitive Resynthesis                                      ; Off                ; Off                ;
; Auto Shift Register Replacement                                            ; Auto               ; Auto               ;
; Allow Shift Register Merging across Hierarchies                            ; Auto               ; Auto               ;
; Auto Clock Enable Replacement                                              ; On                 ; On                 ;
; Allow Synchronous Control Signals                                          ; On                 ; On                 ;
; Force Use of Synchronous Clear Signals                                     ; Off                ; Off                ;
; Auto Resource Sharing                                                      ; Off                ; Off                ;
; Use LogicLock Constraints during Resource Balancing                        ; On                 ; On                 ;
; Ignore translate_off and synthesis_off directives                          ; Off                ; Off                ;
; Report Parameter Settings                                                  ; On                 ; On                 ;
; Report Source Assignments                                                  ; On                 ; On                 ;
; Report Connectivity Checks                                                 ; On                 ; On                 ;
; Ignore Maximum Fan-Out Assignments                                         ; Off                ; Off                ;
; Synchronization Register Chain Length                                      ; 2                  ; 2                  ;
; PowerPlay Power Optimization                                               ; Normal compilation ; Normal compilation ;
; HDL message level                                                          ; Level2             ; Level2             ;
; Suppress Register Optimization Related Messages                            ; Off                ; Off                ;
; Number of Removed Registers Reported in Synthesis Report                   ; 5000               ; 5000               ;
; Number of Swept Nodes Reported in Synthesis Report                         ; 5000               ; 5000               ;
; Number of Inverted Registers Reported in Synthesis Report                  ; 100                ; 100                ;
; Clock MUX Protection                                                       ; On                 ; On                 ;
; Block Design Naming                                                        ; Auto               ; Auto               ;
; Synthesis Effort                                                           ; Auto               ; Auto               ;
; Shift Register Replacement - Allow Asynchronous Clear Signal               ; On                 ; On                 ;
; Pre-Mapping Resynthesis Optimization                                       ; Off                ; Off                ;
; Analysis & Synthesis Message Level                                         ; Medium             ; Medium             ;
; Disable Register Merging Across Hierarchies                                ; Auto               ; Auto               ;
; Synthesis Seed                                                             ; 1                  ; 1                  ;
+----------------------------------------------------------------------------+--------------------+--------------------+


+------------------------------------------+
; Parallel Compilation                     ;
+----------------------------+-------------+
; Processors                 ; Number      ;
+----------------------------+-------------+
; Number detected on machine ; 8           ;
; Maximum allowed            ; 4           ;
;                            ;             ;
; Average used               ; 1.00        ;
; Maximum used               ; 1           ;
;                            ;             ;
; Usage by Processor         ; % Time Used ;
;     Processor 1            ; 100.0%      ;
;     Processors 2-8         ;   0.0%      ;
+----------------------------+-------------+


+----------------------------------------------------------------------------------------------------------------------------------------+
; Analysis & Synthesis Source Files Read                                                                                                 ;
+----------------------------------+-----------------+------------------------------+------------------------------------------+---------+
; File Name with User-Entered Path ; Used in Netlist ; File Type                    ; File Name with Absolute Path             ; Library ;
+----------------------------------+-----------------+------------------------------+------------------------------------------+---------+
; snake.v                          ; yes             ; User Verilog HDL File        ; C:/Users/User/Desktop/a1050331/snake.v   ;         ;
; snake.txt                        ; yes             ; Auto-Found File              ; C:/Users/User/Desktop/a1050331/snake.txt ;         ;
; dekey.v                          ; yes             ; Auto-Found Verilog HDL File  ; C:/Users/User/Desktop/a1050331/dekey.v   ;         ;
; seg7.v                           ; yes             ; Auto-Found Verilog HDL File  ; C:/Users/User/Desktop/a1050331/seg7.v    ;         ;
; seg7.txt                         ; yes             ; Auto-Found File              ; C:/Users/User/Desktop/a1050331/seg7.txt  ;         ;
+----------------------------------+-----------------+------------------------------+------------------------------------------+---------+


+-----------------------------------------------------+
; Analysis & Synthesis Resource Usage Summary         ;
+---------------------------------------------+-------+
; Resource                                    ; Usage ;
+---------------------------------------------+-------+
; Total logic elements                        ; 84    ;
;     -- Combinational with no register       ; 44    ;
;     -- Register only                        ; 0     ;
;     -- Combinational with a register        ; 40    ;
;                                             ;       ;
; Logic element usage by number of LUT inputs ;       ;
;     -- 4 input functions                    ; 30    ;
;     -- 3 input functions                    ; 8     ;
;     -- 2 input functions                    ; 40    ;
;     -- 1 input functions                    ; 6     ;
;     -- 0 input functions                    ; 0     ;
;                                             ;       ;
; Logic elements by mode                      ;       ;
;     -- normal mode                          ; 53    ;
;     -- arithmetic mode                      ; 31    ;
;     -- qfbk mode                            ; 0     ;
;     -- register cascade mode                ; 0     ;
;     -- synchronous clear/load mode          ; 5     ;
;     -- asynchronous clear/load mode         ; 5     ;
;                                             ;       ;
; Total registers                             ; 40    ;
; Total logic cells in carry chains           ; 34    ;
; I/O pins                                    ; 25    ;
; Maximum fan-out node                        ; clk   ;
; Maximum fan-out                             ; 25    ;
; Total fan-out                               ; 315   ;
; Average fan-out                             ; 2.89  ;
+---------------------------------------------+-------+


+----------------------------------------------------------------------------------------------------------------------------------------------------------------------------------------------------------------------+
; Analysis & Synthesis Resource Utilization by Entity                                                                                                                                                                  ;
+----------------------------+-------------+--------------+------------+------+--------------+--------------+-------------------+------------------+-----------------+------------+---------------------+--------------+
; Compilation Hierarchy Node ; Logic Cells ; LC Registers ; UFM Blocks ; Pins ; Virtual Pins ; LUT-Only LCs ; Register-Only LCs ; LUT/Register LCs ; Carry Chain LCs ; Packed LCs ; Full Hierarchy Name ; Library Name ;
+----------------------------+-------------+--------------+------------+------+--------------+--------------+-------------------+------------------+-----------------+------------+---------------------+--------------+
; |snake                     ; 84 (71)     ; 40           ; 0          ; 25   ; 0            ; 44 (37)      ; 0 (0)             ; 40 (34)          ; 34 (34)         ; 0 (0)      ; |snake              ; work         ;
;    |dekey:u1|              ; 2 (2)       ; 2            ; 0          ; 0    ; 0            ; 0 (0)        ; 0 (0)             ; 2 (2)            ; 0 (0)           ; 0 (0)      ; |snake|dekey:u1     ; work         ;
;    |dekey:u2|              ; 2 (2)       ; 2            ; 0          ; 0    ; 0            ; 0 (0)        ; 0 (0)             ; 2 (2)            ; 0 (0)           ; 0 (0)      ; |snake|dekey:u2     ; work         ;
;    |dekey:u3|              ; 2 (2)       ; 2            ; 0          ; 0    ; 0            ; 0 (0)        ; 0 (0)             ; 2 (2)            ; 0 (0)           ; 0 (0)      ; |snake|dekey:u3     ; work         ;
;    |seg7:u4|               ; 7 (7)       ; 0            ; 0          ; 0    ; 0            ; 7 (7)        ; 0 (0)             ; 0 (0)            ; 0 (0)           ; 0 (0)      ; |snake|seg7:u4      ; work         ;
+----------------------------+-------------+--------------+------------+------+--------------+--------------+-------------------+------------------+-----------------+------------+---------------------+--------------+
Note: For table entries with two numbers listed, the numbers in parentheses indicate the number of resources of the given type used by the specific entity alone. The numbers listed outside of parentheses indicate the total resources of the given type used by the specific entity and all of its sub-entities in the hierarchy.


+------------------------------------------------------+
; General Register Statistics                          ;
+----------------------------------------------+-------+
; Statistic                                    ; Value ;
+----------------------------------------------+-------+
; Total registers                              ; 40    ;
; Number of registers using Synchronous Clear  ; 5     ;
; Number of registers using Synchronous Load   ; 5     ;
; Number of registers using Asynchronous Clear ; 5     ;
; Number of registers using Asynchronous Load  ; 0     ;
; Number of registers using Clock Enable       ; 5     ;
; Number of registers using Preset             ; 0     ;
+----------------------------------------------+-------+


+------------------------------------------------------------------------------------------------------------------------------------------+
; Multiplexer Restructuring Statistics (Restructuring Performed)                                                                           ;
+--------------------+-----------+---------------+----------------------+------------------------+------------+----------------------------+
; Multiplexer Inputs ; Bus Width ; Baseline Area ; Area if Restructured ; Saving if Restructured ; Registered ; Example Multiplexer Output ;
+--------------------+-----------+---------------+----------------------+------------------------+------------+----------------------------+
; 4:1                ; 5 bits    ; 10 LEs        ; 10 LEs               ; 0 LEs                  ; Yes        ; |snake|cnt[4]              ;
; 6:1                ; 2 bits    ; 8 LEs         ; 4 LEs                ; 4 LEs                  ; Yes        ; |snake|dekey:u3|state[0]   ;
; 6:1                ; 2 bits    ; 8 LEs         ; 4 LEs                ; 4 LEs                  ; Yes        ; |snake|dekey:u2|state[0]   ;
; 6:1                ; 2 bits    ; 8 LEs         ; 4 LEs                ; 4 LEs                  ; Yes        ; |snake|dekey:u1|state[0]   ;
+--------------------+-----------+---------------+----------------------+------------------------+------------+----------------------------+


+-------------------------------+
; Analysis & Synthesis Messages ;
+-------------------------------+
Info: *******************************************************************
Info: Running Quartus II 64-Bit Analysis & Synthesis
    Info: Version 13.0.1 Build 232 06/12/2013 Service Pack 1 SJ Full Version
    Info: Processing started: Thu Apr 21 11:46:23 2016
Info: Command: quartus_map --read_settings_files=on --write_settings_files=off snake -c snake
Info (11104): Parallel Compilation has detected 8 hyper-threaded processors. However, the extra hyper-threaded processors will not be used by default. Parallel Compilation will use 4 of the 4 physical processors detected instead.
Info (12021): Found 1 design units, including 1 entities, in source file snake.v
    Info (12023): Found entity 1: snake
Warning (10236): Verilog HDL Implicit Net warning at snake.v(50): created implicit net for "leden"
Warning (10236): Verilog HDL Implicit Net warning at snake.v(50): created implicit net for "ledun"
Info (12127): Elaborating entity "snake" for the top level hierarchy
Warning (10036): Verilog HDL or VHDL warning at snake.v(50): object "leden" assigned a value but never read
Warning (10036): Verilog HDL or VHDL warning at snake.v(50): object "ledun" assigned a value but never read
Warning (10230): Verilog HDL assignment warning at snake.txt(1): truncated value with size 8 to match size of target (7)
Warning (10230): Verilog HDL assignment warning at snake.txt(2): truncated value with size 8 to match size of target (7)
Warning (10230): Verilog HDL assignment warning at snake.txt(3): truncated value with size 8 to match size of target (7)
Warning (10230): Verilog HDL assignment warning at snake.txt(4): truncated value with size 8 to match size of target (7)
Warning (10230): Verilog HDL assignment warning at snake.txt(5): truncated value with size 8 to match size of target (7)
Warning (10230): Verilog HDL assignment warning at snake.txt(6): truncated value with size 8 to match size of target (7)
Warning (10230): Verilog HDL assignment warning at snake.txt(7): truncated value with size 8 to match size of target (7)
Warning (10230): Verilog HDL assignment warning at snake.txt(8): truncated value with size 8 to match size of target (7)
Warning (10230): Verilog HDL assignment warning at snake.txt(9): truncated value with size 8 to match size of target (7)
Warning (10230): Verilog HDL assignment warning at snake.txt(10): truncated value with size 8 to match size of target (7)
Warning (10230): Verilog HDL assignment warning at snake.txt(11): truncated value with size 8 to match size of target (7)
Warning (10230): Verilog HDL assignment warning at snake.txt(12): truncated value with size 8 to match size of target (7)
Warning (10230): Verilog HDL assignment warning at snake.txt(13): truncated value with size 8 to match size of target (7)
Warning (10230): Verilog HDL assignment warning at snake.txt(14): truncated value with size 8 to match size of target (7)
Warning (10230): Verilog HDL assignment warning at snake.txt(15): truncated value with size 8 to match size of target (7)
Warning (10230): Verilog HDL assignment warning at snake.txt(16): truncated value with size 8 to match size of target (7)
Warning (10030): Net "rom.data_a" at snake.v(60) has no driver or initial value, using a default initial value '0'
Warning (10030): Net "rom.waddr_a" at snake.v(60) has no driver or initial value, using a default initial value '0'
Warning (10030): Net "rom.we_a" at snake.v(60) has no driver or initial value, using a default initial value '0'
Warning (12125): Using design file dekey.v, which is not specified as a design file for the current project, but contains definitions for 1 design units and 1 entities in project
    Info (12023): Found entity 1: dekey
Info (12128): Elaborating entity "dekey" for hierarchy "dekey:u1"
Warning (12125): Using design file seg7.v, which is not specified as a design file for the current project, but contains definitions for 1 design units and 1 entities in project
    Info (12023): Found entity 1: seg7
Info (12128): Elaborating entity "seg7" for hierarchy "seg7:u4"
Warning (10230): Verilog HDL assignment warning at seg7.txt(1): truncated value with size 8 to match size of target (7)
Warning (10230): Verilog HDL assignment warning at seg7.txt(2): truncated value with size 8 to match size of target (7)
Warning (10030): Net "rom.data_a" at seg7.v(5) has no driver or initial value, using a default initial value '0'
Warning (10030): Net "rom.waddr_a" at seg7.v(5) has no driver or initial value, using a default initial value '0'
Warning (10030): Net "rom.we_a" at seg7.v(5) has no driver or initial value, using a default initial value '0'
Warning (19016): Clock multiplexers are found and protected
    Warning (19017): Found clock multiplexer Mux0
Info (21057): Implemented 109 device resources after synthesis - the final resource count might be different
    Info (21058): Implemented 5 input pins
    Info (21059): Implemented 20 output pins
    Info (21061): Implemented 84 logic cells
Info: Quartus II 64-Bit Analysis & Synthesis was successful. 0 errors, 32 warnings
    Info: Peak virtual memory: 430 megabytes
    Info: Processing ended: Thu Apr 21 11:46:24 2016
    Info: Elapsed time: 00:00:01
    Info: Total CPU time (on all processors): 00:00:01


