Fitter report for keyboard
Thu Jun 23 11:54:06 2016
Quartus II 64-Bit Version 13.0.1 Build 232 06/12/2013 Service Pack 1 SJ Full Version


---------------------
; Table of Contents ;
---------------------
  1. Legal Notice
  2. Fitter Summary
  3. Fitter Settings
  4. Parallel Compilation
  5. Pin-Out File
  6. Fitter Resource Usage Summary
  7. Input Pins
  8. Output Pins
  9. All Package Pins
 10. I/O Standard
 11. Dedicated Inputs I/O
 12. Output Pin Default Load For Reported TCO
 13. Fitter Resource Utilization by Entity
 14. Control Signals
 15. Global & Other Fast Signals
 16. Non-Global High Fan-Out Signals
 17. Other Routing Usage Summary
 18. LAB Macrocells
 19. Parallel Expander
 20. Logic Cell Interconnection
 21. Fitter Device Options
 22. Fitter Messages



----------------
; Legal Notice ;
----------------
Copyright (C) 1991-2013 Altera Corporation
Your use of Altera Corporation's design tools, logic functions 
and other software and tools, and its AMPP partner logic 
functions, and any output files from any of the foregoing 
(including device programming or simulation files), and any 
associated documentation or information are expressly subject 
to the terms and conditions of the Altera Program License 
Subscription Agreement, Altera MegaCore Function License 
Agreement, or other applicable license agreement, including, 
without limitation, that your use is for the sole purpose of 
programming logic devices manufactured by Altera and sold by 
Altera or its authorized distributors.  Please refer to the 
applicable agreement for further details.



+------------------------------------------------------------------------------+
; Fitter Summary                                                               ;
+---------------------------+--------------------------------------------------+
; Fitter Status             ; Successful - Thu Jun 23 11:54:06 2016            ;
; Quartus II 64-Bit Version ; 13.0.1 Build 232 06/12/2013 SP 1 SJ Full Version ;
; Revision Name             ; keyboard                                         ;
; Top-level Entity Name     ; keyboard                                         ;
; Family                    ; MAX3000A                                         ;
; Device                    ; EPM3064ALC44-10                                  ;
; Timing Models             ; Final                                            ;
; Total macrocells          ; 35 / 64 ( 55 % )                                 ;
; Total pins                ; 21 / 34 ( 62 % )                                 ;
+---------------------------+--------------------------------------------------+


+--------------------------------------------------------------------------------------------------------------+
; Fitter Settings                                                                                              ;
+----------------------------------------------------------------------------+-----------------+---------------+
; Option                                                                     ; Setting         ; Default Value ;
+----------------------------------------------------------------------------+-----------------+---------------+
; Device                                                                     ; EPM3064ALC44-10 ;               ;
; Use smart compilation                                                      ; Off             ; Off           ;
; Enable parallel Assembler and TimeQuest Timing Analyzer during compilation ; On              ; On            ;
; Enable compact report table                                                ; Off             ; Off           ;
; Optimize Multi-Corner Timing                                               ; Off             ; Off           ;
; Optimize Timing for ECOs                                                   ; Off             ; Off           ;
; Regenerate full fit report during ECO compiles                             ; Off             ; Off           ;
; Optimize IOC Register Placement for Timing                                 ; Normal          ; Normal        ;
; Fitter Initial Placement Seed                                              ; 1               ; 1             ;
; Slow Slew Rate                                                             ; Off             ; Off           ;
; Fitter Effort                                                              ; Auto Fit        ; Auto Fit      ;
; Force Fitter to Avoid Periphery Placement Warnings                         ; Off             ; Off           ;
+----------------------------------------------------------------------------+-----------------+---------------+


+------------------------------------------+
; Parallel Compilation                     ;
+----------------------------+-------------+
; Processors                 ; Number      ;
+----------------------------+-------------+
; Number detected on machine ; 8           ;
; Maximum allowed            ; 4           ;
;                            ;             ;
; Average used               ; 1.00        ;
; Maximum used               ; 1           ;
;                            ;             ;
; Usage by Processor         ; % Time Used ;
;     Processor 1            ; 100.0%      ;
;     Processors 2-8         ;   0.0%      ;
+----------------------------+-------------+


+--------------+
; Pin-Out File ;
+--------------+
The pin-out file can be found in C:/Users/User/Desktop/keyboard/output_files/keyboard.pin.


+-------------------------------------------------+
; Fitter Resource Usage Summary                   ;
+------------------------------+------------------+
; Resource                     ; Usage            ;
+------------------------------+------------------+
; Logic cells                  ; 35 / 64 ( 55 % ) ;
; Registers                    ; 24 / 64 ( 38 % ) ;
; Number of pterms used        ; 68               ;
; I/O pins                     ; 21 / 34 ( 62 % ) ;
;     -- Clock pins            ; 1 / 2 ( 50 % )   ;
;     -- Dedicated input pins  ; 0 / 2 ( 0 % )    ;
;                              ;                  ;
; Global signals               ; 1                ;
; Shareable expanders          ; 0 / 64 ( 0 % )   ;
; Parallel expanders           ; 4 / 60 ( 7 % )   ;
; Cells using turbo bit        ; 35 / 64 ( 55 % ) ;
; Maximum fan-out              ; 12               ;
; Highest non-global fan-out   ; 12               ;
; Total fan-out                ; 201              ;
; Average fan-out              ; 3.59             ;
+------------------------------+------------------+


+----------------------------------------------------------------------------------------------------------------------------+
; Input Pins                                                                                                                 ;
+-------+-------+----------+-----+-----------------------+--------------------+--------+--------------+----------------------+
; Name  ; Pin # ; I/O Bank ; LAB ; Combinational Fan-Out ; Registered Fan-Out ; Global ; I/O Standard ; Location assigned by ;
+-------+-------+----------+-----+-----------------------+--------------------+--------+--------------+----------------------+
; P10   ; 31    ; --       ; 3   ; 5                     ; 0                  ; no     ; 3.3-V LVTTL  ; User                 ;
; P13   ; 18    ; --       ; 2   ; 1                     ; 0                  ; no     ; 3.3-V LVTTL  ; User                 ;
; P14   ; 19    ; --       ; 2   ; 1                     ; 0                  ; no     ; 3.3-V LVTTL  ; User                 ;
; P2    ; 27    ; --       ; 3   ; 6                     ; 0                  ; no     ; 3.3-V LVTTL  ; User                 ;
; P4    ; 25    ; --       ; 3   ; 7                     ; 0                  ; no     ; 3.3-V LVTTL  ; User                 ;
; clk4m ; 43    ; --       ; --  ; 12                    ; 0                  ; yes    ; 3.3-V LVTTL  ; User                 ;
+-------+-------+----------+-----+-----------------------+--------------------+--------+--------------+----------------------+


+------------------------------------------------------------------------------------------------------------------------------------------------------------------------------------------+
; Output Pins                                                                                                                                                                              ;
+------+-------+----------+-----+-----------------+----------------+------------+---------------+--------------+----------------------+-------+----------------------+---------------------+
; Name ; Pin # ; I/O Bank ; LAB ; Output Register ; Slow Slew Rate ; Open Drain ; TRI Primitive ; I/O Standard ; Location assigned by ; Load  ; Output Enable Source ; Output Enable Group ;
+------+-------+----------+-----+-----------------+----------------+------------+---------------+--------------+----------------------+-------+----------------------+---------------------+
; P1   ; 41    ; --       ; 4   ; no              ; no             ; no         ; no            ; 3.3-V LVTTL  ; User                 ; 10 pF ; -                    ; -                   ;
; P15  ; 20    ; --       ; 2   ; no              ; no             ; no         ; no            ; 3.3-V LVTTL  ; User                 ; 10 pF ; -                    ; -                   ;
; P16  ; 21    ; --       ; 2   ; no              ; no             ; no         ; no            ; 3.3-V LVTTL  ; User                 ; 10 pF ; -                    ; -                   ;
; P18  ; 16    ; --       ; 2   ; no              ; no             ; no         ; no            ; 3.3-V LVTTL  ; User                 ; 10 pF ; -                    ; -                   ;
; P19  ; 14    ; --       ; 2   ; no              ; no             ; no         ; no            ; 3.3-V LVTTL  ; User                 ; 10 pF ; -                    ; -                   ;
; P20  ; 12    ; --       ; 1   ; no              ; no             ; no         ; no            ; 3.3-V LVTTL  ; User                 ; 10 pF ; -                    ; -                   ;
; P21  ; 11    ; --       ; 1   ; no              ; no             ; no         ; no            ; 3.3-V LVTTL  ; User                 ; 10 pF ; -                    ; -                   ;
; P3   ; 26    ; --       ; 3   ; no              ; no             ; no         ; no            ; 3.3-V LVTTL  ; User                 ; 10 pF ; -                    ; -                   ;
; P5   ; 24    ; --       ; 3   ; no              ; no             ; no         ; no            ; 3.3-V LVTTL  ; User                 ; 10 pF ; -                    ; -                   ;
; P7   ; 28    ; --       ; 3   ; no              ; no             ; no         ; no            ; 3.3-V LVTTL  ; User                 ; 10 pF ; -                    ; -                   ;
; P9   ; 29    ; --       ; 3   ; no              ; no             ; no         ; no            ; 3.3-V LVTTL  ; User                 ; 10 pF ; -                    ; -                   ;
+------+-------+----------+-----+-----------------+----------------+------------+---------------+--------------+----------------------+-------+----------------------+---------------------+


+-------------------------------------------------------------------------------------------------------+
; All Package Pins                                                                                      ;
+----------+------------+----------+----------------+--------+--------------+---------+-----------------+
; Location ; Pad Number ; I/O Bank ; Pin Name/Usage ; Dir.   ; I/O Standard ; Voltage ; User Assignment ;
+----------+------------+----------+----------------+--------+--------------+---------+-----------------+
; 1        ; 0          ; --       ; GND+           ;        ;              ;         ;                 ;
; 2        ; 1          ; --       ; GND+           ;        ;              ;         ;                 ;
; 3        ; 2          ; --       ; VCCINT         ; power  ;              ; 3.3V    ;                 ;
; 4        ; 3          ; --       ; RESERVED_INPUT ;        ;              ;         ;                 ;
; 5        ; 4          ; --       ; RESERVED_INPUT ;        ;              ;         ;                 ;
; 6        ; 5          ; --       ; RESERVED_INPUT ;        ;              ;         ;                 ;
; 7        ; 6          ; --       ; TDI            ; input  ; 3.3-V LVTTL  ;         ; N               ;
; 8        ; 7          ; --       ; RESERVED_INPUT ;        ;              ;         ;                 ;
; 9        ; 8          ; --       ; RESERVED_INPUT ;        ;              ;         ;                 ;
; 10       ; 9          ; --       ; GND            ; gnd    ;              ;         ;                 ;
; 11       ; 10         ; --       ; P21            ; output ; 3.3-V LVTTL  ;         ; Y               ;
; 12       ; 11         ; --       ; P20            ; output ; 3.3-V LVTTL  ;         ; Y               ;
; 13       ; 12         ; --       ; TMS            ; input  ; 3.3-V LVTTL  ;         ; N               ;
; 14       ; 13         ; --       ; P19            ; output ; 3.3-V LVTTL  ;         ; Y               ;
; 15       ; 14         ; --       ; VCCIO          ; power  ;              ; 3.3V    ;                 ;
; 16       ; 15         ; --       ; P18            ; output ; 3.3-V LVTTL  ;         ; Y               ;
; 17       ; 16         ; --       ; GND            ; gnd    ;              ;         ;                 ;
; 18       ; 17         ; --       ; P13            ; input  ; 3.3-V LVTTL  ;         ; Y               ;
; 19       ; 18         ; --       ; P14            ; input  ; 3.3-V LVTTL  ;         ; Y               ;
; 20       ; 19         ; --       ; P15            ; output ; 3.3-V LVTTL  ;         ; Y               ;
; 21       ; 20         ; --       ; P16            ; output ; 3.3-V LVTTL  ;         ; Y               ;
; 22       ; 21         ; --       ; GND            ; gnd    ;              ;         ;                 ;
; 23       ; 22         ; --       ; VCCINT         ; power  ;              ; 3.3V    ;                 ;
; 24       ; 23         ; --       ; P5             ; output ; 3.3-V LVTTL  ;         ; Y               ;
; 25       ; 24         ; --       ; P4             ; input  ; 3.3-V LVTTL  ;         ; Y               ;
; 26       ; 25         ; --       ; P3             ; output ; 3.3-V LVTTL  ;         ; Y               ;
; 27       ; 26         ; --       ; P2             ; input  ; 3.3-V LVTTL  ;         ; Y               ;
; 28       ; 27         ; --       ; P7             ; output ; 3.3-V LVTTL  ;         ; Y               ;
; 29       ; 28         ; --       ; P9             ; output ; 3.3-V LVTTL  ;         ; Y               ;
; 30       ; 29         ; --       ; GND            ; gnd    ;              ;         ;                 ;
; 31       ; 30         ; --       ; P10            ; input  ; 3.3-V LVTTL  ;         ; Y               ;
; 32       ; 31         ; --       ; TCK            ; input  ; 3.3-V LVTTL  ;         ; N               ;
; 33       ; 32         ; --       ; RESERVED_INPUT ;        ;              ;         ;                 ;
; 34       ; 33         ; --       ; RESERVED_INPUT ;        ;              ;         ;                 ;
; 35       ; 34         ; --       ; VCCIO          ; power  ;              ; 3.3V    ;                 ;
; 36       ; 35         ; --       ; GND            ; gnd    ;              ;         ;                 ;
; 37       ; 36         ; --       ; RESERVED_INPUT ;        ;              ;         ;                 ;
; 38       ; 37         ; --       ; TDO            ; output ; 3.3-V LVTTL  ;         ; N               ;
; 39       ; 38         ; --       ; RESERVED_INPUT ;        ;              ;         ;                 ;
; 40       ; 39         ; --       ; RESERVED_INPUT ;        ;              ;         ;                 ;
; 41       ; 40         ; --       ; P1             ; output ; 3.3-V LVTTL  ;         ; Y               ;
; 42       ; 41         ; --       ; GND            ; gnd    ;              ;         ;                 ;
; 43       ; 42         ; --       ; clk4m          ; input  ; 3.3-V LVTTL  ;         ; Y               ;
; 44       ; 43         ; --       ; GND+           ;        ;              ;         ;                 ;
+----------+------------+----------+----------------+--------+--------------+---------+-----------------+
Note: Pin directions (input, output or bidir) are based on device operating in user mode.


+--------------------------------------------------------------------------------------------------+
; I/O Standard                                                                                     ;
+--------------+------------+----------------------+-------------------+-------------------+-------+
; I/O Standard ; Input Vref ; Dedicated Input Pins ; Pins in I/O Bank1 ; Pins in I/O Bank2 ; Total ;
+--------------+------------+----------------------+-------------------+-------------------+-------+
; 3.3-V LVTTL  ; -          ; 1                    ; 0                 ; 0                 ; 1     ;
+--------------+------------+----------------------+-------------------+-------------------+-------+


+---------------------------------------------------------------------+
; Dedicated Inputs I/O                                                ;
+-------+-------+-------+-------+--------------+------------+---------+
; Name  ; Pin # ; Type  ; VCCIO ; I/O Standard ; Input Vref ; Current ;
+-------+-------+-------+-------+--------------+------------+---------+
; clk4m ; 43    ; Input ; --    ; 3.3-V LVTTL  ; -          ; 0 mA    ;
+-------+-------+-------+-------+--------------+------------+---------+


+-----------------------------------------------+
; Output Pin Default Load For Reported TCO      ;
+--------------+-------+------------------------+
; I/O Standard ; Load  ; Termination Resistance ;
+--------------+-------+------------------------+
; 3.3-V LVTTL  ; 10 pF ; Not Available          ;
; 3.3-V LVCMOS ; 10 pF ; Not Available          ;
; 3.3-V PCI    ; 10 pF ; 25 Ohm (Parallel)      ;
; 2.5 V        ; 10 pF ; Not Available          ;
+--------------+-------+------------------------+
Note: User assignments will override these defaults. The user specified values are listed in the Output Pins and Bidir Pins tables.


+---------------------------------------------------------------------------------------------------+
; Fitter Resource Utilization by Entity                                                             ;
+-----------------------------+------------+------+----------------------------------+--------------+
; Compilation Hierarchy Node  ; Macrocells ; Pins ; Full Hierarchy Name              ; Library Name ;
+-----------------------------+------------+------+----------------------------------+--------------+
; |keyboard                   ; 35         ; 21   ; |keyboard                        ; work         ;
;    |lpm_counter:dly_rtl_0|  ; 12         ; 0    ; |keyboard|lpm_counter:dly_rtl_0  ; work         ;
;    |lpm_counter:scan_rtl_0| ; 4          ; 0    ; |keyboard|lpm_counter:scan_rtl_0 ; work         ;
+-----------------------------+------------+------+----------------------------------+--------------+


+----------------------------------------------------------------------------------------------------------------+
; Control Signals                                                                                                ;
+--------------------------------+----------+---------+-------+--------+----------------------+------------------+
; Name                           ; Location ; Fan-Out ; Usage ; Global ; Global Resource Used ; Global Line Name ;
+--------------------------------+----------+---------+-------+--------+----------------------+------------------+
; clk4m                          ; PIN_43   ; 12      ; Clock ; yes    ; On                   ; --               ;
; keycnt[0]                      ; LC43     ; 12      ; Clock ; no     ; --                   ; --               ;
; keycnt[1]                      ; LC35     ; 12      ; Clock ; no     ; --                   ; --               ;
; keycnt[2]                      ; LC38     ; 12      ; Clock ; no     ; --                   ; --               ;
; keycnt[3]                      ; LC48     ; 11      ; Clock ; no     ; --                   ; --               ;
; lpm_counter:dly_rtl_0|dffs[11] ; LC23     ; 8       ; Clock ; no     ; --                   ; --               ;
+--------------------------------+----------+---------+-------+--------+----------------------+------------------+


+----------------------------------------------------------------------+
; Global & Other Fast Signals                                          ;
+-------+----------+---------+----------------------+------------------+
; Name  ; Location ; Fan-Out ; Global Resource Used ; Global Line Name ;
+-------+----------+---------+----------------------+------------------+
; clk4m ; PIN_43   ; 12      ; On                   ; --               ;
+-------+----------+---------+----------------------+------------------+


+------------------------------------------+
; Non-Global High Fan-Out Signals          ;
+--------------------------------+---------+
; Name                           ; Fan-Out ;
+--------------------------------+---------+
; keycnt[0]                      ; 12      ;
; keycnt[2]                      ; 12      ;
; keycnt[1]                      ; 12      ;
; keycnt[3]                      ; 11      ;
; lpm_counter:scan_rtl_0|dffs[1] ; 11      ;
; lpm_counter:scan_rtl_0|dffs[0] ; 11      ;
; lpm_counter:dly_rtl_0|dffs[0]  ; 11      ;
; lpm_counter:dly_rtl_0|dffs[1]  ; 10      ;
; lpm_counter:dly_rtl_0|dffs[2]  ; 9       ;
; lpm_counter:dly_rtl_0|dffs[11] ; 8       ;
; lpm_counter:dly_rtl_0|dffs[3]  ; 8       ;
; P4                             ; 7       ;
; lpm_counter:dly_rtl_0|dffs[4]  ; 7       ;
; P2                             ; 6       ;
; lpm_counter:scan_rtl_0|dffs[2] ; 6       ;
; lpm_counter:dly_rtl_0|dffs[5]  ; 6       ;
; P10                            ; 5       ;
; lpm_counter:scan_rtl_0|dffs[3] ; 5       ;
; lpm_counter:dly_rtl_0|dffs[6]  ; 5       ;
; lpm_counter:dly_rtl_0|dffs[7]  ; 4       ;
; lpm_counter:dly_rtl_0|dffs[8]  ; 3       ;
; lpm_counter:dly_rtl_0|dffs[9]  ; 2       ;
; P14                            ; 1       ;
; P13                            ; 1       ;
; keycnt~45                      ; 1       ;
; keycnt~42                      ; 1       ;
; keycnt~38                      ; 1       ;
; keycnt~34                      ; 1       ;
; P3~reg0                        ; 1       ;
; P7~reg0                        ; 1       ;
; P9~reg0                        ; 1       ;
; P5~reg0                        ; 1       ;
; Decoder0~14                    ; 1       ;
; Decoder0~11                    ; 1       ;
; Decoder0~8                     ; 1       ;
; Decoder0~4                     ; 1       ;
; Equal2~3                       ; 1       ;
; Equal1~2                       ; 1       ;
; lpm_counter:dly_rtl_0|dffs[10] ; 1       ;
; P1~1                           ; 1       ;
+--------------------------------+---------+


+-------------------------------------------------+
; Other Routing Usage Summary                     ;
+-----------------------------+-------------------+
; Other Routing Resource Type ; Usage             ;
+-----------------------------+-------------------+
; Output enables              ; 0 / 6 ( 0 % )     ;
; PIA buffers                 ; 31 / 144 ( 22 % ) ;
+-----------------------------+-------------------+


+----------------------------------------------------------------------+
; LAB Macrocells                                                       ;
+----------------------------------------+-----------------------------+
; Number of Macrocells  (Average = 8.75) ; Number of LABs  (Total = 4) ;
+----------------------------------------+-----------------------------+
; 0                                      ; 0                           ;
; 1                                      ; 1                           ;
; 2                                      ; 1                           ;
; 3                                      ; 0                           ;
; 4                                      ; 0                           ;
; 5                                      ; 0                           ;
; 6                                      ; 0                           ;
; 7                                      ; 0                           ;
; 8                                      ; 0                           ;
; 9                                      ; 0                           ;
; 10                                     ; 0                           ;
; 11                                     ; 0                           ;
; 12                                     ; 0                           ;
; 13                                     ; 0                           ;
; 14                                     ; 0                           ;
; 15                                     ; 0                           ;
; 16                                     ; 2                           ;
+----------------------------------------+-----------------------------+


+---------------------------------------------------------+
; Parallel Expander                                       ;
+--------------------------+------------------------------+
; Parallel Expander Length ; Number of Parallel Expanders ;
+--------------------------+------------------------------+
; 0                        ; 0                            ;
; 1                        ; 4                            ;
+--------------------------+------------------------------+


+----------------------------------------------------------------------------------------------------------------------------------------------------------------------------------------------------------------------------------------------------------------------------------------------------------------------------------------------------------------------------------------------------------------------------------------------------------------------------------------------------------------------------------------------------------------------------------------------------------------------------------------------------------------------------------------------------------------------------------------+
; Logic Cell Interconnection                                                                                                                                                                                                                                                                                                                                                                                                                                                                                                                                                                                                                                                                                                             ;
+-----+------------+-------------------------------------------------------------------------------------------------------------------------------------------------------------------------------------------------------------------------------------------------------------------------------------------------------------------------------------------------------------+-------------------------------------------------------------------------------------------------------------------------------------------------------------------------------------------------------------------------------------------------------------------------------------------------------------------------------------------------------+
; LAB ; Logic Cell ; Input                                                                                                                                                                                                                                                                                                                                                       ; Output                                                                                                                                                                                                                                                                                                                                                ;
+-----+------------+-------------------------------------------------------------------------------------------------------------------------------------------------------------------------------------------------------------------------------------------------------------------------------------------------------------------------------------------------------------+-------------------------------------------------------------------------------------------------------------------------------------------------------------------------------------------------------------------------------------------------------------------------------------------------------------------------------------------------------+
;  A  ; LC3        ; keycnt[0], keycnt[1], keycnt[2], keycnt[3]                                                                                                                                                                                                                                                                                                                  ; P21                                                                                                                                                                                                                                                                                                                                                   ;
;  A  ; LC1        ; keycnt[0], keycnt[1], keycnt[2], keycnt[3]                                                                                                                                                                                                                                                                                                                  ; P20                                                                                                                                                                                                                                                                                                                                                   ;
;  B  ; LC23       ; clk4m, lpm_counter:dly_rtl_0|dffs[1], lpm_counter:dly_rtl_0|dffs[0], lpm_counter:dly_rtl_0|dffs[2], lpm_counter:dly_rtl_0|dffs[3], lpm_counter:dly_rtl_0|dffs[4], lpm_counter:dly_rtl_0|dffs[5], lpm_counter:dly_rtl_0|dffs[6], lpm_counter:dly_rtl_0|dffs[7], lpm_counter:dly_rtl_0|dffs[8], lpm_counter:dly_rtl_0|dffs[9], lpm_counter:dly_rtl_0|dffs[10] ; keycnt[1], lpm_counter:scan_rtl_0|dffs[0], keycnt[2], lpm_counter:scan_rtl_0|dffs[1], keycnt[3], lpm_counter:scan_rtl_0|dffs[2], keycnt[0], lpm_counter:scan_rtl_0|dffs[3]                                                                                                                                                                            ;
;  B  ; LC20       ; clk4m                                                                                                                                                                                                                                                                                                                                                       ; lpm_counter:dly_rtl_0|dffs[1], lpm_counter:dly_rtl_0|dffs[2], lpm_counter:dly_rtl_0|dffs[3], lpm_counter:dly_rtl_0|dffs[4], lpm_counter:dly_rtl_0|dffs[5], lpm_counter:dly_rtl_0|dffs[6], lpm_counter:dly_rtl_0|dffs[7], lpm_counter:dly_rtl_0|dffs[8], lpm_counter:dly_rtl_0|dffs[9], lpm_counter:dly_rtl_0|dffs[10], lpm_counter:dly_rtl_0|dffs[11] ;
;  B  ; LC31       ; clk4m, lpm_counter:dly_rtl_0|dffs[0]                                                                                                                                                                                                                                                                                                                        ; lpm_counter:dly_rtl_0|dffs[2], lpm_counter:dly_rtl_0|dffs[3], lpm_counter:dly_rtl_0|dffs[4], lpm_counter:dly_rtl_0|dffs[5], lpm_counter:dly_rtl_0|dffs[6], lpm_counter:dly_rtl_0|dffs[7], lpm_counter:dly_rtl_0|dffs[8], lpm_counter:dly_rtl_0|dffs[9], lpm_counter:dly_rtl_0|dffs[10], lpm_counter:dly_rtl_0|dffs[11]                                ;
;  B  ; LC18       ; clk4m, lpm_counter:dly_rtl_0|dffs[1], lpm_counter:dly_rtl_0|dffs[0]                                                                                                                                                                                                                                                                                         ; lpm_counter:dly_rtl_0|dffs[3], lpm_counter:dly_rtl_0|dffs[4], lpm_counter:dly_rtl_0|dffs[5], lpm_counter:dly_rtl_0|dffs[6], lpm_counter:dly_rtl_0|dffs[7], lpm_counter:dly_rtl_0|dffs[8], lpm_counter:dly_rtl_0|dffs[9], lpm_counter:dly_rtl_0|dffs[10], lpm_counter:dly_rtl_0|dffs[11]                                                               ;
;  B  ; LC21       ; clk4m, lpm_counter:dly_rtl_0|dffs[1], lpm_counter:dly_rtl_0|dffs[0], lpm_counter:dly_rtl_0|dffs[2]                                                                                                                                                                                                                                                          ; lpm_counter:dly_rtl_0|dffs[4], lpm_counter:dly_rtl_0|dffs[5], lpm_counter:dly_rtl_0|dffs[6], lpm_counter:dly_rtl_0|dffs[7], lpm_counter:dly_rtl_0|dffs[8], lpm_counter:dly_rtl_0|dffs[9], lpm_counter:dly_rtl_0|dffs[10], lpm_counter:dly_rtl_0|dffs[11]                                                                                              ;
;  B  ; LC29       ; clk4m, lpm_counter:dly_rtl_0|dffs[1], lpm_counter:dly_rtl_0|dffs[0], lpm_counter:dly_rtl_0|dffs[2], lpm_counter:dly_rtl_0|dffs[3]                                                                                                                                                                                                                           ; lpm_counter:dly_rtl_0|dffs[5], lpm_counter:dly_rtl_0|dffs[6], lpm_counter:dly_rtl_0|dffs[7], lpm_counter:dly_rtl_0|dffs[8], lpm_counter:dly_rtl_0|dffs[9], lpm_counter:dly_rtl_0|dffs[10], lpm_counter:dly_rtl_0|dffs[11]                                                                                                                             ;
;  B  ; LC32       ; clk4m, lpm_counter:dly_rtl_0|dffs[1], lpm_counter:dly_rtl_0|dffs[0], lpm_counter:dly_rtl_0|dffs[2], lpm_counter:dly_rtl_0|dffs[3], lpm_counter:dly_rtl_0|dffs[4]                                                                                                                                                                                            ; lpm_counter:dly_rtl_0|dffs[6], lpm_counter:dly_rtl_0|dffs[7], lpm_counter:dly_rtl_0|dffs[8], lpm_counter:dly_rtl_0|dffs[9], lpm_counter:dly_rtl_0|dffs[10], lpm_counter:dly_rtl_0|dffs[11]                                                                                                                                                            ;
;  B  ; LC27       ; clk4m, lpm_counter:dly_rtl_0|dffs[1], lpm_counter:dly_rtl_0|dffs[0], lpm_counter:dly_rtl_0|dffs[2], lpm_counter:dly_rtl_0|dffs[3], lpm_counter:dly_rtl_0|dffs[4], lpm_counter:dly_rtl_0|dffs[5]                                                                                                                                                             ; lpm_counter:dly_rtl_0|dffs[7], lpm_counter:dly_rtl_0|dffs[8], lpm_counter:dly_rtl_0|dffs[9], lpm_counter:dly_rtl_0|dffs[10], lpm_counter:dly_rtl_0|dffs[11]                                                                                                                                                                                           ;
;  B  ; LC24       ; clk4m, lpm_counter:dly_rtl_0|dffs[1], lpm_counter:dly_rtl_0|dffs[0], lpm_counter:dly_rtl_0|dffs[2], lpm_counter:dly_rtl_0|dffs[3], lpm_counter:dly_rtl_0|dffs[4], lpm_counter:dly_rtl_0|dffs[5], lpm_counter:dly_rtl_0|dffs[6]                                                                                                                              ; lpm_counter:dly_rtl_0|dffs[8], lpm_counter:dly_rtl_0|dffs[9], lpm_counter:dly_rtl_0|dffs[10], lpm_counter:dly_rtl_0|dffs[11]                                                                                                                                                                                                                          ;
;  B  ; LC26       ; clk4m, lpm_counter:dly_rtl_0|dffs[1], lpm_counter:dly_rtl_0|dffs[0], lpm_counter:dly_rtl_0|dffs[2], lpm_counter:dly_rtl_0|dffs[3], lpm_counter:dly_rtl_0|dffs[4], lpm_counter:dly_rtl_0|dffs[5], lpm_counter:dly_rtl_0|dffs[6], lpm_counter:dly_rtl_0|dffs[7]                                                                                               ; lpm_counter:dly_rtl_0|dffs[9], lpm_counter:dly_rtl_0|dffs[10], lpm_counter:dly_rtl_0|dffs[11]                                                                                                                                                                                                                                                         ;
;  B  ; LC28       ; clk4m, lpm_counter:dly_rtl_0|dffs[1], lpm_counter:dly_rtl_0|dffs[0], lpm_counter:dly_rtl_0|dffs[2], lpm_counter:dly_rtl_0|dffs[3], lpm_counter:dly_rtl_0|dffs[4], lpm_counter:dly_rtl_0|dffs[5], lpm_counter:dly_rtl_0|dffs[6], lpm_counter:dly_rtl_0|dffs[7], lpm_counter:dly_rtl_0|dffs[8]                                                                ; lpm_counter:dly_rtl_0|dffs[10], lpm_counter:dly_rtl_0|dffs[11]                                                                                                                                                                                                                                                                                        ;
;  B  ; LC22       ; clk4m, lpm_counter:dly_rtl_0|dffs[1], lpm_counter:dly_rtl_0|dffs[0], lpm_counter:dly_rtl_0|dffs[2], lpm_counter:dly_rtl_0|dffs[3], lpm_counter:dly_rtl_0|dffs[4], lpm_counter:dly_rtl_0|dffs[5], lpm_counter:dly_rtl_0|dffs[6], lpm_counter:dly_rtl_0|dffs[7], lpm_counter:dly_rtl_0|dffs[8], lpm_counter:dly_rtl_0|dffs[9]                                 ; lpm_counter:dly_rtl_0|dffs[11]                                                                                                                                                                                                                                                                                                                        ;
;  B  ; LC25       ; lpm_counter:scan_rtl_0|dffs[3], lpm_counter:scan_rtl_0|dffs[2]                                                                                                                                                                                                                                                                                              ; P18                                                                                                                                                                                                                                                                                                                                                   ;
;  B  ; LC17       ; lpm_counter:scan_rtl_0|dffs[3], lpm_counter:scan_rtl_0|dffs[2]                                                                                                                                                                                                                                                                                              ; P16                                                                                                                                                                                                                                                                                                                                                   ;
;  B  ; LC30       ; lpm_counter:scan_rtl_0|dffs[3], lpm_counter:scan_rtl_0|dffs[2]                                                                                                                                                                                                                                                                                              ; P19                                                                                                                                                                                                                                                                                                                                                   ;
;  B  ; LC19       ; lpm_counter:scan_rtl_0|dffs[3], lpm_counter:scan_rtl_0|dffs[2]                                                                                                                                                                                                                                                                                              ; P15                                                                                                                                                                                                                                                                                                                                                   ;
;  C  ; LC45       ; lpm_counter:scan_rtl_0|dffs[1], lpm_counter:scan_rtl_0|dffs[0], lpm_counter:dly_rtl_0|dffs[11]                                                                                                                                                                                                                                                              ; lpm_counter:scan_rtl_0|dffs[3], Decoder0~4, Decoder0~8, Decoder0~11, Decoder0~14, P9~reg0                                                                                                                                                                                                                                                             ;
;  C  ; LC43       ; keycnt~45, P2, keycnt[1], keycnt[2], lpm_counter:scan_rtl_0|dffs[1], keycnt[3], lpm_counter:scan_rtl_0|dffs[0], keycnt[0], P10, lpm_counter:dly_rtl_0|dffs[11]                                                                                                                                                                                              ; keycnt[3], keycnt[0], Equal1~2, Equal2~3, P5~reg0, P9~reg0, P7~reg0, P3~reg0, keycnt~34, keycnt~38, keycnt~42, keycnt~45                                                                                                                                                                                                                              ;
;  C  ; LC39       ; lpm_counter:scan_rtl_0|dffs[2], lpm_counter:scan_rtl_0|dffs[1], lpm_counter:scan_rtl_0|dffs[0], lpm_counter:dly_rtl_0|dffs[11]                                                                                                                                                                                                                              ; Decoder0~4, Decoder0~8, Decoder0~11, Decoder0~14, P5~reg0                                                                                                                                                                                                                                                                                             ;
;  C  ; LC48       ; keycnt~42, keycnt[2], keycnt[1], keycnt[0], lpm_counter:scan_rtl_0|dffs[1], lpm_counter:scan_rtl_0|dffs[0], P10, P4, keycnt[3], P2, lpm_counter:dly_rtl_0|dffs[11]                                                                                                                                                                                          ; keycnt[3], keycnt[0], Equal1~2, Equal2~3, P5~reg0, P9~reg0, P7~reg0, P3~reg0, keycnt~34, keycnt~38, keycnt~45                                                                                                                                                                                                                                         ;
;  C  ; LC35       ; keycnt~34, P4, lpm_counter:scan_rtl_0|dffs[0], P2, lpm_counter:scan_rtl_0|dffs[1], P10, lpm_counter:dly_rtl_0|dffs[11]                                                                                                                                                                                                                                      ; keycnt[3], keycnt[0], Equal1~2, Equal2~3, P5~reg0, P9~reg0, P7~reg0, P3~reg0, keycnt~34, keycnt~38, keycnt~42, keycnt~45                                                                                                                                                                                                                              ;
;  C  ; LC46       ; P4, lpm_counter:scan_rtl_0|dffs[0], P2, lpm_counter:scan_rtl_0|dffs[1], P10, lpm_counter:dly_rtl_0|dffs[11]                                                                                                                                                                                                                                                 ; keycnt[1], lpm_counter:scan_rtl_0|dffs[0], keycnt[2], lpm_counter:scan_rtl_0|dffs[1], keycnt[3], lpm_counter:scan_rtl_0|dffs[2], keycnt[0], lpm_counter:scan_rtl_0|dffs[3], P3~reg0, keycnt~42, keycnt~45                                                                                                                                             ;
;  C  ; LC38       ; keycnt~38, P4, lpm_counter:scan_rtl_0|dffs[0], P2, lpm_counter:scan_rtl_0|dffs[1], P10, lpm_counter:dly_rtl_0|dffs[11]                                                                                                                                                                                                                                      ; keycnt[3], keycnt[0], Equal1~2, Equal2~3, P5~reg0, P9~reg0, P7~reg0, P3~reg0, keycnt~34, keycnt~38, keycnt~42, keycnt~45                                                                                                                                                                                                                              ;
;  C  ; LC44       ; P4, lpm_counter:scan_rtl_0|dffs[1], lpm_counter:scan_rtl_0|dffs[0], lpm_counter:dly_rtl_0|dffs[11]                                                                                                                                                                                                                                                          ; keycnt[1], lpm_counter:scan_rtl_0|dffs[0], keycnt[2], lpm_counter:scan_rtl_0|dffs[1], keycnt[3], lpm_counter:scan_rtl_0|dffs[2], keycnt[0], lpm_counter:scan_rtl_0|dffs[3], P7~reg0, keycnt~42, keycnt~45                                                                                                                                             ;
;  C  ; LC42       ; P4, keycnt[1], keycnt[2], lpm_counter:scan_rtl_0|dffs[1], keycnt[3], lpm_counter:scan_rtl_0|dffs[0], keycnt[0]                                                                                                                                                                                                                                              ; keycnt[0]                                                                                                                                                                                                                                                                                                                                             ;
;  C  ; LC33       ; lpm_counter:scan_rtl_0|dffs[3], keycnt[0], keycnt[1], keycnt[2], keycnt[3]                                                                                                                                                                                                                                                                                  ; P5                                                                                                                                                                                                                                                                                                                                                    ;
;  C  ; LC41       ; lpm_counter:scan_rtl_0|dffs[2], keycnt[0], keycnt[1], keycnt[2], keycnt[3]                                                                                                                                                                                                                                                                                  ; P9                                                                                                                                                                                                                                                                                                                                                    ;
;  C  ; LC40       ; lpm_counter:scan_rtl_0|dffs[1], keycnt[0], keycnt[1], keycnt[2], keycnt[3]                                                                                                                                                                                                                                                                                  ; P7                                                                                                                                                                                                                                                                                                                                                    ;
;  C  ; LC36       ; lpm_counter:scan_rtl_0|dffs[0], keycnt[0], keycnt[1], keycnt[2], keycnt[3]                                                                                                                                                                                                                                                                                  ; P3                                                                                                                                                                                                                                                                                                                                                    ;
;  C  ; LC34       ; keycnt[2], keycnt[1], keycnt[0], keycnt[3]                                                                                                                                                                                                                                                                                                                  ; keycnt[1]                                                                                                                                                                                                                                                                                                                                             ;
;  C  ; LC37       ; keycnt[2], keycnt[1], keycnt[0], keycnt[3]                                                                                                                                                                                                                                                                                                                  ; keycnt[2]                                                                                                                                                                                                                                                                                                                                             ;
;  C  ; LC47       ; keycnt[2], keycnt[1], keycnt[0], P4, lpm_counter:scan_rtl_0|dffs[1], lpm_counter:scan_rtl_0|dffs[0], P2                                                                                                                                                                                                                                                     ; keycnt[3]                                                                                                                                                                                                                                                                                                                                             ;
;  D  ; LC64       ; P13, P14                                                                                                                                                                                                                                                                                                                                                    ; P1                                                                                                                                                                                                                                                                                                                                                    ;
+-----+------------+-------------------------------------------------------------------------------------------------------------------------------------------------------------------------------------------------------------------------------------------------------------------------------------------------------------------------------------------------------------+-------------------------------------------------------------------------------------------------------------------------------------------------------------------------------------------------------------------------------------------------------------------------------------------------------------------------------------------------------+


+---------------------------------------------------------------+
; Fitter Device Options                                         ;
+----------------------------------------------+----------------+
; Option                                       ; Setting        ;
+----------------------------------------------+----------------+
; Enable user-supplied start-up clock (CLKUSR) ; Off            ;
; Enable device-wide reset (DEV_CLRn)          ; Off            ;
; Enable device-wide output enable (DEV_OE)    ; Off            ;
; Enable INIT_DONE output                      ; Off            ;
; Configuration scheme                         ; Passive Serial ;
; Security bit                                 ; Off            ;
; Base pin-out file on sameframe device        ; Off            ;
+----------------------------------------------+----------------+


+-----------------+
; Fitter Messages ;
+-----------------+
Info (11104): Parallel Compilation has detected 8 hyper-threaded processors. However, the extra hyper-threaded processors will not be used by default. Parallel Compilation will use 4 of the 4 physical processors detected instead.
Info (119006): Selected device EPM3064ALC44-10 for design "keyboard"
Info: Quartus II 64-Bit Fitter was successful. 0 errors, 0 warnings
    Info: Peak virtual memory: 531 megabytes
    Info: Processing ended: Thu Jun 23 11:54:06 2016
    Info: Elapsed time: 00:00:01
    Info: Total CPU time (on all processors): 00:00:01


