C51 COMPILER V9.50.0.0   LED_FOR                                                           10/07/2015 10:12:04 PAGE 1   


C51 COMPILER V9.50.0.0, COMPILATION OF MODULE LED_FOR
OBJECT MODULE PLACED IN LED_for.OBJ
COMPILER INVOKED BY: C:\Keil\C51\BIN\C51.EXE LED_for.c BROWSE DEBUG OBJECTEXTEND TABS(2)

line level    source

   1          #include <reg52.h>
   2          void deplay_10us(unsigned int time)
   3          {
   4   1        while(time>0) time--;
   5   1      }
   6          void main(void)
   7          {
   8   1        while(1)
   9   1        {
  10   2          code wtf[]={1,128,2,64,4,32,8,16,8,32,4,64,2,128};
  11   2          int i;
  12   2          for(i=0;i<14;i++)
  13   2          {
  14   3          P0=~wtf[i];
  15   3          deplay_10us(20000);
  16   3          }   
  17   2        }
  18   1      }
  19            


MODULE INFORMATION:   STATIC OVERLAYABLE
   CODE SIZE        =     75    ----
   CONSTANT SIZE    =     28    ----
   XDATA SIZE       =   ----    ----
   PDATA SIZE       =   ----    ----
   DATA SIZE        =   ----       2
   IDATA SIZE       =   ----    ----
   BIT SIZE         =   ----    ----
END OF MODULE INFORMATION.


C51 COMPILATION COMPLETE.  0 WARNING(S),  0 ERROR(S)
