C51 COMPILER V9.50.0.0   TIMER0_MODE1                                                      06/01/2016 10:21:00 PAGE 1   


C51 COMPILER V9.50.0.0, COMPILATION OF MODULE TIMER0_MODE1
OBJECT MODULE PLACED IN timer0_mode1.OBJ
COMPILER INVOKED BY: C:\Keil\C51\BIN\C51.EXE timer0_mode1.c BROWSE DEBUG OBJECTEXTEND TABS(2)

line level    source

   1          #include <reg52.h>
   2          #define led P0
   3          bit x=0;
   4          code wtf[]={1,2,4,8,16,32,64,128};
   5          void deplay_10us(unsigned int time)
   6          {
   7   1        while(time>0) time--;
   8   1      }
   9          void timer0() interrupt 1
  10          {
  11   1        x=~x;
  12   1      }
  13           
  14           void main()
  15           {
  16   1         signed int i;
  17   1         TH0=256-3;
  18   1         TL0=256-3;
  19   1         EA=1;
  20   1         ET0=1;
  21   1         TMOD=0X06;
  22   1         TR0=1;
  23   1        while(1)
  24   1        {
  25   2          if(x==0)
  26   2          {
  27   3          
  28   3          led=~wtf[i];
  29   3          deplay_10us(20000); 
  30   3          if(i>7)  i=0; else i++;
  31   3          }
  32   2          else
  33   2          {
  34   3          led=~wtf[i];
  35   3          deplay_10us(20000); 
  36   3          if(i<1) i=7;else i--;
  37   3          }
  38   2        }
  39   1         while(1);
  40   1      }


MODULE INFORMATION:   STATIC OVERLAYABLE
   CODE SIZE        =    118    ----
   CONSTANT SIZE    =     16    ----
   XDATA SIZE       =   ----    ----
   PDATA SIZE       =   ----    ----
   DATA SIZE        =   ----    ----
   IDATA SIZE       =   ----    ----
   BIT SIZE         =      1    ----
END OF MODULE INFORMATION.


C51 COMPILATION COMPLETE.  0 WARNING(S),  0 ERROR(S)
