C51 COMPILER V9.50.0.0   LED_FOR                                                           09/30/2015 10:16:13 PAGE 1   


C51 COMPILER V9.50.0.0, COMPILATION OF MODULE LED_FOR
OBJECT MODULE PLACED IN LED_for.OBJ
COMPILER INVOKED BY: C:\Keil\C51\BIN\C51.EXE LED_for.c BROWSE DEBUG OBJECTEXTEND TABS(2)

line level    source

   1          #include <reg52.h>
   2          void deplay_10us(unsigned int time)
   3          {
   4   1        while(time>0) time--;
   5   1      }
   6          void main(void)
   7          {
   8   1        while(1)
   9   1        {
  10   2          int i,temp;
  11   2          temp=0xFF;
  12   2          for(i=1;i<10;i++)
  13   2          {
  14   3          P0=temp;
  15   3          deplay_10us(10000);
  16   3          temp=temp>>1;
  17   3          }   
  18   2          for(i=1;i<10;i++)
  19   2          {
  20   3          P0=temp;
  21   3          deplay_10us(10000);
  22   3          temp=temp<<1;
  23   3          }
  24   2        }
  25   1      }
  26            


MODULE INFORMATION:   STATIC OVERLAYABLE
   CODE SIZE        =    113    ----
   CONSTANT SIZE    =   ----    ----
   XDATA SIZE       =   ----    ----
   PDATA SIZE       =   ----    ----
   DATA SIZE        =   ----       4
   IDATA SIZE       =   ----    ----
   BIT SIZE         =   ----    ----
END OF MODULE INFORMATION.


C51 COMPILATION COMPLETE.  0 WARNING(S),  0 ERROR(S)
