C51 COMPILER V9.50.0.0   INTERRUPT                                                         05/04/2016 10:13:06 PAGE 1   


C51 COMPILER V9.50.0.0, COMPILATION OF MODULE INTERRUPT
OBJECT MODULE PLACED IN Interrupt.OBJ
COMPILER INVOKED BY: C:\Keil\C51\BIN\C51.EXE Interrupt.c BROWSE DEBUG OBJECTEXTEND TABS(2)

line level    source

   1          #include<regx52.h>
   2          bit dir;
   3          unsigned char led;
   4          void deplay(unsigned int t)
   5          { while(t>0) t--; }
   6          
   7          void ext0() interrupt 0
   8            {
   9   1          char i;
  10   1          for(i=0;i<5;i++)
  11   1          {
  12   2            P0=0; deplay(20000);
  13   2            P0=0xff;  deplay(20000);
  14   2          }
  15   1      
  16   1        }
  17            
  18          void main()
  19          {
  20   1          
  21   1          led=1;
  22   1          dir=0;
  23   1          EX0=1;
  24   1          EA=1;
  25   1          IT0=1;
  26   1          while(P3_0==0)
  27   1          {
  28   2            P0=~led;
  29   2            deplay(1000);
  30   2            if (dir==0) led<<=1;
  31   2            else led=led>>1;
  32   2            if (led==0x80) dir=1;
  33   2            if (led==1) dir=0;
  34   2          }
  35   1      }


MODULE INFORMATION:   STATIC OVERLAYABLE
   CODE SIZE        =    125    ----
   CONSTANT SIZE    =   ----    ----
   XDATA SIZE       =   ----    ----
   PDATA SIZE       =   ----    ----
   DATA SIZE        =      1    ----
   IDATA SIZE       =   ----    ----
   BIT SIZE         =      1    ----
END OF MODULE INFORMATION.


C51 COMPILATION COMPLETE.  0 WARNING(S),  0 ERROR(S)
