Analysis & Synthesis report for 4xLED
Thu Nov 12 12:12:53 2015
Quartus II 64-Bit Version 13.0.1 Build 232 06/12/2013 Service Pack 1 SJ Full Version


---------------------
; Table of Contents ;
---------------------
  1. Legal Notice
  2. Analysis & Synthesis Summary
  3. Analysis & Synthesis Settings
  4. Parallel Compilation
  5. Analysis & Synthesis Source Files Read
  6. Analysis & Synthesis Resource Usage Summary
  7. Analysis & Synthesis Resource Utilization by Entity
  8. General Register Statistics
  9. Analysis & Synthesis Messages



----------------
; Legal Notice ;
----------------
Copyright (C) 1991-2013 Altera Corporation
Your use of Altera Corporation's design tools, logic functions 
and other software and tools, and its AMPP partner logic 
functions, and any output files from any of the foregoing 
(including device programming or simulation files), and any 
associated documentation or information are expressly subject 
to the terms and conditions of the Altera Program License 
Subscription Agreement, Altera MegaCore Function License 
Agreement, or other applicable license agreement, including, 
without limitation, that your use is for the sole purpose of 
programming logic devices manufactured by Altera and sold by 
Altera or its authorized distributors.  Please refer to the 
applicable agreement for further details.



+--------------------------------------------------------------------------------+
; Analysis & Synthesis Summary                                                   ;
+-----------------------------+--------------------------------------------------+
; Analysis & Synthesis Status ; Successful - Thu Nov 12 12:12:53 2015            ;
; Quartus II 64-Bit Version   ; 13.0.1 Build 232 06/12/2013 SP 1 SJ Full Version ;
; Revision Name               ; 4xLED                                            ;
; Top-level Entity Name       ; 4xLED                                            ;
; Family                      ; MAX II                                           ;
; Total logic elements        ; 69                                               ;
; Total pins                  ; 12                                               ;
; Total virtual pins          ; 0                                                ;
; UFM blocks                  ; 0 / 1 ( 0 % )                                    ;
+-----------------------------+--------------------------------------------------+


+----------------------------------------------------------------------------------------------------------------------+
; Analysis & Synthesis Settings                                                                                        ;
+----------------------------------------------------------------------------+--------------------+--------------------+
; Option                                                                     ; Setting            ; Default Value      ;
+----------------------------------------------------------------------------+--------------------+--------------------+
; Device                                                                     ; EPM570T144C5       ;                    ;
; Top-level entity name                                                      ; 4xLED              ; 4xLED              ;
; Family name                                                                ; MAX II             ; Cyclone IV GX      ;
; Use smart compilation                                                      ; Off                ; Off                ;
; Enable parallel Assembler and TimeQuest Timing Analyzer during compilation ; On                 ; On                 ;
; Enable compact report table                                                ; Off                ; Off                ;
; Restructure Multiplexers                                                   ; Auto               ; Auto               ;
; Create Debugging Nodes for IP Cores                                        ; Off                ; Off                ;
; Preserve fewer node names                                                  ; On                 ; On                 ;
; Disable OpenCore Plus hardware evaluation                                  ; Off                ; Off                ;
; Verilog Version                                                            ; Verilog_2001       ; Verilog_2001       ;
; VHDL Version                                                               ; VHDL_1993          ; VHDL_1993          ;
; State Machine Processing                                                   ; Auto               ; Auto               ;
; Safe State Machine                                                         ; Off                ; Off                ;
; Extract Verilog State Machines                                             ; On                 ; On                 ;
; Extract VHDL State Machines                                                ; On                 ; On                 ;
; Ignore Verilog initial constructs                                          ; Off                ; Off                ;
; Iteration limit for constant Verilog loops                                 ; 5000               ; 5000               ;
; Iteration limit for non-constant Verilog loops                             ; 250                ; 250                ;
; Add Pass-Through Logic to Inferred RAMs                                    ; On                 ; On                 ;
; Infer RAMs from Raw Logic                                                  ; On                 ; On                 ;
; Parallel Synthesis                                                         ; On                 ; On                 ;
; NOT Gate Push-Back                                                         ; On                 ; On                 ;
; Power-Up Don't Care                                                        ; On                 ; On                 ;
; Remove Redundant Logic Cells                                               ; Off                ; Off                ;
; Remove Duplicate Registers                                                 ; On                 ; On                 ;
; Ignore CARRY Buffers                                                       ; Off                ; Off                ;
; Ignore CASCADE Buffers                                                     ; Off                ; Off                ;
; Ignore GLOBAL Buffers                                                      ; Off                ; Off                ;
; Ignore ROW GLOBAL Buffers                                                  ; Off                ; Off                ;
; Ignore LCELL Buffers                                                       ; Off                ; Off                ;
; Ignore SOFT Buffers                                                        ; On                 ; On                 ;
; Limit AHDL Integers to 32 Bits                                             ; Off                ; Off                ;
; Optimization Technique                                                     ; Balanced           ; Balanced           ;
; Carry Chain Length                                                         ; 70                 ; 70                 ;
; Auto Carry Chains                                                          ; On                 ; On                 ;
; Auto Open-Drain Pins                                                       ; On                 ; On                 ;
; Perform WYSIWYG Primitive Resynthesis                                      ; Off                ; Off                ;
; Auto Shift Register Replacement                                            ; Auto               ; Auto               ;
; Allow Shift Register Merging across Hierarchies                            ; Auto               ; Auto               ;
; Auto Clock Enable Replacement                                              ; On                 ; On                 ;
; Allow Synchronous Control Signals                                          ; On                 ; On                 ;
; Force Use of Synchronous Clear Signals                                     ; Off                ; Off                ;
; Auto Resource Sharing                                                      ; Off                ; Off                ;
; Use LogicLock Constraints during Resource Balancing                        ; On                 ; On                 ;
; Ignore translate_off and synthesis_off directives                          ; Off                ; Off                ;
; Report Parameter Settings                                                  ; On                 ; On                 ;
; Report Source Assignments                                                  ; On                 ; On                 ;
; Report Connectivity Checks                                                 ; On                 ; On                 ;
; Ignore Maximum Fan-Out Assignments                                         ; Off                ; Off                ;
; Synchronization Register Chain Length                                      ; 2                  ; 2                  ;
; PowerPlay Power Optimization                                               ; Normal compilation ; Normal compilation ;
; HDL message level                                                          ; Level2             ; Level2             ;
; Suppress Register Optimization Related Messages                            ; Off                ; Off                ;
; Number of Removed Registers Reported in Synthesis Report                   ; 5000               ; 5000               ;
; Number of Swept Nodes Reported in Synthesis Report                         ; 5000               ; 5000               ;
; Number of Inverted Registers Reported in Synthesis Report                  ; 100                ; 100                ;
; Clock MUX Protection                                                       ; On                 ; On                 ;
; Block Design Naming                                                        ; Auto               ; Auto               ;
; Synthesis Effort                                                           ; Auto               ; Auto               ;
; Shift Register Replacement - Allow Asynchronous Clear Signal               ; On                 ; On                 ;
; Pre-Mapping Resynthesis Optimization                                       ; Off                ; Off                ;
; Analysis & Synthesis Message Level                                         ; Medium             ; Medium             ;
; Disable Register Merging Across Hierarchies                                ; Auto               ; Auto               ;
; Synthesis Seed                                                             ; 1                  ; 1                  ;
+----------------------------------------------------------------------------+--------------------+--------------------+


+------------------------------------------+
; Parallel Compilation                     ;
+----------------------------+-------------+
; Processors                 ; Number      ;
+----------------------------+-------------+
; Number detected on machine ; 8           ;
; Maximum allowed            ; 4           ;
;                            ;             ;
; Average used               ; 1.00        ;
; Maximum used               ; 1           ;
;                            ;             ;
; Usage by Processor         ; % Time Used ;
;     Processor 1            ; 100.0%      ;
;     Processors 2-8         ;   0.0%      ;
+----------------------------+-------------+


+--------------------------------------------------------------------------------------------------------------------------------------------------------------------------+
; Analysis & Synthesis Source Files Read                                                                                                                                   ;
+----------------------------------+-----------------+------------------------------------------+----------------------------------------------------------------+---------+
; File Name with User-Entered Path ; Used in Netlist ; File Type                                ; File Name with Absolute Path                                   ; Library ;
+----------------------------------+-----------------+------------------------------------------+----------------------------------------------------------------+---------+
; 4xLED.bdf                        ; yes             ; User Block Diagram/Schematic File        ; C:/Users/user/Desktop/1041112/4xLED.bdf                        ;         ;
; Full_Adder.bdf                   ; yes             ; User Block Diagram/Schematic File        ; C:/Users/user/Desktop/1041112/Full_Adder.bdf                   ;         ;
; 4xled_mod.bdf                    ; yes             ; Auto-Found Block Diagram/Schematic File  ; C:/Users/user/Desktop/1041112/4xled_mod.bdf                    ;         ;
; 7448.bdf                         ; yes             ; Megafunction                             ; c:/altera/13.0sp1/quartus/libraries/others/maxplus2/7448.bdf   ;         ;
; 74153.bdf                        ; yes             ; Megafunction                             ; c:/altera/13.0sp1/quartus/libraries/others/maxplus2/74153.bdf  ;         ;
; 74393m.bdf                       ; yes             ; Megafunction                             ; c:/altera/13.0sp1/quartus/libraries/others/maxplus2/74393m.bdf ;         ;
; 74139m.bdf                       ; yes             ; Megafunction                             ; c:/altera/13.0sp1/quartus/libraries/others/maxplus2/74139m.bdf ;         ;
; div20m.bdf                       ; yes             ; Auto-Found Block Diagram/Schematic File  ; C:/Users/user/Desktop/1041112/div20m.bdf                       ;         ;
; 74390.bdf                        ; yes             ; Megafunction                             ; c:/altera/13.0sp1/quartus/libraries/others/maxplus2/74390.bdf  ;         ;
+----------------------------------+-----------------+------------------------------------------+----------------------------------------------------------------+---------+


+------------------------------------------------------------------------------+
; Analysis & Synthesis Resource Usage Summary                                  ;
+---------------------------------------------+--------------------------------+
; Resource                                    ; Usage                          ;
+---------------------------------------------+--------------------------------+
; Total logic elements                        ; 69                             ;
;     -- Combinational with no register       ; 34                             ;
;     -- Register only                        ; 0                              ;
;     -- Combinational with a register        ; 35                             ;
;                                             ;                                ;
; Logic element usage by number of LUT inputs ;                                ;
;     -- 4 input functions                    ; 22                             ;
;     -- 3 input functions                    ; 10                             ;
;     -- 2 input functions                    ; 13                             ;
;     -- 1 input functions                    ; 24                             ;
;     -- 0 input functions                    ; 0                              ;
;                                             ;                                ;
; Logic elements by mode                      ;                                ;
;     -- normal mode                          ; 69                             ;
;     -- arithmetic mode                      ; 0                              ;
;     -- qfbk mode                            ; 0                              ;
;     -- register cascade mode                ; 0                              ;
;     -- synchronous clear/load mode          ; 0                              ;
;     -- asynchronous clear/load mode         ; 0                              ;
;                                             ;                                ;
; Total registers                             ; 35                             ;
; I/O pins                                    ; 12                             ;
; Maximum fan-out node                        ; 4xLED_mod:inst3|74393m:inst8|1 ;
; Maximum fan-out                             ; 19                             ;
; Total fan-out                               ; 214                            ;
; Average fan-out                             ; 2.64                           ;
+---------------------------------------------+--------------------------------+


+--------------------------------------------------------------------------------------------------------------------------------------------------------------------------------------------------------------------------------------+
; Analysis & Synthesis Resource Utilization by Entity                                                                                                                                                                                  ;
+----------------------------+-------------+--------------+------------+------+--------------+--------------+-------------------+------------------+-----------------+------------+-------------------------------------+--------------+
; Compilation Hierarchy Node ; Logic Cells ; LC Registers ; UFM Blocks ; Pins ; Virtual Pins ; LUT-Only LCs ; Register-Only LCs ; LUT/Register LCs ; Carry Chain LCs ; Packed LCs ; Full Hierarchy Name                 ; Library Name ;
+----------------------------+-------------+--------------+------------+------+--------------+--------------+-------------------+------------------+-----------------+------------+-------------------------------------+--------------+
; |4xLED                     ; 69 (0)      ; 35           ; 0          ; 12   ; 0            ; 34 (0)       ; 0 (0)             ; 35 (0)           ; 0 (0)           ; 0 (0)      ; |4xLED                              ; work         ;
;    |4xLED_mod:inst3|       ; 27 (0)      ; 2            ; 0          ; 0    ; 0            ; 25 (0)       ; 0 (0)             ; 2 (0)            ; 0 (0)           ; 0 (0)      ; |4xLED|4xLED_mod:inst3              ; work         ;
;       |74139m:inst5|       ; 4 (4)       ; 0            ; 0          ; 0    ; 0            ; 4 (4)        ; 0 (0)             ; 0 (0)            ; 0 (0)           ; 0 (0)      ; |4xLED|4xLED_mod:inst3|74139m:inst5 ; work         ;
;       |74153:inst2|        ; 3 (3)       ; 0            ; 0          ; 0    ; 0            ; 3 (3)        ; 0 (0)             ; 0 (0)            ; 0 (0)           ; 0 (0)      ; |4xLED|4xLED_mod:inst3|74153:inst2  ; work         ;
;       |74153:inst3|        ; 2 (2)       ; 0            ; 0          ; 0    ; 0            ; 2 (2)        ; 0 (0)             ; 0 (0)            ; 0 (0)           ; 0 (0)      ; |4xLED|4xLED_mod:inst3|74153:inst3  ; work         ;
;       |74393m:inst8|       ; 2 (2)       ; 2            ; 0          ; 0    ; 0            ; 0 (0)        ; 0 (0)             ; 2 (2)            ; 0 (0)           ; 0 (0)      ; |4xLED|4xLED_mod:inst3|74393m:inst8 ; work         ;
;       |7448:inst|          ; 16 (16)     ; 0            ; 0          ; 0    ; 0            ; 16 (16)      ; 0 (0)             ; 0 (0)            ; 0 (0)           ; 0 (0)      ; |4xLED|4xLED_mod:inst3|7448:inst    ; work         ;
;    |74393m:inst|           ; 4 (4)       ; 4            ; 0          ; 0    ; 0            ; 0 (0)        ; 0 (0)             ; 4 (4)            ; 0 (0)           ; 0 (0)      ; |4xLED|74393m:inst                  ; work         ;
;    |DIV20M:inst5|          ; 36 (0)      ; 29           ; 0          ; 0    ; 0            ; 7 (0)        ; 0 (0)             ; 29 (0)           ; 0 (0)           ; 0 (0)      ; |4xLED|DIV20M:inst5                 ; work         ;
;       |74390:inst11|       ; 10 (10)     ; 8            ; 0          ; 0    ; 0            ; 2 (2)        ; 0 (0)             ; 8 (8)            ; 0 (0)           ; 0 (0)      ; |4xLED|DIV20M:inst5|74390:inst11    ; work         ;
;       |74390:inst13|       ; 6 (6)       ; 5            ; 0          ; 0    ; 0            ; 1 (1)        ; 0 (0)             ; 5 (5)            ; 0 (0)           ; 0 (0)      ; |4xLED|DIV20M:inst5|74390:inst13    ; work         ;
;       |74390:inst9|        ; 10 (10)     ; 8            ; 0          ; 0    ; 0            ; 2 (2)        ; 0 (0)             ; 8 (8)            ; 0 (0)           ; 0 (0)      ; |4xLED|DIV20M:inst5|74390:inst9     ; work         ;
;       |74390:inst|         ; 10 (10)     ; 8            ; 0          ; 0    ; 0            ; 2 (2)        ; 0 (0)             ; 8 (8)            ; 0 (0)           ; 0 (0)      ; |4xLED|DIV20M:inst5|74390:inst      ; work         ;
;    |Full_Adder:inst8|      ; 2 (2)       ; 0            ; 0          ; 0    ; 0            ; 2 (2)        ; 0 (0)             ; 0 (0)            ; 0 (0)           ; 0 (0)      ; |4xLED|Full_Adder:inst8             ; work         ;
+----------------------------+-------------+--------------+------------+------+--------------+--------------+-------------------+------------------+-----------------+------------+-------------------------------------+--------------+
Note: For table entries with two numbers listed, the numbers in parentheses indicate the number of resources of the given type used by the specific entity alone. The numbers listed outside of parentheses indicate the total resources of the given type used by the specific entity and all of its sub-entities in the hierarchy.


+------------------------------------------------------+
; General Register Statistics                          ;
+----------------------------------------------+-------+
; Statistic                                    ; Value ;
+----------------------------------------------+-------+
; Total registers                              ; 35    ;
; Number of registers using Synchronous Clear  ; 0     ;
; Number of registers using Synchronous Load   ; 0     ;
; Number of registers using Asynchronous Clear ; 0     ;
; Number of registers using Asynchronous Load  ; 0     ;
; Number of registers using Clock Enable       ; 0     ;
; Number of registers using Preset             ; 0     ;
+----------------------------------------------+-------+


+-------------------------------+
; Analysis & Synthesis Messages ;
+-------------------------------+
Info: *******************************************************************
Info: Running Quartus II 64-Bit Analysis & Synthesis
    Info: Version 13.0.1 Build 232 06/12/2013 Service Pack 1 SJ Full Version
    Info: Processing started: Thu Nov 12 12:12:52 2015
Info: Command: quartus_map --read_settings_files=on --write_settings_files=off 4xLED -c 4xLED
Info (11104): Parallel Compilation has detected 8 hyper-threaded processors. However, the extra hyper-threaded processors will not be used by default. Parallel Compilation will use 4 of the 4 physical processors detected instead.
Info (12021): Found 1 design units, including 1 entities, in source file 4xled.bdf
    Info (12023): Found entity 1: 4xLED
Info (12021): Found 1 design units, including 1 entities, in source file full_adder.bdf
    Info (12023): Found entity 1: Full_Adder
Info (12127): Elaborating entity "4xLED" for the top level hierarchy
Warning (12125): Using design file 4xled_mod.bdf, which is not specified as a design file for the current project, but contains definitions for 1 design units and 1 entities in project
    Info (12023): Found entity 1: 4xLED_mod
Info (12128): Elaborating entity "4xLED_mod" for hierarchy "4xLED_mod:inst3"
Info (12128): Elaborating entity "7448" for hierarchy "4xLED_mod:inst3|7448:inst"
Info (12130): Elaborated megafunction instantiation "4xLED_mod:inst3|7448:inst"
Info (12128): Elaborating entity "74153" for hierarchy "4xLED_mod:inst3|74153:inst2"
Info (12130): Elaborated megafunction instantiation "4xLED_mod:inst3|74153:inst2"
Info (12128): Elaborating entity "74393M" for hierarchy "4xLED_mod:inst3|74393M:inst8"
Info (12130): Elaborated megafunction instantiation "4xLED_mod:inst3|74393M:inst8"
Info (12128): Elaborating entity "74139M" for hierarchy "4xLED_mod:inst3|74139M:inst5"
Info (12130): Elaborated megafunction instantiation "4xLED_mod:inst3|74139M:inst5"
Info (12128): Elaborating entity "Full_Adder" for hierarchy "Full_Adder:inst7"
Warning (12125): Using design file div20m.bdf, which is not specified as a design file for the current project, but contains definitions for 1 design units and 1 entities in project
    Info (12023): Found entity 1: DIV20M
Info (12128): Elaborating entity "DIV20M" for hierarchy "DIV20M:inst5"
Info (12128): Elaborating entity "74390" for hierarchy "DIV20M:inst5|74390:inst13"
Info (12130): Elaborated megafunction instantiation "DIV20M:inst5|74390:inst13"
Info (21057): Implemented 81 device resources after synthesis - the final resource count might be different
    Info (21058): Implemented 1 input pins
    Info (21059): Implemented 11 output pins
    Info (21061): Implemented 69 logic cells
Info: Quartus II 64-Bit Analysis & Synthesis was successful. 0 errors, 2 warnings
    Info: Peak virtual memory: 434 megabytes
    Info: Processing ended: Thu Nov 12 12:12:53 2015
    Info: Elapsed time: 00:00:01
    Info: Total CPU time (on all processors): 00:00:01


