C51 COMPILER V9.50.0.0   1041118                                                           01/06/2016 09:32:12 PAGE 1   


C51 COMPILER V9.50.0.0, COMPILATION OF MODULE 1041118
OBJECT MODULE PLACED IN 1041118.OBJ
COMPILER INVOKED BY: C:\Keil\C51\BIN\C51.EXE 1041118.c BROWSE DEBUG OBJECTEXTEND TABS(2)

line level    source

   1          #include <regx52.h>
   2          #define LED P0
   3          #define SEG7 P2
   4          #define PB P3_2
   5          #define PB1 P3_3
   6          code wtf[]={1,2,4,8,16,32,64,128};
   7          void deplay(int t)
   8          {while(t>0) t--; }
   9          
  10          int main()
  11          {
  12   1        char cnt;
  13   1        PB=PB1=1;
  14   1      
  15   1        while(1)
  16   1        {
  17   2      
  18   2          if(PB==0)
  19   2          {
  20   3          deplay(2000);
  21   3          if(PB==1)
  22   3          {
  23   4          deplay(2000);
  24   4                  while(1)
  25   4            {
  26   5            for(cnt=0;cnt<8;cnt++)
  27   5            {
  28   6              LED=~wtf[cnt];
  29   6              deplay(10000);
  30   6            }
  31   5            }
  32   4          }
  33   3        }
  34   2            
  35   2          if(PB1==0)
  36   2          {
  37   3          deplay(2000);
  38   3          if(PB==1)
  39   3          {
  40   4          deplay(2000);
  41   4            while(1)
  42   4            {
  43   5            for(cnt=7;cnt>=0;cnt--)
  44   5            {
  45   6              LED=~wtf[cnt];
  46   6              deplay(10000);
  47   6            }
  48   5            } 
  49   4          }
  50   3          }
  51   2        }
  52   1      }


MODULE INFORMATION:   STATIC OVERLAYABLE
C51 COMPILER V9.50.0.0   1041118                                                           01/06/2016 09:32:12 PAGE 2   

   CODE SIZE        =    123    ----
   CONSTANT SIZE    =     16    ----
   XDATA SIZE       =   ----    ----
   PDATA SIZE       =   ----    ----
   DATA SIZE        =   ----    ----
   IDATA SIZE       =   ----    ----
   BIT SIZE         =   ----    ----
END OF MODULE INFORMATION.


C51 COMPILATION COMPLETE.  0 WARNING(S),  0 ERROR(S)
